[0.845s] Invoking command in '/home/arjoe/ros_ws/src/py_srvcli': PYTHONPATH=/home/arjoe/ros_ws/build/py_srvcli/prefix_override:/home/arjoe/ros_ws/install/py_srvcli/lib/python3.10/site-packages:${PYTHONPATH} /usr/bin/python3 -W ignore:setup.py install is deprecated setup.py egg_info --egg-base ../../build/py_srvcli build --build-base /home/arjoe/ros_ws/build/py_srvcli/build install --record /home/arjoe/ros_ws/build/py_srvcli/install.log --single-version-externally-managed install_data
[1.142s] running egg_info
[1.143s] writing ../../build/py_srvcli/py_srvcli.egg-info/PKG-INFO
[1.143s] writing dependency_links to ../../build/py_srvcli/py_srvcli.egg-info/dependency_links.txt
[1.143s] writing entry points to ../../build/py_srvcli/py_srvcli.egg-info/entry_points.txt
[1.143s] writing requirements to ../../build/py_srvcli/py_srvcli.egg-info/requires.txt
[1.143s] writing top-level names to ../../build/py_srvcli/py_srvcli.egg-info/top_level.txt
[1.146s] reading manifest file '../../build/py_srvcli/py_srvcli.egg-info/SOURCES.txt'
[1.147s] writing manifest file '../../build/py_srvcli/py_srvcli.egg-info/SOURCES.txt'
[1.147s] running build
[1.147s] running build_py
[1.148s] copying py_srvcli/aruco_service.py -> /home/arjoe/ros_ws/build/py_srvcli/build/lib/py_srvcli
[1.149s] running install
[1.149s] running install_lib
[1.150s] copying /home/arjoe/ros_ws/build/py_srvcli/build/lib/py_srvcli/aruco_service.py -> /home/arjoe/ros_ws/install/py_srvcli/lib/python3.10/site-packages/py_srvcli
[1.151s] byte-compiling /home/arjoe/ros_ws/install/py_srvcli/lib/python3.10/site-packages/py_srvcli/aruco_service.py to aruco_service.cpython-310.pyc
[1.153s] running install_data
[1.153s] running install_egg_info
[1.156s] removing '/home/arjoe/ros_ws/install/py_srvcli/lib/python3.10/site-packages/py_srvcli-0.0.0-py3.10.egg-info' (and everything under it)
[1.157s] Copying ../../build/py_srvcli/py_srvcli.egg-info to /home/arjoe/ros_ws/install/py_srvcli/lib/python3.10/site-packages/py_srvcli-0.0.0-py3.10.egg-info
[1.158s] running install_scripts
[1.182s] Installing aruco_client script to /home/arjoe/ros_ws/install/py_srvcli/lib/py_srvcli
[1.182s] Installing aruco_service script to /home/arjoe/ros_ws/install/py_srvcli/lib/py_srvcli
[1.182s] Installing client script to /home/arjoe/ros_ws/install/py_srvcli/lib/py_srvcli
[1.182s] Installing client3 script to /home/arjoe/ros_ws/install/py_srvcli/lib/py_srvcli
[1.183s] Installing publisher script to /home/arjoe/ros_ws/install/py_srvcli/lib/py_srvcli
[1.183s] Installing server script to /home/arjoe/ros_ws/install/py_srvcli/lib/py_srvcli
[1.183s] Installing server3 script to /home/arjoe/ros_ws/install/py_srvcli/lib/py_srvcli
[1.183s] Installing subscriber script to /home/arjoe/ros_ws/install/py_srvcli/lib/py_srvcli
[1.183s] writing list of installed files to '/home/arjoe/ros_ws/build/py_srvcli/install.log'
[1.213s] Invoked command in '/home/arjoe/ros_ws/src/py_srvcli' returned '0': PYTHONPATH=/home/arjoe/ros_ws/build/py_srvcli/prefix_override:/home/arjoe/ros_ws/install/py_srvcli/lib/python3.10/site-packages:${PYTHONPATH} /usr/bin/python3 -W ignore:setup.py install is deprecated setup.py egg_info --egg-base ../../build/py_srvcli build --build-base /home/arjoe/ros_ws/build/py_srvcli/build install --record /home/arjoe/ros_ws/build/py_srvcli/install.log --single-version-externally-managed install_data
