[0.357s] Invoking command in '/home/arjoe/ros_ws/src/py_srvcli': PYTHONPATH=/home/arjoe/ros_ws/build/py_srvcli/prefix_override:/home/arjoe/ros_ws/install/py_srvcli/lib/python3.10/site-packages:${PYTHONPATH} /usr/bin/python3 -W ignore:setup.py install is deprecated setup.py egg_info --egg-base ../../build/py_srvcli build --build-base /home/arjoe/ros_ws/build/py_srvcli/build install --record /home/arjoe/ros_ws/build/py_srvcli/install.log --single-version-externally-managed install_data
[0.497s] running egg_info
[0.498s] writing ../../build/py_srvcli/py_srvcli.egg-info/PKG-INFO
[0.498s] writing dependency_links to ../../build/py_srvcli/py_srvcli.egg-info/dependency_links.txt
[0.498s] writing entry points to ../../build/py_srvcli/py_srvcli.egg-info/entry_points.txt
[0.498s] writing requirements to ../../build/py_srvcli/py_srvcli.egg-info/requires.txt
[0.498s] writing top-level names to ../../build/py_srvcli/py_srvcli.egg-info/top_level.txt
[0.499s] reading manifest file '../../build/py_srvcli/py_srvcli.egg-info/SOURCES.txt'
[0.499s] writing manifest file '../../build/py_srvcli/py_srvcli.egg-info/SOURCES.txt'
[0.499s] running build
[0.499s] running build_py
[0.499s] running install
[0.500s] running install_lib
[0.501s] running install_data
[0.501s] running install_egg_info
[0.502s] removing '/home/arjoe/ros_ws/install/py_srvcli/lib/python3.10/site-packages/py_srvcli-0.0.0-py3.10.egg-info' (and everything under it)
[0.502s] Copying ../../build/py_srvcli/py_srvcli.egg-info to /home/arjoe/ros_ws/install/py_srvcli/lib/python3.10/site-packages/py_srvcli-0.0.0-py3.10.egg-info
[0.502s] running install_scripts
[0.514s] Installing client script to /home/arjoe/ros_ws/install/py_srvcli/lib/py_srvcli
[0.514s] Installing publisher script to /home/arjoe/ros_ws/install/py_srvcli/lib/py_srvcli
[0.514s] Installing server script to /home/arjoe/ros_ws/install/py_srvcli/lib/py_srvcli
[0.514s] Installing subscriber script to /home/arjoe/ros_ws/install/py_srvcli/lib/py_srvcli
[0.514s] writing list of installed files to '/home/arjoe/ros_ws/build/py_srvcli/install.log'
[0.531s] Invoked command in '/home/arjoe/ros_ws/src/py_srvcli' returned '0': PYTHONPATH=/home/arjoe/ros_ws/build/py_srvcli/prefix_override:/home/arjoe/ros_ws/install/py_srvcli/lib/python3.10/site-packages:${PYTHONPATH} /usr/bin/python3 -W ignore:setup.py install is deprecated setup.py egg_info --egg-base ../../build/py_srvcli build --build-base /home/arjoe/ros_ws/build/py_srvcli/build install --record /home/arjoe/ros_ws/build/py_srvcli/install.log --single-version-externally-managed install_data
