[0.014s] Invoking command in '/home/arjoe/ros_ws/build/tutorial_interfaces': CMAKE_PREFIX_PATH=${CMAKE_PREFIX_PATH}:/home/arjoe/ros_ws/install/py_srvcli:/home/arjoe/erc_ws/install/week1_tutorials:/home/arjoe/erc_ws/install/week0_tutorials:/home/arjoe/erc_ws/install/task1:/home/arjoe/erc_ws/install/sherlock:/home/arjoe/erc_ws/install/mrs_hudson:/home/arjoe/erc_ws/src/week1_tutorials/install/week1_tutorials:/opt/ros/humble /usr/bin/cmake /home/arjoe/ros_ws/src/tutorial_interfaces -DCMAKE_INSTALL_PREFIX=/home/arjoe/ros_ws/install/tutorial_interfaces
[0.092s] -- The C compiler identification is GNU 11.4.0
[0.173s] -- The CXX compiler identification is GNU 11.4.0
[0.185s] -- Detecting C compiler ABI info
[0.276s] -- Detecting C compiler ABI info - done
[0.287s] -- Check for working C compiler: /usr/bin/cc - skipped
[0.288s] -- Detecting C compile features
[0.289s] -- Detecting C compile features - done
[0.293s] -- Detecting CXX compiler ABI info
[0.400s] -- Detecting CXX compiler ABI info - done
[0.412s] -- Check for working CXX compiler: /usr/bin/c++ - skipped
[0.413s] -- Detecting CXX compile features
[0.413s] -- Detecting CXX compile features - done
[0.422s] -- Found ament_cmake: 1.3.8 (/opt/ros/humble/share/ament_cmake/cmake)
[0.697s] -- Found Python3: /usr/bin/python3 (found version "3.10.12") found components: Interpreter 
[0.873s] -- Found ament_lint_auto: 0.12.10 (/opt/ros/humble/share/ament_lint_auto/cmake)
[1.015s] -- Found geometry_msgs: 4.2.3 (/opt/ros/humble/share/geometry_msgs/cmake)
[1.092s] -- Found rosidl_generator_c: 3.1.5 (/opt/ros/humble/share/rosidl_generator_c/cmake)
[1.100s] -- Found rosidl_adapter: 3.1.5 (/opt/ros/humble/share/rosidl_adapter/cmake)
[1.118s] -- Found rosidl_generator_cpp: 3.1.5 (/opt/ros/humble/share/rosidl_generator_cpp/cmake)
[1.143s] -- Using all available rosidl_typesupport_c: rosidl_typesupport_fastrtps_c;rosidl_typesupport_introspection_c
[1.179s] -- Using all available rosidl_typesupport_cpp: rosidl_typesupport_fastrtps_cpp;rosidl_typesupport_introspection_cpp
[1.355s] -- Found sensor_msgs: 4.2.3 (/opt/ros/humble/share/sensor_msgs/cmake)
[1.469s] -- Found rosidl_default_generators: 1.2.0 (/opt/ros/humble/share/rosidl_default_generators/cmake)
[1.882s] -- Found ament_cmake_ros: 0.10.0 (/opt/ros/humble/share/ament_cmake_ros/cmake)
[2.557s] -- Using all available rosidl_typesupport_c: rosidl_typesupport_fastrtps_c;rosidl_typesupport_introspection_c
[2.926s] -- Using all available rosidl_typesupport_cpp: rosidl_typesupport_fastrtps_cpp;rosidl_typesupport_introspection_cpp
[2.975s] -- Found PythonInterp: /usr/bin/python3 (found suitable version "3.10.12", minimum required is "3.6") 
[2.979s] -- Found python_cmake_module: 0.10.0 (/opt/ros/humble/share/python_cmake_module/cmake)
[3.019s] -- Found PythonLibs: /usr/lib/x86_64-linux-gnu/libpython3.10.so (found suitable version "3.10.12", minimum required is "3.5") 
[3.019s] -- Using PYTHON_EXECUTABLE: /usr/bin/python3
[3.019s] -- Using PYTHON_INCLUDE_DIRS: /usr/include/python3.10
[3.019s] -- Using PYTHON_LIBRARIES: /usr/lib/x86_64-linux-gnu/libpython3.10.so
[3.053s] -- Found PythonExtra: .so  
[3.157s] -- Added test 'lint_cmake' to check CMake code style
[3.159s] -- Added test 'xmllint' to check XML markup files
[3.167s] -- Configuring done
[3.231s] -- Generating done
[3.238s] -- Build files have been written to: /home/arjoe/ros_ws/build/tutorial_interfaces
[3.259s] Invoked command in '/home/arjoe/ros_ws/build/tutorial_interfaces' returned '0': CMAKE_PREFIX_PATH=${CMAKE_PREFIX_PATH}:/home/arjoe/ros_ws/install/py_srvcli:/home/arjoe/erc_ws/install/week1_tutorials:/home/arjoe/erc_ws/install/week0_tutorials:/home/arjoe/erc_ws/install/task1:/home/arjoe/erc_ws/install/sherlock:/home/arjoe/erc_ws/install/mrs_hudson:/home/arjoe/erc_ws/src/week1_tutorials/install/week1_tutorials:/opt/ros/humble /usr/bin/cmake /home/arjoe/ros_ws/src/tutorial_interfaces -DCMAKE_INSTALL_PREFIX=/home/arjoe/ros_ws/install/tutorial_interfaces
[3.264s] Invoking command in '/home/arjoe/ros_ws/build/tutorial_interfaces': CMAKE_PREFIX_PATH=${CMAKE_PREFIX_PATH}:/home/arjoe/ros_ws/install/py_srvcli:/home/arjoe/erc_ws/install/week1_tutorials:/home/arjoe/erc_ws/install/week0_tutorials:/home/arjoe/erc_ws/install/task1:/home/arjoe/erc_ws/install/sherlock:/home/arjoe/erc_ws/install/mrs_hudson:/home/arjoe/erc_ws/src/week1_tutorials/install/week1_tutorials:/opt/ros/humble /usr/bin/cmake --build /home/arjoe/ros_ws/build/tutorial_interfaces -- -j8 -l8
[3.324s] [  1%] [34m[1mGenerating C code for ROS interfaces[0m
[3.343s] [  3%] [34m[1mGenerating C++ code for ROS interfaces[0m
[3.363s] [  3%] Built target ament_cmake_python_copy_tutorial_interfaces
[3.983s] running egg_info
[3.984s] creating tutorial_interfaces.egg-info
[3.984s] writing tutorial_interfaces.egg-info/PKG-INFO
[3.985s] writing dependency_links to tutorial_interfaces.egg-info/dependency_links.txt
[3.985s] writing top-level names to tutorial_interfaces.egg-info/top_level.txt
[3.985s] writing manifest file 'tutorial_interfaces.egg-info/SOURCES.txt'
[3.989s] reading manifest file 'tutorial_interfaces.egg-info/SOURCES.txt'
[3.990s] writing manifest file 'tutorial_interfaces.egg-info/SOURCES.txt'
[4.049s] [  3%] Built target ament_cmake_python_build_tutorial_interfaces_egg
[4.133s] [  3%] Built target tutorial_interfaces__cpp
[4.164s] [  5%] [34m[1mGenerating C++ type support for eProsima Fast-RTPS[0m
[4.165s] [  7%] [34m[1mGenerating C++ type support dispatch for ROS interfaces[0m
[4.170s] [  9%] [34m[1mGenerating C++ introspection for ROS interfaces[0m
[4.202s] [ 10%] [32mBuilding C object CMakeFiles/tutorial_interfaces__rosidl_generator_c.dir/rosidl_generator_c/tutorial_interfaces/msg/detail/num__functions.c.o[0m
[4.203s] [ 12%] [32mBuilding C object CMakeFiles/tutorial_interfaces__rosidl_generator_c.dir/rosidl_generator_c/tutorial_interfaces/srv/detail/cv_img__functions.c.o[0m
[4.203s] [ 14%] [32mBuilding C object CMakeFiles/tutorial_interfaces__rosidl_generator_c.dir/rosidl_generator_c/tutorial_interfaces/msg/detail/sphere__functions.c.o[0m
[4.206s] [ 16%] [32mBuilding C object CMakeFiles/tutorial_interfaces__rosidl_generator_c.dir/rosidl_generator_c/tutorial_interfaces/srv/detail/add_three_ints__functions.c.o[0m
[4.370s] [ 18%] [32m[1mLinking C shared library libtutorial_interfaces__rosidl_generator_c.so[0m
[4.440s] [ 18%] Built target tutorial_interfaces__rosidl_generator_c
[4.464s] [ 20%] [34m[1mGenerating C type support for eProsima Fast-RTPS[0m
[4.467s] [ 21%] [34m[1mGenerating C introspection for ROS interfaces[0m
[4.470s] [ 23%] [34m[1mGenerating C type support dispatch for ROS interfaces[0m
[4.998s] [ 25%] [32mBuilding CXX object CMakeFiles/tutorial_interfaces__rosidl_typesupport_cpp.dir/rosidl_typesupport_cpp/tutorial_interfaces/srv/add_three_ints__type_support.cpp.o[0m
[5.004s] [ 27%] [32mBuilding CXX object CMakeFiles/tutorial_interfaces__rosidl_typesupport_cpp.dir/rosidl_typesupport_cpp/tutorial_interfaces/msg/sphere__type_support.cpp.o[0m
[5.010s] [ 29%] [32mBuilding CXX object CMakeFiles/tutorial_interfaces__rosidl_typesupport_cpp.dir/rosidl_typesupport_cpp/tutorial_interfaces/msg/num__type_support.cpp.o[0m
[5.394s] [ 30%] [32mBuilding CXX object CMakeFiles/tutorial_interfaces__rosidl_typesupport_introspection_cpp.dir/rosidl_typesupport_introspection_cpp/tutorial_interfaces/msg/detail/num__type_support.cpp.o[0m
[5.463s] [ 32%] [32mBuilding CXX object CMakeFiles/tutorial_interfaces__rosidl_typesupport_c.dir/rosidl_typesupport_c/tutorial_interfaces/msg/num__type_support.cpp.o[0m
[5.541s] [ 34%] [32mBuilding C object CMakeFiles/tutorial_interfaces__rosidl_typesupport_introspection_c.dir/rosidl_typesupport_introspection_c/tutorial_interfaces/msg/detail/num__type_support.c.o[0m
[5.545s] [ 36%] [32mBuilding CXX object CMakeFiles/tutorial_interfaces__rosidl_typesupport_c.dir/rosidl_typesupport_c/tutorial_interfaces/msg/sphere__type_support.cpp.o[0m
[5.569s] [ 38%] [32mBuilding CXX object CMakeFiles/tutorial_interfaces__rosidl_typesupport_fastrtps_cpp.dir/rosidl_typesupport_fastrtps_cpp/tutorial_interfaces/msg/detail/dds_fastrtps/num__type_support.cpp.o[0m
[5.627s] [ 40%] [32mBuilding CXX object CMakeFiles/tutorial_interfaces__rosidl_typesupport_c.dir/rosidl_typesupport_c/tutorial_interfaces/srv/add_three_ints__type_support.cpp.o[0m
[5.646s] [ 41%] [32mBuilding C object CMakeFiles/tutorial_interfaces__rosidl_typesupport_introspection_c.dir/rosidl_typesupport_introspection_c/tutorial_interfaces/msg/detail/sphere__type_support.c.o[0m
[5.728s] [ 43%] [32mBuilding CXX object CMakeFiles/tutorial_interfaces__rosidl_typesupport_c.dir/rosidl_typesupport_c/tutorial_interfaces/srv/cv_img__type_support.cpp.o[0m
[5.741s] [ 45%] [32mBuilding C object CMakeFiles/tutorial_interfaces__rosidl_typesupport_introspection_c.dir/rosidl_typesupport_introspection_c/tutorial_interfaces/srv/detail/add_three_ints__type_support.c.o[0m
[5.777s] [ 47%] [32mBuilding CXX object CMakeFiles/tutorial_interfaces__rosidl_typesupport_fastrtps_c.dir/rosidl_typesupport_fastrtps_c/tutorial_interfaces/msg/detail/num__type_support_c.cpp.o[0m
[5.806s] [ 49%] [32m[1mLinking CXX shared library libtutorial_interfaces__rosidl_typesupport_c.so[0m
[5.837s] [ 50%] [32mBuilding C object CMakeFiles/tutorial_interfaces__rosidl_typesupport_introspection_c.dir/rosidl_typesupport_introspection_c/tutorial_interfaces/srv/detail/cv_img__type_support.c.o[0m
[5.843s] [ 52%] [32mBuilding CXX object CMakeFiles/tutorial_interfaces__rosidl_typesupport_fastrtps_c.dir/rosidl_typesupport_fastrtps_c/tutorial_interfaces/msg/detail/sphere__type_support_c.cpp.o[0m
[5.884s] [ 54%] [32mBuilding CXX object CMakeFiles/tutorial_interfaces__rosidl_typesupport_cpp.dir/rosidl_typesupport_cpp/tutorial_interfaces/srv/cv_img__type_support.cpp.o[0m
[5.910s] [ 56%] [32mBuilding CXX object CMakeFiles/tutorial_interfaces__rosidl_typesupport_fastrtps_c.dir/rosidl_typesupport_fastrtps_c/tutorial_interfaces/srv/detail/add_three_ints__type_support_c.cpp.o[0m
[5.927s] [ 56%] Built target tutorial_interfaces__rosidl_typesupport_c
[5.948s] [ 58%] [32m[1mLinking C shared library libtutorial_interfaces__rosidl_typesupport_introspection_c.so[0m
[5.948s] [ 60%] [32mBuilding CXX object CMakeFiles/tutorial_interfaces__rosidl_typesupport_fastrtps_cpp.dir/rosidl_typesupport_fastrtps_cpp/tutorial_interfaces/msg/detail/dds_fastrtps/sphere__type_support.cpp.o[0m
[6.029s] [ 60%] Built target tutorial_interfaces__rosidl_typesupport_introspection_c
[6.051s] [ 61%] [32mBuilding CXX object CMakeFiles/tutorial_interfaces__rosidl_typesupport_fastrtps_cpp.dir/rosidl_typesupport_fastrtps_cpp/tutorial_interfaces/srv/detail/dds_fastrtps/add_three_ints__type_support.cpp.o[0m
[6.566s] [ 63%] [32mBuilding CXX object CMakeFiles/tutorial_interfaces__rosidl_typesupport_introspection_cpp.dir/rosidl_typesupport_introspection_cpp/tutorial_interfaces/msg/detail/sphere__type_support.cpp.o[0m
[6.667s] [ 65%] [32m[1mLinking CXX shared library libtutorial_interfaces__rosidl_typesupport_cpp.so[0m
[6.745s] [ 67%] [32mBuilding CXX object CMakeFiles/tutorial_interfaces__rosidl_typesupport_fastrtps_cpp.dir/rosidl_typesupport_fastrtps_cpp/tutorial_interfaces/srv/detail/dds_fastrtps/cv_img__type_support.cpp.o[0m
[6.812s] [ 69%] [32mBuilding CXX object CMakeFiles/tutorial_interfaces__rosidl_typesupport_introspection_cpp.dir/rosidl_typesupport_introspection_cpp/tutorial_interfaces/srv/detail/add_three_ints__type_support.cpp.o[0m
[6.820s] [ 69%] Built target tutorial_interfaces__rosidl_typesupport_cpp
[6.821s] [ 70%] [32mBuilding CXX object CMakeFiles/tutorial_interfaces__rosidl_typesupport_fastrtps_c.dir/rosidl_typesupport_fastrtps_c/tutorial_interfaces/srv/detail/cv_img__type_support_c.cpp.o[0m
[6.845s] [ 72%] [32mBuilding CXX object CMakeFiles/tutorial_interfaces__rosidl_typesupport_introspection_cpp.dir/rosidl_typesupport_introspection_cpp/tutorial_interfaces/srv/detail/cv_img__type_support.cpp.o[0m
[7.750s] [ 74%] [32m[1mLinking CXX shared library libtutorial_interfaces__rosidl_typesupport_fastrtps_c.so[0m
[7.774s] [ 76%] [32m[1mLinking CXX shared library libtutorial_interfaces__rosidl_typesupport_introspection_cpp.so[0m
[7.937s] [ 76%] Built target tutorial_interfaces__rosidl_typesupport_introspection_cpp
[7.939s] [ 76%] Built target tutorial_interfaces__rosidl_typesupport_fastrtps_c
[7.963s] [ 78%] [32m[1mLinking CXX shared library libtutorial_interfaces__rosidl_typesupport_fastrtps_cpp.so[0m
[8.068s] [ 78%] Built target tutorial_interfaces__rosidl_typesupport_fastrtps_cpp
[8.098s] [ 78%] Built target tutorial_interfaces
[8.130s] [ 80%] [34m[1mGenerating Python code for ROS interfaces[0m
[8.913s] [ 80%] Built target tutorial_interfaces__py
[8.944s] [ 81%] [32mBuilding C object CMakeFiles/tutorial_interfaces__rosidl_generator_py.dir/rosidl_generator_py/tutorial_interfaces/msg/_num_s.c.o[0m
[8.944s] [ 83%] [32mBuilding C object CMakeFiles/tutorial_interfaces__rosidl_generator_py.dir/rosidl_generator_py/tutorial_interfaces/msg/_sphere_s.c.o[0m
[8.948s] [ 87%] [32mBuilding C object CMakeFiles/tutorial_interfaces__rosidl_generator_py.dir/rosidl_generator_py/tutorial_interfaces/srv/_add_three_ints_s.c.o[0m
[8.948s] [ 87%] [32mBuilding C object CMakeFiles/tutorial_interfaces__rosidl_generator_py.dir/rosidl_generator_py/tutorial_interfaces/srv/_cv_img_s.c.o[0m
[9.189s] [ 89%] [32m[1mLinking C shared library rosidl_generator_py/tutorial_interfaces/libtutorial_interfaces__rosidl_generator_py.so[0m
[9.250s] [ 89%] Built target tutorial_interfaces__rosidl_generator_py
[9.284s] [ 92%] [32mBuilding C object CMakeFiles/tutorial_interfaces__rosidl_typesupport_fastrtps_c__pyext.dir/rosidl_generator_py/tutorial_interfaces/_tutorial_interfaces_s.ep.rosidl_typesupport_fastrtps_c.c.o[0m
[9.284s] [ 92%] [32mBuilding C object CMakeFiles/tutorial_interfaces__rosidl_typesupport_introspection_c__pyext.dir/rosidl_generator_py/tutorial_interfaces/_tutorial_interfaces_s.ep.rosidl_typesupport_introspection_c.c.o[0m
[9.291s] [ 94%] [32mBuilding C object CMakeFiles/tutorial_interfaces__rosidl_typesupport_c__pyext.dir/rosidl_generator_py/tutorial_interfaces/_tutorial_interfaces_s.ep.rosidl_typesupport_c.c.o[0m
[9.494s] [ 96%] [32m[1mLinking C shared library rosidl_generator_py/tutorial_interfaces/tutorial_interfaces_s__rosidl_typesupport_fastrtps_c.cpython-310-x86_64-linux-gnu.so[0m
[9.500s] [ 98%] [32m[1mLinking C shared library rosidl_generator_py/tutorial_interfaces/tutorial_interfaces_s__rosidl_typesupport_c.cpython-310-x86_64-linux-gnu.so[0m
[9.545s] [100%] [32m[1mLinking C shared library rosidl_generator_py/tutorial_interfaces/tutorial_interfaces_s__rosidl_typesupport_introspection_c.cpython-310-x86_64-linux-gnu.so[0m
[9.572s] [100%] Built target tutorial_interfaces__rosidl_typesupport_fastrtps_c__pyext
[9.578s] [100%] Built target tutorial_interfaces__rosidl_typesupport_c__pyext
[9.619s] [100%] Built target tutorial_interfaces__rosidl_typesupport_introspection_c__pyext
[9.635s] Invoked command in '/home/arjoe/ros_ws/build/tutorial_interfaces' returned '0': CMAKE_PREFIX_PATH=${CMAKE_PREFIX_PATH}:/home/arjoe/ros_ws/install/py_srvcli:/home/arjoe/erc_ws/install/week1_tutorials:/home/arjoe/erc_ws/install/week0_tutorials:/home/arjoe/erc_ws/install/task1:/home/arjoe/erc_ws/install/sherlock:/home/arjoe/erc_ws/install/mrs_hudson:/home/arjoe/erc_ws/src/week1_tutorials/install/week1_tutorials:/opt/ros/humble /usr/bin/cmake --build /home/arjoe/ros_ws/build/tutorial_interfaces -- -j8 -l8
[9.790s] Invoking command in '/home/arjoe/ros_ws/build/tutorial_interfaces': CMAKE_PREFIX_PATH=${CMAKE_PREFIX_PATH}:/home/arjoe/ros_ws/install/py_srvcli:/home/arjoe/erc_ws/install/week1_tutorials:/home/arjoe/erc_ws/install/week0_tutorials:/home/arjoe/erc_ws/install/task1:/home/arjoe/erc_ws/install/sherlock:/home/arjoe/erc_ws/install/mrs_hudson:/home/arjoe/erc_ws/src/week1_tutorials/install/week1_tutorials:/opt/ros/humble /usr/bin/cmake --install /home/arjoe/ros_ws/build/tutorial_interfaces
[9.803s] -- Install configuration: ""
[9.803s] -- Installing: /home/arjoe/ros_ws/install/tutorial_interfaces/share/ament_index/resource_index/rosidl_interfaces/tutorial_interfaces
[9.803s] -- Installing: /home/arjoe/ros_ws/install/tutorial_interfaces/include/tutorial_interfaces/tutorial_interfaces
[9.803s] -- Installing: /home/arjoe/ros_ws/install/tutorial_interfaces/include/tutorial_interfaces/tutorial_interfaces/srv
[9.804s] -- Installing: /home/arjoe/ros_ws/install/tutorial_interfaces/include/tutorial_interfaces/tutorial_interfaces/srv/add_three_ints.h
[9.804s] -- Installing: /home/arjoe/ros_ws/install/tutorial_interfaces/include/tutorial_interfaces/tutorial_interfaces/srv/cv_img.h
[9.804s] -- Installing: /home/arjoe/ros_ws/install/tutorial_interfaces/include/tutorial_interfaces/tutorial_interfaces/srv/detail
[9.804s] -- Installing: /home/arjoe/ros_ws/install/tutorial_interfaces/include/tutorial_interfaces/tutorial_interfaces/srv/detail/cv_img__struct.h
[9.804s] -- Installing: /home/arjoe/ros_ws/install/tutorial_interfaces/include/tutorial_interfaces/tutorial_interfaces/srv/detail/cv_img__functions.c
[9.805s] -- Installing: /home/arjoe/ros_ws/install/tutorial_interfaces/include/tutorial_interfaces/tutorial_interfaces/srv/detail/cv_img__functions.h
[9.805s] -- Installing: /home/arjoe/ros_ws/install/tutorial_interfaces/include/tutorial_interfaces/tutorial_interfaces/srv/detail/add_three_ints__functions.c
[9.805s] -- Installing: /home/arjoe/ros_ws/install/tutorial_interfaces/include/tutorial_interfaces/tutorial_interfaces/srv/detail/add_three_ints__functions.h
[9.805s] -- Installing: /home/arjoe/ros_ws/install/tutorial_interfaces/include/tutorial_interfaces/tutorial_interfaces/srv/detail/add_three_ints__struct.h
[9.805s] -- Installing: /home/arjoe/ros_ws/install/tutorial_interfaces/include/tutorial_interfaces/tutorial_interfaces/srv/detail/cv_img__type_support.h
[9.805s] -- Installing: /home/arjoe/ros_ws/install/tutorial_interfaces/include/tutorial_interfaces/tutorial_interfaces/srv/detail/add_three_ints__type_support.h
[9.806s] -- Installing: /home/arjoe/ros_ws/install/tutorial_interfaces/include/tutorial_interfaces/tutorial_interfaces/msg
[9.806s] -- Installing: /home/arjoe/ros_ws/install/tutorial_interfaces/include/tutorial_interfaces/tutorial_interfaces/msg/sphere.h
[9.806s] -- Installing: /home/arjoe/ros_ws/install/tutorial_interfaces/include/tutorial_interfaces/tutorial_interfaces/msg/num.h
[9.806s] -- Installing: /home/arjoe/ros_ws/install/tutorial_interfaces/include/tutorial_interfaces/tutorial_interfaces/msg/rosidl_generator_c__visibility_control.h
[9.806s] -- Installing: /home/arjoe/ros_ws/install/tutorial_interfaces/include/tutorial_interfaces/tutorial_interfaces/msg/detail
[9.806s] -- Installing: /home/arjoe/ros_ws/install/tutorial_interfaces/include/tutorial_interfaces/tutorial_interfaces/msg/detail/num__functions.c
[9.806s] -- Installing: /home/arjoe/ros_ws/install/tutorial_interfaces/include/tutorial_interfaces/tutorial_interfaces/msg/detail/sphere__functions.h
[9.807s] -- Installing: /home/arjoe/ros_ws/install/tutorial_interfaces/include/tutorial_interfaces/tutorial_interfaces/msg/detail/sphere__type_support.h
[9.807s] -- Installing: /home/arjoe/ros_ws/install/tutorial_interfaces/include/tutorial_interfaces/tutorial_interfaces/msg/detail/sphere__functions.c
[9.807s] -- Installing: /home/arjoe/ros_ws/install/tutorial_interfaces/include/tutorial_interfaces/tutorial_interfaces/msg/detail/num__functions.h
[9.807s] -- Installing: /home/arjoe/ros_ws/install/tutorial_interfaces/include/tutorial_interfaces/tutorial_interfaces/msg/detail/num__struct.h
[9.807s] -- Installing: /home/arjoe/ros_ws/install/tutorial_interfaces/include/tutorial_interfaces/tutorial_interfaces/msg/detail/sphere__struct.h
[9.807s] -- Installing: /home/arjoe/ros_ws/install/tutorial_interfaces/include/tutorial_interfaces/tutorial_interfaces/msg/detail/num__type_support.h
[9.807s] -- Installing: /home/arjoe/ros_ws/install/tutorial_interfaces/share/tutorial_interfaces/environment/library_path.sh
[9.807s] -- Installing: /home/arjoe/ros_ws/install/tutorial_interfaces/share/tutorial_interfaces/environment/library_path.dsv
[9.808s] -- Installing: /home/arjoe/ros_ws/install/tutorial_interfaces/lib/libtutorial_interfaces__rosidl_generator_c.so
[9.808s] -- Set runtime path of "/home/arjoe/ros_ws/install/tutorial_interfaces/lib/libtutorial_interfaces__rosidl_generator_c.so" to ""
[9.808s] -- Up-to-date: /home/arjoe/ros_ws/install/tutorial_interfaces/include/tutorial_interfaces/tutorial_interfaces
[9.808s] -- Up-to-date: /home/arjoe/ros_ws/install/tutorial_interfaces/include/tutorial_interfaces/tutorial_interfaces/srv
[9.808s] -- Up-to-date: /home/arjoe/ros_ws/install/tutorial_interfaces/include/tutorial_interfaces/tutorial_interfaces/srv/detail
[9.808s] -- Installing: /home/arjoe/ros_ws/install/tutorial_interfaces/include/tutorial_interfaces/tutorial_interfaces/srv/detail/add_three_ints__rosidl_typesupport_fastrtps_c.h
[9.809s] -- Installing: /home/arjoe/ros_ws/install/tutorial_interfaces/include/tutorial_interfaces/tutorial_interfaces/srv/detail/cv_img__rosidl_typesupport_fastrtps_c.h
[9.809s] -- Up-to-date: /home/arjoe/ros_ws/install/tutorial_interfaces/include/tutorial_interfaces/tutorial_interfaces/msg
[9.809s] -- Installing: /home/arjoe/ros_ws/install/tutorial_interfaces/include/tutorial_interfaces/tutorial_interfaces/msg/rosidl_typesupport_fastrtps_c__visibility_control.h
[9.809s] -- Up-to-date: /home/arjoe/ros_ws/install/tutorial_interfaces/include/tutorial_interfaces/tutorial_interfaces/msg/detail
[9.809s] -- Installing: /home/arjoe/ros_ws/install/tutorial_interfaces/include/tutorial_interfaces/tutorial_interfaces/msg/detail/num__rosidl_typesupport_fastrtps_c.h
[9.809s] -- Installing: /home/arjoe/ros_ws/install/tutorial_interfaces/include/tutorial_interfaces/tutorial_interfaces/msg/detail/sphere__rosidl_typesupport_fastrtps_c.h
[9.809s] -- Installing: /home/arjoe/ros_ws/install/tutorial_interfaces/lib/libtutorial_interfaces__rosidl_typesupport_fastrtps_c.so
[9.810s] -- Set runtime path of "/home/arjoe/ros_ws/install/tutorial_interfaces/lib/libtutorial_interfaces__rosidl_typesupport_fastrtps_c.so" to ""
[9.810s] -- Up-to-date: /home/arjoe/ros_ws/install/tutorial_interfaces/include/tutorial_interfaces/tutorial_interfaces
[9.810s] -- Up-to-date: /home/arjoe/ros_ws/install/tutorial_interfaces/include/tutorial_interfaces/tutorial_interfaces/srv
[9.810s] -- Installing: /home/arjoe/ros_ws/install/tutorial_interfaces/include/tutorial_interfaces/tutorial_interfaces/srv/add_three_ints.hpp
[9.810s] -- Installing: /home/arjoe/ros_ws/install/tutorial_interfaces/include/tutorial_interfaces/tutorial_interfaces/srv/cv_img.hpp
[9.810s] -- Up-to-date: /home/arjoe/ros_ws/install/tutorial_interfaces/include/tutorial_interfaces/tutorial_interfaces/srv/detail
[9.810s] -- Installing: /home/arjoe/ros_ws/install/tutorial_interfaces/include/tutorial_interfaces/tutorial_interfaces/srv/detail/cv_img__builder.hpp
[9.811s] -- Installing: /home/arjoe/ros_ws/install/tutorial_interfaces/include/tutorial_interfaces/tutorial_interfaces/srv/detail/cv_img__struct.hpp
[9.811s] -- Installing: /home/arjoe/ros_ws/install/tutorial_interfaces/include/tutorial_interfaces/tutorial_interfaces/srv/detail/add_three_ints__struct.hpp
[9.811s] -- Installing: /home/arjoe/ros_ws/install/tutorial_interfaces/include/tutorial_interfaces/tutorial_interfaces/srv/detail/add_three_ints__builder.hpp
[9.811s] -- Installing: /home/arjoe/ros_ws/install/tutorial_interfaces/include/tutorial_interfaces/tutorial_interfaces/srv/detail/add_three_ints__traits.hpp
[9.811s] -- Installing: /home/arjoe/ros_ws/install/tutorial_interfaces/include/tutorial_interfaces/tutorial_interfaces/srv/detail/cv_img__traits.hpp
[9.811s] -- Up-to-date: /home/arjoe/ros_ws/install/tutorial_interfaces/include/tutorial_interfaces/tutorial_interfaces/msg
[9.812s] -- Installing: /home/arjoe/ros_ws/install/tutorial_interfaces/include/tutorial_interfaces/tutorial_interfaces/msg/num.hpp
[9.812s] -- Installing: /home/arjoe/ros_ws/install/tutorial_interfaces/include/tutorial_interfaces/tutorial_interfaces/msg/sphere.hpp
[9.812s] -- Up-to-date: /home/arjoe/ros_ws/install/tutorial_interfaces/include/tutorial_interfaces/tutorial_interfaces/msg/detail
[9.812s] -- Installing: /home/arjoe/ros_ws/install/tutorial_interfaces/include/tutorial_interfaces/tutorial_interfaces/msg/detail/num__builder.hpp
[9.812s] -- Installing: /home/arjoe/ros_ws/install/tutorial_interfaces/include/tutorial_interfaces/tutorial_interfaces/msg/detail/sphere__builder.hpp
[9.812s] -- Installing: /home/arjoe/ros_ws/install/tutorial_interfaces/include/tutorial_interfaces/tutorial_interfaces/msg/detail/sphere__struct.hpp
[9.813s] -- Installing: /home/arjoe/ros_ws/install/tutorial_interfaces/include/tutorial_interfaces/tutorial_interfaces/msg/detail/num__traits.hpp
[9.813s] -- Installing: /home/arjoe/ros_ws/install/tutorial_interfaces/include/tutorial_interfaces/tutorial_interfaces/msg/detail/num__struct.hpp
[9.813s] -- Installing: /home/arjoe/ros_ws/install/tutorial_interfaces/include/tutorial_interfaces/tutorial_interfaces/msg/detail/sphere__traits.hpp
[9.813s] -- Up-to-date: /home/arjoe/ros_ws/install/tutorial_interfaces/include/tutorial_interfaces/tutorial_interfaces
[9.813s] -- Up-to-date: /home/arjoe/ros_ws/install/tutorial_interfaces/include/tutorial_interfaces/tutorial_interfaces/srv
[9.813s] -- Up-to-date: /home/arjoe/ros_ws/install/tutorial_interfaces/include/tutorial_interfaces/tutorial_interfaces/srv/detail
[9.813s] -- Installing: /home/arjoe/ros_ws/install/tutorial_interfaces/include/tutorial_interfaces/tutorial_interfaces/srv/detail/cv_img__rosidl_typesupport_fastrtps_cpp.hpp
[9.814s] -- Installing: /home/arjoe/ros_ws/install/tutorial_interfaces/include/tutorial_interfaces/tutorial_interfaces/srv/detail/add_three_ints__rosidl_typesupport_fastrtps_cpp.hpp
[9.814s] -- Installing: /home/arjoe/ros_ws/install/tutorial_interfaces/include/tutorial_interfaces/tutorial_interfaces/srv/detail/dds_fastrtps
[9.814s] -- Up-to-date: /home/arjoe/ros_ws/install/tutorial_interfaces/include/tutorial_interfaces/tutorial_interfaces/msg
[9.814s] -- Installing: /home/arjoe/ros_ws/install/tutorial_interfaces/include/tutorial_interfaces/tutorial_interfaces/msg/rosidl_typesupport_fastrtps_cpp__visibility_control.h
[9.814s] -- Up-to-date: /home/arjoe/ros_ws/install/tutorial_interfaces/include/tutorial_interfaces/tutorial_interfaces/msg/detail
[9.815s] -- Installing: /home/arjoe/ros_ws/install/tutorial_interfaces/include/tutorial_interfaces/tutorial_interfaces/msg/detail/sphere__rosidl_typesupport_fastrtps_cpp.hpp
[9.815s] -- Installing: /home/arjoe/ros_ws/install/tutorial_interfaces/include/tutorial_interfaces/tutorial_interfaces/msg/detail/num__rosidl_typesupport_fastrtps_cpp.hpp
[9.815s] -- Installing: /home/arjoe/ros_ws/install/tutorial_interfaces/include/tutorial_interfaces/tutorial_interfaces/msg/detail/dds_fastrtps
[9.815s] -- Installing: /home/arjoe/ros_ws/install/tutorial_interfaces/lib/libtutorial_interfaces__rosidl_typesupport_fastrtps_cpp.so
[9.815s] -- Set runtime path of "/home/arjoe/ros_ws/install/tutorial_interfaces/lib/libtutorial_interfaces__rosidl_typesupport_fastrtps_cpp.so" to ""
[9.815s] -- Up-to-date: /home/arjoe/ros_ws/install/tutorial_interfaces/include/tutorial_interfaces/tutorial_interfaces
[9.815s] -- Up-to-date: /home/arjoe/ros_ws/install/tutorial_interfaces/include/tutorial_interfaces/tutorial_interfaces/srv
[9.816s] -- Up-to-date: /home/arjoe/ros_ws/install/tutorial_interfaces/include/tutorial_interfaces/tutorial_interfaces/srv/detail
[9.816s] -- Installing: /home/arjoe/ros_ws/install/tutorial_interfaces/include/tutorial_interfaces/tutorial_interfaces/srv/detail/add_three_ints__type_support.c
[9.816s] -- Installing: /home/arjoe/ros_ws/install/tutorial_interfaces/include/tutorial_interfaces/tutorial_interfaces/srv/detail/cv_img__rosidl_typesupport_introspection_c.h
[9.816s] -- Installing: /home/arjoe/ros_ws/install/tutorial_interfaces/include/tutorial_interfaces/tutorial_interfaces/srv/detail/add_three_ints__rosidl_typesupport_introspection_c.h
[9.816s] -- Installing: /home/arjoe/ros_ws/install/tutorial_interfaces/include/tutorial_interfaces/tutorial_interfaces/srv/detail/cv_img__type_support.c
[9.816s] -- Up-to-date: /home/arjoe/ros_ws/install/tutorial_interfaces/include/tutorial_interfaces/tutorial_interfaces/msg
[9.816s] -- Installing: /home/arjoe/ros_ws/install/tutorial_interfaces/include/tutorial_interfaces/tutorial_interfaces/msg/rosidl_typesupport_introspection_c__visibility_control.h
[9.817s] -- Up-to-date: /home/arjoe/ros_ws/install/tutorial_interfaces/include/tutorial_interfaces/tutorial_interfaces/msg/detail
[9.817s] -- Installing: /home/arjoe/ros_ws/install/tutorial_interfaces/include/tutorial_interfaces/tutorial_interfaces/msg/detail/num__type_support.c
[9.817s] -- Installing: /home/arjoe/ros_ws/install/tutorial_interfaces/include/tutorial_interfaces/tutorial_interfaces/msg/detail/sphere__type_support.c
[9.817s] -- Installing: /home/arjoe/ros_ws/install/tutorial_interfaces/include/tutorial_interfaces/tutorial_interfaces/msg/detail/num__rosidl_typesupport_introspection_c.h
[9.817s] -- Installing: /home/arjoe/ros_ws/install/tutorial_interfaces/include/tutorial_interfaces/tutorial_interfaces/msg/detail/sphere__rosidl_typesupport_introspection_c.h
[9.817s] -- Installing: /home/arjoe/ros_ws/install/tutorial_interfaces/lib/libtutorial_interfaces__rosidl_typesupport_introspection_c.so
[9.818s] -- Set runtime path of "/home/arjoe/ros_ws/install/tutorial_interfaces/lib/libtutorial_interfaces__rosidl_typesupport_introspection_c.so" to ""
[9.818s] -- Installing: /home/arjoe/ros_ws/install/tutorial_interfaces/lib/libtutorial_interfaces__rosidl_typesupport_c.so
[9.818s] -- Set runtime path of "/home/arjoe/ros_ws/install/tutorial_interfaces/lib/libtutorial_interfaces__rosidl_typesupport_c.so" to ""
[9.818s] -- Up-to-date: /home/arjoe/ros_ws/install/tutorial_interfaces/include/tutorial_interfaces/tutorial_interfaces
[9.818s] -- Up-to-date: /home/arjoe/ros_ws/install/tutorial_interfaces/include/tutorial_interfaces/tutorial_interfaces/srv
[9.818s] -- Up-to-date: /home/arjoe/ros_ws/install/tutorial_interfaces/include/tutorial_interfaces/tutorial_interfaces/srv/detail
[9.818s] -- Installing: /home/arjoe/ros_ws/install/tutorial_interfaces/include/tutorial_interfaces/tutorial_interfaces/srv/detail/cv_img__type_support.cpp
[9.819s] -- Installing: /home/arjoe/ros_ws/install/tutorial_interfaces/include/tutorial_interfaces/tutorial_interfaces/srv/detail/add_three_ints__type_support.cpp
[9.819s] -- Installing: /home/arjoe/ros_ws/install/tutorial_interfaces/include/tutorial_interfaces/tutorial_interfaces/srv/detail/add_three_ints__rosidl_typesupport_introspection_cpp.hpp
[9.819s] -- Installing: /home/arjoe/ros_ws/install/tutorial_interfaces/include/tutorial_interfaces/tutorial_interfaces/srv/detail/cv_img__rosidl_typesupport_introspection_cpp.hpp
[9.819s] -- Up-to-date: /home/arjoe/ros_ws/install/tutorial_interfaces/include/tutorial_interfaces/tutorial_interfaces/msg
[9.819s] -- Up-to-date: /home/arjoe/ros_ws/install/tutorial_interfaces/include/tutorial_interfaces/tutorial_interfaces/msg/detail
[9.819s] -- Installing: /home/arjoe/ros_ws/install/tutorial_interfaces/include/tutorial_interfaces/tutorial_interfaces/msg/detail/sphere__type_support.cpp
[9.819s] -- Installing: /home/arjoe/ros_ws/install/tutorial_interfaces/include/tutorial_interfaces/tutorial_interfaces/msg/detail/num__type_support.cpp
[9.820s] -- Installing: /home/arjoe/ros_ws/install/tutorial_interfaces/include/tutorial_interfaces/tutorial_interfaces/msg/detail/num__rosidl_typesupport_introspection_cpp.hpp
[9.820s] -- Installing: /home/arjoe/ros_ws/install/tutorial_interfaces/include/tutorial_interfaces/tutorial_interfaces/msg/detail/sphere__rosidl_typesupport_introspection_cpp.hpp
[9.820s] -- Installing: /home/arjoe/ros_ws/install/tutorial_interfaces/lib/libtutorial_interfaces__rosidl_typesupport_introspection_cpp.so
[9.820s] -- Set runtime path of "/home/arjoe/ros_ws/install/tutorial_interfaces/lib/libtutorial_interfaces__rosidl_typesupport_introspection_cpp.so" to ""
[9.820s] -- Installing: /home/arjoe/ros_ws/install/tutorial_interfaces/lib/libtutorial_interfaces__rosidl_typesupport_cpp.so
[9.820s] -- Set runtime path of "/home/arjoe/ros_ws/install/tutorial_interfaces/lib/libtutorial_interfaces__rosidl_typesupport_cpp.so" to ""
[9.820s] -- Installing: /home/arjoe/ros_ws/install/tutorial_interfaces/share/tutorial_interfaces/environment/pythonpath.sh
[9.821s] -- Installing: /home/arjoe/ros_ws/install/tutorial_interfaces/share/tutorial_interfaces/environment/pythonpath.dsv
[9.821s] -- Installing: /home/arjoe/ros_ws/install/tutorial_interfaces/local/lib/python3.10/dist-packages/tutorial_interfaces-0.0.0-py3.10.egg-info
[9.821s] -- Installing: /home/arjoe/ros_ws/install/tutorial_interfaces/local/lib/python3.10/dist-packages/tutorial_interfaces-0.0.0-py3.10.egg-info/dependency_links.txt
[9.821s] -- Installing: /home/arjoe/ros_ws/install/tutorial_interfaces/local/lib/python3.10/dist-packages/tutorial_interfaces-0.0.0-py3.10.egg-info/top_level.txt
[9.821s] -- Installing: /home/arjoe/ros_ws/install/tutorial_interfaces/local/lib/python3.10/dist-packages/tutorial_interfaces-0.0.0-py3.10.egg-info/PKG-INFO
[9.821s] -- Installing: /home/arjoe/ros_ws/install/tutorial_interfaces/local/lib/python3.10/dist-packages/tutorial_interfaces-0.0.0-py3.10.egg-info/SOURCES.txt
[9.821s] -- Installing: /home/arjoe/ros_ws/install/tutorial_interfaces/local/lib/python3.10/dist-packages/tutorial_interfaces
[9.821s] -- Installing: /home/arjoe/ros_ws/install/tutorial_interfaces/local/lib/python3.10/dist-packages/tutorial_interfaces/tutorial_interfaces_s__rosidl_typesupport_introspection_c.cpython-310-x86_64-linux-gnu.so
[9.821s] -- Installing: /home/arjoe/ros_ws/install/tutorial_interfaces/local/lib/python3.10/dist-packages/tutorial_interfaces/srv
[9.822s] -- Installing: /home/arjoe/ros_ws/install/tutorial_interfaces/local/lib/python3.10/dist-packages/tutorial_interfaces/srv/_add_three_ints_s.c
[9.822s] -- Installing: /home/arjoe/ros_ws/install/tutorial_interfaces/local/lib/python3.10/dist-packages/tutorial_interfaces/srv/_cv_img_s.c
[9.822s] -- Installing: /home/arjoe/ros_ws/install/tutorial_interfaces/local/lib/python3.10/dist-packages/tutorial_interfaces/srv/_add_three_ints.py
[9.822s] -- Installing: /home/arjoe/ros_ws/install/tutorial_interfaces/local/lib/python3.10/dist-packages/tutorial_interfaces/srv/__init__.py
[9.822s] -- Installing: /home/arjoe/ros_ws/install/tutorial_interfaces/local/lib/python3.10/dist-packages/tutorial_interfaces/srv/_cv_img.py
[9.822s] -- Installing: /home/arjoe/ros_ws/install/tutorial_interfaces/local/lib/python3.10/dist-packages/tutorial_interfaces/tutorial_interfaces_s__rosidl_typesupport_fastrtps_c.cpython-310-x86_64-linux-gnu.so
[9.822s] -- Installing: /home/arjoe/ros_ws/install/tutorial_interfaces/local/lib/python3.10/dist-packages/tutorial_interfaces/_tutorial_interfaces_s.ep.rosidl_typesupport_fastrtps_c.c
[9.822s] -- Installing: /home/arjoe/ros_ws/install/tutorial_interfaces/local/lib/python3.10/dist-packages/tutorial_interfaces/libtutorial_interfaces__rosidl_generator_py.so
[9.822s] -- Installing: /home/arjoe/ros_ws/install/tutorial_interfaces/local/lib/python3.10/dist-packages/tutorial_interfaces/msg
[9.822s] -- Installing: /home/arjoe/ros_ws/install/tutorial_interfaces/local/lib/python3.10/dist-packages/tutorial_interfaces/msg/_sphere_s.c
[9.822s] -- Installing: /home/arjoe/ros_ws/install/tutorial_interfaces/local/lib/python3.10/dist-packages/tutorial_interfaces/msg/__init__.py
[9.822s] -- Installing: /home/arjoe/ros_ws/install/tutorial_interfaces/local/lib/python3.10/dist-packages/tutorial_interfaces/msg/_sphere.py
[9.823s] -- Installing: /home/arjoe/ros_ws/install/tutorial_interfaces/local/lib/python3.10/dist-packages/tutorial_interfaces/msg/_num.py
[9.823s] -- Installing: /home/arjoe/ros_ws/install/tutorial_interfaces/local/lib/python3.10/dist-packages/tutorial_interfaces/msg/_num_s.c
[9.823s] -- Installing: /home/arjoe/ros_ws/install/tutorial_interfaces/local/lib/python3.10/dist-packages/tutorial_interfaces/_tutorial_interfaces_s.ep.rosidl_typesupport_introspection_c.c
[9.823s] -- Installing: /home/arjoe/ros_ws/install/tutorial_interfaces/local/lib/python3.10/dist-packages/tutorial_interfaces/__init__.py
[9.823s] -- Installing: /home/arjoe/ros_ws/install/tutorial_interfaces/local/lib/python3.10/dist-packages/tutorial_interfaces/tutorial_interfaces_s__rosidl_typesupport_c.cpython-310-x86_64-linux-gnu.so
[9.823s] -- Installing: /home/arjoe/ros_ws/install/tutorial_interfaces/local/lib/python3.10/dist-packages/tutorial_interfaces/_tutorial_interfaces_s.ep.rosidl_typesupport_c.c
[9.880s] Listing '/home/arjoe/ros_ws/install/tutorial_interfaces/local/lib/python3.10/dist-packages/tutorial_interfaces'...
[9.881s] Compiling '/home/arjoe/ros_ws/install/tutorial_interfaces/local/lib/python3.10/dist-packages/tutorial_interfaces/__init__.py'...
[9.881s] Listing '/home/arjoe/ros_ws/install/tutorial_interfaces/local/lib/python3.10/dist-packages/tutorial_interfaces/msg'...
[9.881s] Compiling '/home/arjoe/ros_ws/install/tutorial_interfaces/local/lib/python3.10/dist-packages/tutorial_interfaces/msg/__init__.py'...
[9.881s] Compiling '/home/arjoe/ros_ws/install/tutorial_interfaces/local/lib/python3.10/dist-packages/tutorial_interfaces/msg/_num.py'...
[9.881s] Compiling '/home/arjoe/ros_ws/install/tutorial_interfaces/local/lib/python3.10/dist-packages/tutorial_interfaces/msg/_sphere.py'...
[9.881s] Listing '/home/arjoe/ros_ws/install/tutorial_interfaces/local/lib/python3.10/dist-packages/tutorial_interfaces/srv'...
[9.881s] Compiling '/home/arjoe/ros_ws/install/tutorial_interfaces/local/lib/python3.10/dist-packages/tutorial_interfaces/srv/__init__.py'...
[9.881s] Compiling '/home/arjoe/ros_ws/install/tutorial_interfaces/local/lib/python3.10/dist-packages/tutorial_interfaces/srv/_add_three_ints.py'...
[9.881s] Compiling '/home/arjoe/ros_ws/install/tutorial_interfaces/local/lib/python3.10/dist-packages/tutorial_interfaces/srv/_cv_img.py'...
[9.887s] -- Installing: /home/arjoe/ros_ws/install/tutorial_interfaces/local/lib/python3.10/dist-packages/tutorial_interfaces/tutorial_interfaces_s__rosidl_typesupport_fastrtps_c.cpython-310-x86_64-linux-gnu.so
[9.888s] -- Set runtime path of "/home/arjoe/ros_ws/install/tutorial_interfaces/local/lib/python3.10/dist-packages/tutorial_interfaces/tutorial_interfaces_s__rosidl_typesupport_fastrtps_c.cpython-310-x86_64-linux-gnu.so" to ""
[9.888s] -- Installing: /home/arjoe/ros_ws/install/tutorial_interfaces/local/lib/python3.10/dist-packages/tutorial_interfaces/tutorial_interfaces_s__rosidl_typesupport_introspection_c.cpython-310-x86_64-linux-gnu.so
[9.888s] -- Set runtime path of "/home/arjoe/ros_ws/install/tutorial_interfaces/local/lib/python3.10/dist-packages/tutorial_interfaces/tutorial_interfaces_s__rosidl_typesupport_introspection_c.cpython-310-x86_64-linux-gnu.so" to ""
[9.888s] -- Installing: /home/arjoe/ros_ws/install/tutorial_interfaces/local/lib/python3.10/dist-packages/tutorial_interfaces/tutorial_interfaces_s__rosidl_typesupport_c.cpython-310-x86_64-linux-gnu.so
[9.889s] -- Set runtime path of "/home/arjoe/ros_ws/install/tutorial_interfaces/local/lib/python3.10/dist-packages/tutorial_interfaces/tutorial_interfaces_s__rosidl_typesupport_c.cpython-310-x86_64-linux-gnu.so" to ""
[9.889s] -- Installing: /home/arjoe/ros_ws/install/tutorial_interfaces/lib/libtutorial_interfaces__rosidl_generator_py.so
[9.889s] -- Set runtime path of "/home/arjoe/ros_ws/install/tutorial_interfaces/lib/libtutorial_interfaces__rosidl_generator_py.so" to ""
[9.889s] -- Installing: /home/arjoe/ros_ws/install/tutorial_interfaces/share/tutorial_interfaces/msg/Num.idl
[9.889s] -- Installing: /home/arjoe/ros_ws/install/tutorial_interfaces/share/tutorial_interfaces/msg/Sphere.idl
[9.889s] -- Installing: /home/arjoe/ros_ws/install/tutorial_interfaces/share/tutorial_interfaces/srv/AddThreeInts.idl
[9.889s] -- Installing: /home/arjoe/ros_ws/install/tutorial_interfaces/share/tutorial_interfaces/srv/CVImg.idl
[9.889s] -- Installing: /home/arjoe/ros_ws/install/tutorial_interfaces/share/tutorial_interfaces/msg/Num.msg
[9.890s] -- Installing: /home/arjoe/ros_ws/install/tutorial_interfaces/share/tutorial_interfaces/msg/Sphere.msg
[9.890s] -- Installing: /home/arjoe/ros_ws/install/tutorial_interfaces/share/tutorial_interfaces/srv/AddThreeInts.srv
[9.890s] -- Installing: /home/arjoe/ros_ws/install/tutorial_interfaces/share/tutorial_interfaces/srv/AddThreeInts_Request.msg
[9.890s] -- Installing: /home/arjoe/ros_ws/install/tutorial_interfaces/share/tutorial_interfaces/srv/AddThreeInts_Response.msg
[9.891s] -- Installing: /home/arjoe/ros_ws/install/tutorial_interfaces/share/tutorial_interfaces/srv/CVImg.srv
[9.891s] -- Installing: /home/arjoe/ros_ws/install/tutorial_interfaces/share/tutorial_interfaces/srv/CVImg_Request.msg
[9.891s] -- Installing: /home/arjoe/ros_ws/install/tutorial_interfaces/share/tutorial_interfaces/srv/CVImg_Response.msg
[9.891s] -- Installing: /home/arjoe/ros_ws/install/tutorial_interfaces/share/ament_index/resource_index/package_run_dependencies/tutorial_interfaces
[9.891s] -- Installing: /home/arjoe/ros_ws/install/tutorial_interfaces/share/ament_index/resource_index/parent_prefix_path/tutorial_interfaces
[9.891s] -- Installing: /home/arjoe/ros_ws/install/tutorial_interfaces/share/tutorial_interfaces/environment/ament_prefix_path.sh
[9.892s] -- Installing: /home/arjoe/ros_ws/install/tutorial_interfaces/share/tutorial_interfaces/environment/ament_prefix_path.dsv
[9.892s] -- Installing: /home/arjoe/ros_ws/install/tutorial_interfaces/share/tutorial_interfaces/environment/path.sh
[9.892s] -- Installing: /home/arjoe/ros_ws/install/tutorial_interfaces/share/tutorial_interfaces/environment/path.dsv
[9.893s] -- Installing: /home/arjoe/ros_ws/install/tutorial_interfaces/share/tutorial_interfaces/local_setup.bash
[9.893s] -- Installing: /home/arjoe/ros_ws/install/tutorial_interfaces/share/tutorial_interfaces/local_setup.sh
[9.893s] -- Installing: /home/arjoe/ros_ws/install/tutorial_interfaces/share/tutorial_interfaces/local_setup.zsh
[9.893s] -- Installing: /home/arjoe/ros_ws/install/tutorial_interfaces/share/tutorial_interfaces/local_setup.dsv
[9.894s] -- Installing: /home/arjoe/ros_ws/install/tutorial_interfaces/share/tutorial_interfaces/package.dsv
[9.894s] -- Installing: /home/arjoe/ros_ws/install/tutorial_interfaces/share/ament_index/resource_index/packages/tutorial_interfaces
[9.894s] -- Installing: /home/arjoe/ros_ws/install/tutorial_interfaces/share/tutorial_interfaces/cmake/export_tutorial_interfaces__rosidl_generator_cExport.cmake
[9.894s] -- Installing: /home/arjoe/ros_ws/install/tutorial_interfaces/share/tutorial_interfaces/cmake/export_tutorial_interfaces__rosidl_generator_cExport-noconfig.cmake
[9.894s] -- Installing: /home/arjoe/ros_ws/install/tutorial_interfaces/share/tutorial_interfaces/cmake/export_tutorial_interfaces__rosidl_typesupport_fastrtps_cExport.cmake
[9.894s] -- Installing: /home/arjoe/ros_ws/install/tutorial_interfaces/share/tutorial_interfaces/cmake/export_tutorial_interfaces__rosidl_typesupport_fastrtps_cExport-noconfig.cmake
[9.894s] -- Installing: /home/arjoe/ros_ws/install/tutorial_interfaces/share/tutorial_interfaces/cmake/export_tutorial_interfaces__rosidl_generator_cppExport.cmake
[9.895s] -- Installing: /home/arjoe/ros_ws/install/tutorial_interfaces/share/tutorial_interfaces/cmake/export_tutorial_interfaces__rosidl_typesupport_fastrtps_cppExport.cmake
[9.895s] -- Installing: /home/arjoe/ros_ws/install/tutorial_interfaces/share/tutorial_interfaces/cmake/export_tutorial_interfaces__rosidl_typesupport_fastrtps_cppExport-noconfig.cmake
[9.895s] -- Installing: /home/arjoe/ros_ws/install/tutorial_interfaces/share/tutorial_interfaces/cmake/tutorial_interfaces__rosidl_typesupport_introspection_cExport.cmake
[9.895s] -- Installing: /home/arjoe/ros_ws/install/tutorial_interfaces/share/tutorial_interfaces/cmake/tutorial_interfaces__rosidl_typesupport_introspection_cExport-noconfig.cmake
[9.895s] -- Installing: /home/arjoe/ros_ws/install/tutorial_interfaces/share/tutorial_interfaces/cmake/tutorial_interfaces__rosidl_typesupport_cExport.cmake
[9.895s] -- Installing: /home/arjoe/ros_ws/install/tutorial_interfaces/share/tutorial_interfaces/cmake/tutorial_interfaces__rosidl_typesupport_cExport-noconfig.cmake
[9.896s] -- Installing: /home/arjoe/ros_ws/install/tutorial_interfaces/share/tutorial_interfaces/cmake/tutorial_interfaces__rosidl_typesupport_introspection_cppExport.cmake
[9.896s] -- Installing: /home/arjoe/ros_ws/install/tutorial_interfaces/share/tutorial_interfaces/cmake/tutorial_interfaces__rosidl_typesupport_introspection_cppExport-noconfig.cmake
[9.896s] -- Installing: /home/arjoe/ros_ws/install/tutorial_interfaces/share/tutorial_interfaces/cmake/tutorial_interfaces__rosidl_typesupport_cppExport.cmake
[9.896s] -- Installing: /home/arjoe/ros_ws/install/tutorial_interfaces/share/tutorial_interfaces/cmake/tutorial_interfaces__rosidl_typesupport_cppExport-noconfig.cmake
[9.896s] -- Installing: /home/arjoe/ros_ws/install/tutorial_interfaces/share/tutorial_interfaces/cmake/export_tutorial_interfaces__rosidl_generator_pyExport.cmake
[9.896s] -- Installing: /home/arjoe/ros_ws/install/tutorial_interfaces/share/tutorial_interfaces/cmake/export_tutorial_interfaces__rosidl_generator_pyExport-noconfig.cmake
[9.897s] -- Installing: /home/arjoe/ros_ws/install/tutorial_interfaces/share/tutorial_interfaces/cmake/rosidl_cmake-extras.cmake
[9.897s] -- Installing: /home/arjoe/ros_ws/install/tutorial_interfaces/share/tutorial_interfaces/cmake/ament_cmake_export_dependencies-extras.cmake
[9.897s] -- Installing: /home/arjoe/ros_ws/install/tutorial_interfaces/share/tutorial_interfaces/cmake/ament_cmake_export_include_directories-extras.cmake
[9.897s] -- Installing: /home/arjoe/ros_ws/install/tutorial_interfaces/share/tutorial_interfaces/cmake/ament_cmake_export_libraries-extras.cmake
[9.897s] -- Installing: /home/arjoe/ros_ws/install/tutorial_interfaces/share/tutorial_interfaces/cmake/ament_cmake_export_targets-extras.cmake
[9.897s] -- Installing: /home/arjoe/ros_ws/install/tutorial_interfaces/share/tutorial_interfaces/cmake/rosidl_cmake_export_typesupport_targets-extras.cmake
[9.898s] -- Installing: /home/arjoe/ros_ws/install/tutorial_interfaces/share/tutorial_interfaces/cmake/rosidl_cmake_export_typesupport_libraries-extras.cmake
[9.898s] -- Installing: /home/arjoe/ros_ws/install/tutorial_interfaces/share/tutorial_interfaces/cmake/tutorial_interfacesConfig.cmake
[9.898s] -- Installing: /home/arjoe/ros_ws/install/tutorial_interfaces/share/tutorial_interfaces/cmake/tutorial_interfacesConfig-version.cmake
[9.898s] -- Installing: /home/arjoe/ros_ws/install/tutorial_interfaces/share/tutorial_interfaces/package.xml
[9.902s] Invoked command in '/home/arjoe/ros_ws/build/tutorial_interfaces' returned '0': CMAKE_PREFIX_PATH=${CMAKE_PREFIX_PATH}:/home/arjoe/ros_ws/install/py_srvcli:/home/arjoe/erc_ws/install/week1_tutorials:/home/arjoe/erc_ws/install/week0_tutorials:/home/arjoe/erc_ws/install/task1:/home/arjoe/erc_ws/install/sherlock:/home/arjoe/erc_ws/install/mrs_hudson:/home/arjoe/erc_ws/src/week1_tutorials/install/week1_tutorials:/opt/ros/humble /usr/bin/cmake --install /home/arjoe/ros_ws/build/tutorial_interfaces
