[0.393s] Invoking command in '/home/arjoe/ros_ws/src/py_srvcli': PYTHONPATH=/home/arjoe/ros_ws/build/py_srvcli/prefix_override:/home/arjoe/ros_ws/install/py_srvcli/lib/python3.10/site-packages:${PYTHONPATH} /usr/bin/python3 -W ignore:setup.py install is deprecated setup.py egg_info --egg-base ../../build/py_srvcli build --build-base /home/arjoe/ros_ws/build/py_srvcli/build install --record /home/arjoe/ros_ws/build/py_srvcli/install.log --single-version-externally-managed install_data
[0.545s] running egg_info
[0.545s] writing ../../build/py_srvcli/py_srvcli.egg-info/PKG-INFO
[0.546s] writing dependency_links to ../../build/py_srvcli/py_srvcli.egg-info/dependency_links.txt
[0.546s] writing entry points to ../../build/py_srvcli/py_srvcli.egg-info/entry_points.txt
[0.546s] writing requirements to ../../build/py_srvcli/py_srvcli.egg-info/requires.txt
[0.546s] writing top-level names to ../../build/py_srvcli/py_srvcli.egg-info/top_level.txt
[0.547s] reading manifest file '../../build/py_srvcli/py_srvcli.egg-info/SOURCES.txt'
[0.548s] writing manifest file '../../build/py_srvcli/py_srvcli.egg-info/SOURCES.txt'
[0.548s] running build
[0.549s] running build_py
[0.549s] copying py_srvcli/aruco_service.py -> /home/arjoe/ros_ws/build/py_srvcli/build/lib/py_srvcli
[0.549s] running install
[0.549s] running install_lib
[0.549s] copying /home/arjoe/ros_ws/build/py_srvcli/build/lib/py_srvcli/aruco_service.py -> /home/arjoe/ros_ws/install/py_srvcli/lib/python3.10/site-packages/py_srvcli
[0.550s] byte-compiling /home/arjoe/ros_ws/install/py_srvcli/lib/python3.10/site-packages/py_srvcli/aruco_service.py to aruco_service.cpython-310.pyc
[0.551s] running install_data
[0.551s] running install_egg_info
[0.552s] removing '/home/arjoe/ros_ws/install/py_srvcli/lib/python3.10/site-packages/py_srvcli-0.0.0-py3.10.egg-info' (and everything under it)
[0.552s] Copying ../../build/py_srvcli/py_srvcli.egg-info to /home/arjoe/ros_ws/install/py_srvcli/lib/python3.10/site-packages/py_srvcli-0.0.0-py3.10.egg-info
[0.553s] running install_scripts
[0.566s] Installing aruco_client script to /home/arjoe/ros_ws/install/py_srvcli/lib/py_srvcli
[0.566s] Installing aruco_service script to /home/arjoe/ros_ws/install/py_srvcli/lib/py_srvcli
[0.566s] Installing client script to /home/arjoe/ros_ws/install/py_srvcli/lib/py_srvcli
[0.566s] Installing client3 script to /home/arjoe/ros_ws/install/py_srvcli/lib/py_srvcli
[0.566s] Installing publisher script to /home/arjoe/ros_ws/install/py_srvcli/lib/py_srvcli
[0.566s] Installing server script to /home/arjoe/ros_ws/install/py_srvcli/lib/py_srvcli
[0.566s] Installing server3 script to /home/arjoe/ros_ws/install/py_srvcli/lib/py_srvcli
[0.566s] Installing subscriber script to /home/arjoe/ros_ws/install/py_srvcli/lib/py_srvcli
[0.566s] writing list of installed files to '/home/arjoe/ros_ws/build/py_srvcli/install.log'
[0.583s] Invoked command in '/home/arjoe/ros_ws/src/py_srvcli' returned '0': PYTHONPATH=/home/arjoe/ros_ws/build/py_srvcli/prefix_override:/home/arjoe/ros_ws/install/py_srvcli/lib/python3.10/site-packages:${PYTHONPATH} /usr/bin/python3 -W ignore:setup.py install is deprecated setup.py egg_info --egg-base ../../build/py_srvcli build --build-base /home/arjoe/ros_ws/build/py_srvcli/build install --record /home/arjoe/ros_ws/build/py_srvcli/install.log --single-version-externally-managed install_data
