[0.794s] Invoking command in '/home/arjoe/ros_ws/src/py_srvcli': PYTHONPATH=/home/arjoe/ros_ws/build/py_srvcli/prefix_override:/home/arjoe/ros_ws/install/py_srvcli/lib/python3.10/site-packages:${PYTHONPATH} /usr/bin/python3 -W ignore:setup.py install is deprecated setup.py egg_info --egg-base ../../build/py_srvcli build --build-base /home/arjoe/ros_ws/build/py_srvcli/build install --record /home/arjoe/ros_ws/build/py_srvcli/install.log --single-version-externally-managed install_data
[1.105s] running egg_info
[1.106s] writing ../../build/py_srvcli/py_srvcli.egg-info/PKG-INFO
[1.106s] writing dependency_links to ../../build/py_srvcli/py_srvcli.egg-info/dependency_links.txt
[1.106s] writing entry points to ../../build/py_srvcli/py_srvcli.egg-info/entry_points.txt
[1.106s] writing requirements to ../../build/py_srvcli/py_srvcli.egg-info/requires.txt
[1.106s] writing top-level names to ../../build/py_srvcli/py_srvcli.egg-info/top_level.txt
[1.108s] reading manifest file '../../build/py_srvcli/py_srvcli.egg-info/SOURCES.txt'
[1.109s] writing manifest file '../../build/py_srvcli/py_srvcli.egg-info/SOURCES.txt'
[1.109s] running build
[1.109s] running build_py
[1.110s] copying py_srvcli/aruco_client.py -> /home/arjoe/ros_ws/build/py_srvcli/build/lib/py_srvcli
[1.110s] running install
[1.110s] running install_lib
[1.111s] copying /home/arjoe/ros_ws/build/py_srvcli/build/lib/py_srvcli/aruco_client.py -> /home/arjoe/ros_ws/install/py_srvcli/lib/python3.10/site-packages/py_srvcli
[1.112s] byte-compiling /home/arjoe/ros_ws/install/py_srvcli/lib/python3.10/site-packages/py_srvcli/aruco_client.py to aruco_client.cpython-310.pyc
[1.113s]   File "/home/arjoe/ros_ws/install/py_srvcli/lib/python3.10/site-packages/py_srvcli/aruco_client.py", line 58
[1.113s]     minimal_client.get_logger().info()'Service call failed %r' % (e,))
[1.113s]                                                                      ^
[1.113s] SyntaxError: unmatched ')'
[1.114s] 
[1.114s] running install_data
[1.114s] running install_egg_info
[1.116s] removing '/home/arjoe/ros_ws/install/py_srvcli/lib/python3.10/site-packages/py_srvcli-0.0.0-py3.10.egg-info' (and everything under it)
[1.116s] Copying ../../build/py_srvcli/py_srvcli.egg-info to /home/arjoe/ros_ws/install/py_srvcli/lib/python3.10/site-packages/py_srvcli-0.0.0-py3.10.egg-info
[1.117s] running install_scripts
[1.143s] Installing aruco_client script to /home/arjoe/ros_ws/install/py_srvcli/lib/py_srvcli
[1.144s] Installing aruco_service script to /home/arjoe/ros_ws/install/py_srvcli/lib/py_srvcli
[1.144s] Installing client script to /home/arjoe/ros_ws/install/py_srvcli/lib/py_srvcli
[1.144s] Installing client3 script to /home/arjoe/ros_ws/install/py_srvcli/lib/py_srvcli
[1.144s] Installing publisher script to /home/arjoe/ros_ws/install/py_srvcli/lib/py_srvcli
[1.144s] Installing server script to /home/arjoe/ros_ws/install/py_srvcli/lib/py_srvcli
[1.145s] Installing server3 script to /home/arjoe/ros_ws/install/py_srvcli/lib/py_srvcli
[1.145s] Installing subscriber script to /home/arjoe/ros_ws/install/py_srvcli/lib/py_srvcli
[1.145s] writing list of installed files to '/home/arjoe/ros_ws/build/py_srvcli/install.log'
[1.178s] Invoked command in '/home/arjoe/ros_ws/src/py_srvcli' returned '0': PYTHONPATH=/home/arjoe/ros_ws/build/py_srvcli/prefix_override:/home/arjoe/ros_ws/install/py_srvcli/lib/python3.10/site-packages:${PYTHONPATH} /usr/bin/python3 -W ignore:setup.py install is deprecated setup.py egg_info --egg-base ../../build/py_srvcli build --build-base /home/arjoe/ros_ws/build/py_srvcli/build install --record /home/arjoe/ros_ws/build/py_srvcli/install.log --single-version-externally-managed install_data
