[0.091s] DEBUG:colcon:Command line arguments: ['/usr/bin/colcon', 'build']
[0.091s] DEBUG:colcon:Parsed command line arguments: Namespace(log_base=None, log_level=None, verb_name='build', build_base='build', install_base='install', merge_install=False, symlink_install=False, test_result_base=None, continue_on_error=False, executor='parallel', parallel_workers=8, event_handlers=None, ignore_user_meta=False, metas=['./colcon.meta'], base_paths=['.'], packages_ignore=None, packages_ignore_regex=None, paths=None, packages_up_to=None, packages_up_to_regex=None, packages_above=None, packages_above_and_dependencies=None, packages_above_depth=None, packages_select_by_dep=None, packages_skip_by_dep=None, packages_skip_up_to=None, packages_select_build_failed=False, packages_skip_build_finished=False, packages_select_test_failures=False, packages_skip_test_passed=False, packages_select=None, packages_skip=None, packages_select_regex=None, packages_skip_regex=None, packages_start=None, packages_end=None, allow_overriding=[], cmake_args=None, cmake_target=None, cmake_target_skip_unavailable=False, cmake_clean_cache=False, cmake_clean_first=False, cmake_force_configure=False, ament_cmake_args=None, catkin_cmake_args=None, catkin_skip_building_tests=False, verb_parser=<colcon_defaults.argument_parser.defaults.DefaultArgumentsDecorator object at 0x772549ca2050>, verb_extension=<colcon_core.verb.build.BuildVerb object at 0x772549ca1a80>, main=<bound method BuildVerb.main of <colcon_core.verb.build.BuildVerb object at 0x772549ca1a80>>)
[0.223s] Level 1:colcon.colcon_core.package_discovery:discover_packages(colcon_meta) check parameters
[0.223s] Level 1:colcon.colcon_core.package_discovery:discover_packages(recursive) check parameters
[0.223s] Level 1:colcon.colcon_core.package_discovery:discover_packages(ignore) check parameters
[0.223s] Level 1:colcon.colcon_core.package_discovery:discover_packages(path) check parameters
[0.223s] Level 1:colcon.colcon_core.package_discovery:discover_packages(colcon_meta) discover
[0.223s] Level 1:colcon.colcon_core.package_discovery:discover_packages(recursive) discover
[0.223s] INFO:colcon.colcon_core.package_discovery:Crawling recursively for packages in '/home/arjoe/ros_ws'
[0.223s] Level 1:colcon.colcon_core.package_identification:_identify(.) by extensions ['ignore', 'ignore_ament_install']
[0.223s] Level 1:colcon.colcon_core.package_identification:_identify(.) by extension 'ignore'
[0.223s] Level 1:colcon.colcon_core.package_identification:_identify(.) by extension 'ignore_ament_install'
[0.223s] Level 1:colcon.colcon_core.package_identification:_identify(.) by extensions ['colcon_pkg']
[0.223s] Level 1:colcon.colcon_core.package_identification:_identify(.) by extension 'colcon_pkg'
[0.223s] Level 1:colcon.colcon_core.package_identification:_identify(.) by extensions ['colcon_meta']
[0.223s] Level 1:colcon.colcon_core.package_identification:_identify(.) by extension 'colcon_meta'
[0.223s] Level 1:colcon.colcon_core.package_identification:_identify(.) by extensions ['ros']
[0.223s] Level 1:colcon.colcon_core.package_identification:_identify(.) by extension 'ros'
[0.230s] Level 1:colcon.colcon_core.package_identification:_identify(.) by extensions ['cmake', 'python']
[0.231s] Level 1:colcon.colcon_core.package_identification:_identify(.) by extension 'cmake'
[0.231s] Level 1:colcon.colcon_core.package_identification:_identify(.) by extension 'python'
[0.231s] Level 1:colcon.colcon_core.package_identification:_identify(.) by extensions ['python_setup_py']
[0.231s] Level 1:colcon.colcon_core.package_identification:_identify(.) by extension 'python_setup_py'
[0.231s] Level 1:colcon.colcon_core.package_identification:_identify(build) by extensions ['ignore', 'ignore_ament_install']
[0.231s] Level 1:colcon.colcon_core.package_identification:_identify(build) by extension 'ignore'
[0.231s] Level 1:colcon.colcon_core.package_identification:_identify(build) ignored
[0.231s] Level 1:colcon.colcon_core.package_identification:_identify(install) by extensions ['ignore', 'ignore_ament_install']
[0.231s] Level 1:colcon.colcon_core.package_identification:_identify(install) by extension 'ignore'
[0.231s] Level 1:colcon.colcon_core.package_identification:_identify(install) ignored
[0.231s] Level 1:colcon.colcon_core.package_identification:_identify(log) by extensions ['ignore', 'ignore_ament_install']
[0.231s] Level 1:colcon.colcon_core.package_identification:_identify(log) by extension 'ignore'
[0.231s] Level 1:colcon.colcon_core.package_identification:_identify(log) ignored
[0.231s] Level 1:colcon.colcon_core.package_identification:_identify(src) by extensions ['ignore', 'ignore_ament_install']
[0.231s] Level 1:colcon.colcon_core.package_identification:_identify(src) by extension 'ignore'
[0.231s] Level 1:colcon.colcon_core.package_identification:_identify(src) by extension 'ignore_ament_install'
[0.231s] Level 1:colcon.colcon_core.package_identification:_identify(src) by extensions ['colcon_pkg']
[0.231s] Level 1:colcon.colcon_core.package_identification:_identify(src) by extension 'colcon_pkg'
[0.231s] Level 1:colcon.colcon_core.package_identification:_identify(src) by extensions ['colcon_meta']
[0.231s] Level 1:colcon.colcon_core.package_identification:_identify(src) by extension 'colcon_meta'
[0.231s] Level 1:colcon.colcon_core.package_identification:_identify(src) by extensions ['ros']
[0.231s] Level 1:colcon.colcon_core.package_identification:_identify(src) by extension 'ros'
[0.231s] Level 1:colcon.colcon_core.package_identification:_identify(src) by extensions ['cmake', 'python']
[0.231s] Level 1:colcon.colcon_core.package_identification:_identify(src) by extension 'cmake'
[0.231s] Level 1:colcon.colcon_core.package_identification:_identify(src) by extension 'python'
[0.231s] Level 1:colcon.colcon_core.package_identification:_identify(src) by extensions ['python_setup_py']
[0.231s] Level 1:colcon.colcon_core.package_identification:_identify(src) by extension 'python_setup_py'
[0.231s] Level 1:colcon.colcon_core.package_identification:_identify(src/py_srvcli) by extensions ['ignore', 'ignore_ament_install']
[0.231s] Level 1:colcon.colcon_core.package_identification:_identify(src/py_srvcli) by extension 'ignore'
[0.231s] Level 1:colcon.colcon_core.package_identification:_identify(src/py_srvcli) by extension 'ignore_ament_install'
[0.232s] Level 1:colcon.colcon_core.package_identification:_identify(src/py_srvcli) by extensions ['colcon_pkg']
[0.232s] Level 1:colcon.colcon_core.package_identification:_identify(src/py_srvcli) by extension 'colcon_pkg'
[0.232s] Level 1:colcon.colcon_core.package_identification:_identify(src/py_srvcli) by extensions ['colcon_meta']
[0.232s] Level 1:colcon.colcon_core.package_identification:_identify(src/py_srvcli) by extension 'colcon_meta'
[0.232s] Level 1:colcon.colcon_core.package_identification:_identify(src/py_srvcli) by extensions ['ros']
[0.232s] Level 1:colcon.colcon_core.package_identification:_identify(src/py_srvcli) by extension 'ros'
[0.233s] DEBUG:colcon.colcon_core.package_identification:Package 'src/py_srvcli' with type 'ros.ament_python' and name 'py_srvcli'
[0.233s] Level 1:colcon.colcon_core.package_identification:_identify(src/tutorial_interfaces) by extensions ['ignore', 'ignore_ament_install']
[0.233s] Level 1:colcon.colcon_core.package_identification:_identify(src/tutorial_interfaces) by extension 'ignore'
[0.233s] Level 1:colcon.colcon_core.package_identification:_identify(src/tutorial_interfaces) by extension 'ignore_ament_install'
[0.233s] Level 1:colcon.colcon_core.package_identification:_identify(src/tutorial_interfaces) by extensions ['colcon_pkg']
[0.233s] Level 1:colcon.colcon_core.package_identification:_identify(src/tutorial_interfaces) by extension 'colcon_pkg'
[0.233s] Level 1:colcon.colcon_core.package_identification:_identify(src/tutorial_interfaces) by extensions ['colcon_meta']
[0.233s] Level 1:colcon.colcon_core.package_identification:_identify(src/tutorial_interfaces) by extension 'colcon_meta'
[0.234s] Level 1:colcon.colcon_core.package_identification:_identify(src/tutorial_interfaces) by extensions ['ros']
[0.234s] Level 1:colcon.colcon_core.package_identification:_identify(src/tutorial_interfaces) by extension 'ros'
[0.234s] DEBUG:colcon.colcon_core.package_identification:Package 'src/tutorial_interfaces' with type 'ros.ament_cmake' and name 'tutorial_interfaces'
[0.234s] Level 1:colcon.colcon_core.package_discovery:discover_packages(recursive) using defaults
[0.234s] Level 1:colcon.colcon_core.package_discovery:discover_packages(ignore) discover
[0.234s] Level 1:colcon.colcon_core.package_discovery:discover_packages(ignore) using defaults
[0.234s] Level 1:colcon.colcon_core.package_discovery:discover_packages(path) discover
[0.234s] Level 1:colcon.colcon_core.package_discovery:discover_packages(path) using defaults
[0.256s] Level 1:colcon.colcon_core.package_discovery:discover_packages(prefix_path) check parameters
[0.256s] Level 1:colcon.colcon_core.package_discovery:discover_packages(prefix_path) discover
[0.259s] DEBUG:colcon.colcon_installed_package_information.package_discovery:Found 2 installed packages in /home/arjoe/ros_ws/install
[0.259s] DEBUG:colcon.colcon_installed_package_information.package_discovery:Found 5 installed packages in /home/arjoe/erc_ws/install
[0.260s] DEBUG:colcon.colcon_installed_package_information.package_discovery:Found 1 installed packages in /home/arjoe/erc_ws/src/week1_tutorials/install
[0.260s] DEBUG:colcon.colcon_installed_package_information.package_discovery:Found 284 installed packages in /opt/ros/humble
[0.261s] Level 1:colcon.colcon_core.package_discovery:discover_packages(prefix_path) using defaults
[0.281s] Level 5:colcon.colcon_core.verb:set package 'tutorial_interfaces' build argument 'cmake_args' from command line to 'None'
[0.281s] Level 5:colcon.colcon_core.verb:set package 'tutorial_interfaces' build argument 'cmake_target' from command line to 'None'
[0.281s] Level 5:colcon.colcon_core.verb:set package 'tutorial_interfaces' build argument 'cmake_target_skip_unavailable' from command line to 'False'
[0.281s] Level 5:colcon.colcon_core.verb:set package 'tutorial_interfaces' build argument 'cmake_clean_cache' from command line to 'False'
[0.281s] Level 5:colcon.colcon_core.verb:set package 'tutorial_interfaces' build argument 'cmake_clean_first' from command line to 'False'
[0.281s] Level 5:colcon.colcon_core.verb:set package 'tutorial_interfaces' build argument 'cmake_force_configure' from command line to 'False'
[0.281s] Level 5:colcon.colcon_core.verb:set package 'tutorial_interfaces' build argument 'ament_cmake_args' from command line to 'None'
[0.281s] Level 5:colcon.colcon_core.verb:set package 'tutorial_interfaces' build argument 'catkin_cmake_args' from command line to 'None'
[0.281s] Level 5:colcon.colcon_core.verb:set package 'tutorial_interfaces' build argument 'catkin_skip_building_tests' from command line to 'False'
[0.281s] DEBUG:colcon.colcon_core.verb:Building package 'tutorial_interfaces' with the following arguments: {'ament_cmake_args': None, 'build_base': '/home/arjoe/ros_ws/build/tutorial_interfaces', 'catkin_cmake_args': None, 'catkin_skip_building_tests': False, 'cmake_args': None, 'cmake_clean_cache': False, 'cmake_clean_first': False, 'cmake_force_configure': False, 'cmake_target': None, 'cmake_target_skip_unavailable': False, 'install_base': '/home/arjoe/ros_ws/install/tutorial_interfaces', 'merge_install': False, 'path': '/home/arjoe/ros_ws/src/tutorial_interfaces', 'symlink_install': False, 'test_result_base': None}
[0.281s] Level 5:colcon.colcon_core.verb:set package 'py_srvcli' build argument 'cmake_args' from command line to 'None'
[0.281s] Level 5:colcon.colcon_core.verb:set package 'py_srvcli' build argument 'cmake_target' from command line to 'None'
[0.281s] Level 5:colcon.colcon_core.verb:set package 'py_srvcli' build argument 'cmake_target_skip_unavailable' from command line to 'False'
[0.281s] Level 5:colcon.colcon_core.verb:set package 'py_srvcli' build argument 'cmake_clean_cache' from command line to 'False'
[0.281s] Level 5:colcon.colcon_core.verb:set package 'py_srvcli' build argument 'cmake_clean_first' from command line to 'False'
[0.281s] Level 5:colcon.colcon_core.verb:set package 'py_srvcli' build argument 'cmake_force_configure' from command line to 'False'
[0.281s] Level 5:colcon.colcon_core.verb:set package 'py_srvcli' build argument 'ament_cmake_args' from command line to 'None'
[0.281s] Level 5:colcon.colcon_core.verb:set package 'py_srvcli' build argument 'catkin_cmake_args' from command line to 'None'
[0.281s] Level 5:colcon.colcon_core.verb:set package 'py_srvcli' build argument 'catkin_skip_building_tests' from command line to 'False'
[0.281s] DEBUG:colcon.colcon_core.verb:Building package 'py_srvcli' with the following arguments: {'ament_cmake_args': None, 'build_base': '/home/arjoe/ros_ws/build/py_srvcli', 'catkin_cmake_args': None, 'catkin_skip_building_tests': False, 'cmake_args': None, 'cmake_clean_cache': False, 'cmake_clean_first': False, 'cmake_force_configure': False, 'cmake_target': None, 'cmake_target_skip_unavailable': False, 'install_base': '/home/arjoe/ros_ws/install/py_srvcli', 'merge_install': False, 'path': '/home/arjoe/ros_ws/src/py_srvcli', 'symlink_install': False, 'test_result_base': None}
[0.281s] INFO:colcon.colcon_core.executor:Executing jobs using 'parallel' executor
[0.282s] DEBUG:colcon.colcon_parallel_executor.executor.parallel:run_until_complete
[0.282s] INFO:colcon.colcon_ros.task.ament_cmake.build:Building ROS package in '/home/arjoe/ros_ws/src/tutorial_interfaces' with build type 'ament_cmake'
[0.282s] INFO:colcon.colcon_cmake.task.cmake.build:Building CMake package in '/home/arjoe/ros_ws/src/tutorial_interfaces'
[0.284s] INFO:colcon.colcon_core.plugin_system:Skipping extension 'colcon_core.shell.bat': Not used on non-Windows systems
[0.284s] INFO:colcon.colcon_core.shell:Skip shell extension 'powershell' for command environment: Not usable outside of PowerShell
[0.284s] DEBUG:colcon.colcon_core.shell:Skip shell extension 'dsv' for command environment
[0.290s] DEBUG:colcon.colcon_core.event_handler.log_command:Invoking command in '/home/arjoe/ros_ws/build/tutorial_interfaces': CMAKE_PREFIX_PATH=${CMAKE_PREFIX_PATH}:/home/arjoe/ros_ws/install/py_srvcli:/home/arjoe/erc_ws/install/week1_tutorials:/home/arjoe/erc_ws/install/week0_tutorials:/home/arjoe/erc_ws/install/task1:/home/arjoe/erc_ws/install/sherlock:/home/arjoe/erc_ws/install/mrs_hudson:/home/arjoe/erc_ws/src/week1_tutorials/install/week1_tutorials:/opt/ros/humble /usr/bin/cmake --build /home/arjoe/ros_ws/build/tutorial_interfaces -- -j8 -l8
[4.801s] DEBUG:colcon.colcon_core.event_handler.log_command:Invoked command in '/home/arjoe/ros_ws/build/tutorial_interfaces' returned '0': CMAKE_PREFIX_PATH=${CMAKE_PREFIX_PATH}:/home/arjoe/ros_ws/install/py_srvcli:/home/arjoe/erc_ws/install/week1_tutorials:/home/arjoe/erc_ws/install/week0_tutorials:/home/arjoe/erc_ws/install/task1:/home/arjoe/erc_ws/install/sherlock:/home/arjoe/erc_ws/install/mrs_hudson:/home/arjoe/erc_ws/src/week1_tutorials/install/week1_tutorials:/opt/ros/humble /usr/bin/cmake --build /home/arjoe/ros_ws/build/tutorial_interfaces -- -j8 -l8
[4.872s] DEBUG:colcon.colcon_core.event_handler.log_command:Invoking command in '/home/arjoe/ros_ws/build/tutorial_interfaces': CMAKE_PREFIX_PATH=${CMAKE_PREFIX_PATH}:/home/arjoe/ros_ws/install/py_srvcli:/home/arjoe/erc_ws/install/week1_tutorials:/home/arjoe/erc_ws/install/week0_tutorials:/home/arjoe/erc_ws/install/task1:/home/arjoe/erc_ws/install/sherlock:/home/arjoe/erc_ws/install/mrs_hudson:/home/arjoe/erc_ws/src/week1_tutorials/install/week1_tutorials:/opt/ros/humble /usr/bin/cmake --install /home/arjoe/ros_ws/build/tutorial_interfaces
[4.926s] Level 1:colcon.colcon_core.environment:create_environment_scripts_only(tutorial_interfaces)
[4.926s] DEBUG:colcon.colcon_core.event_handler.log_command:Invoked command in '/home/arjoe/ros_ws/build/tutorial_interfaces' returned '0': CMAKE_PREFIX_PATH=${CMAKE_PREFIX_PATH}:/home/arjoe/ros_ws/install/py_srvcli:/home/arjoe/erc_ws/install/week1_tutorials:/home/arjoe/erc_ws/install/week0_tutorials:/home/arjoe/erc_ws/install/task1:/home/arjoe/erc_ws/install/sherlock:/home/arjoe/erc_ws/install/mrs_hudson:/home/arjoe/erc_ws/src/week1_tutorials/install/week1_tutorials:/opt/ros/humble /usr/bin/cmake --install /home/arjoe/ros_ws/build/tutorial_interfaces
[4.929s] Level 1:colcon.colcon_core.environment:checking '/home/arjoe/ros_ws/install/tutorial_interfaces' for CMake module files
[4.929s] Level 1:colcon.colcon_core.environment:checking '/home/arjoe/ros_ws/install/tutorial_interfaces' for CMake config files
[4.929s] Level 1:colcon.colcon_core.shell:create_environment_hook('tutorial_interfaces', 'cmake_prefix_path')
[4.930s] INFO:colcon.colcon_core.shell:Creating environment hook '/home/arjoe/ros_ws/install/tutorial_interfaces/share/tutorial_interfaces/hook/cmake_prefix_path.ps1'
[4.930s] INFO:colcon.colcon_core.shell:Creating environment descriptor '/home/arjoe/ros_ws/install/tutorial_interfaces/share/tutorial_interfaces/hook/cmake_prefix_path.dsv'
[4.930s] INFO:colcon.colcon_core.shell:Creating environment hook '/home/arjoe/ros_ws/install/tutorial_interfaces/share/tutorial_interfaces/hook/cmake_prefix_path.sh'
[4.931s] Level 1:colcon.colcon_core.environment:checking '/home/arjoe/ros_ws/install/tutorial_interfaces/lib'
[4.931s] Level 1:colcon.colcon_core.shell:create_environment_hook('tutorial_interfaces', 'ld_library_path_lib')
[4.931s] INFO:colcon.colcon_core.shell:Creating environment hook '/home/arjoe/ros_ws/install/tutorial_interfaces/share/tutorial_interfaces/hook/ld_library_path_lib.ps1'
[4.932s] INFO:colcon.colcon_core.shell:Creating environment descriptor '/home/arjoe/ros_ws/install/tutorial_interfaces/share/tutorial_interfaces/hook/ld_library_path_lib.dsv'
[4.932s] INFO:colcon.colcon_core.shell:Creating environment hook '/home/arjoe/ros_ws/install/tutorial_interfaces/share/tutorial_interfaces/hook/ld_library_path_lib.sh'
[4.932s] Level 1:colcon.colcon_core.environment:checking '/home/arjoe/ros_ws/install/tutorial_interfaces/bin'
[4.932s] Level 1:colcon.colcon_core.environment:checking '/home/arjoe/ros_ws/install/tutorial_interfaces/lib/pkgconfig/tutorial_interfaces.pc'
[4.932s] Level 1:colcon.colcon_core.environment:checking '/home/arjoe/ros_ws/install/tutorial_interfaces/lib/python3.10/site-packages'
[4.932s] Level 1:colcon.colcon_core.environment:checking '/home/arjoe/ros_ws/install/tutorial_interfaces/bin'
[4.932s] INFO:colcon.colcon_core.shell:Creating package script '/home/arjoe/ros_ws/install/tutorial_interfaces/share/tutorial_interfaces/package.ps1'
[4.933s] INFO:colcon.colcon_core.shell:Creating package descriptor '/home/arjoe/ros_ws/install/tutorial_interfaces/share/tutorial_interfaces/package.dsv'
[4.933s] INFO:colcon.colcon_core.shell:Creating package script '/home/arjoe/ros_ws/install/tutorial_interfaces/share/tutorial_interfaces/package.sh'
[4.934s] INFO:colcon.colcon_core.shell:Creating package script '/home/arjoe/ros_ws/install/tutorial_interfaces/share/tutorial_interfaces/package.bash'
[4.934s] INFO:colcon.colcon_core.shell:Creating package script '/home/arjoe/ros_ws/install/tutorial_interfaces/share/tutorial_interfaces/package.zsh'
[4.935s] Level 1:colcon.colcon_core.environment:create_file_with_runtime_dependencies(/home/arjoe/ros_ws/install/tutorial_interfaces/share/colcon-core/packages/tutorial_interfaces)
[4.997s] Level 1:colcon.colcon_core.environment:create_environment_scripts_only(tutorial_interfaces)
[4.997s] Level 1:colcon.colcon_core.environment:checking '/home/arjoe/ros_ws/install/tutorial_interfaces' for CMake module files
[4.998s] Level 1:colcon.colcon_core.environment:checking '/home/arjoe/ros_ws/install/tutorial_interfaces' for CMake config files
[4.998s] Level 1:colcon.colcon_core.shell:create_environment_hook('tutorial_interfaces', 'cmake_prefix_path')
[4.998s] INFO:colcon.colcon_core.shell:Creating environment hook '/home/arjoe/ros_ws/install/tutorial_interfaces/share/tutorial_interfaces/hook/cmake_prefix_path.ps1'
[4.999s] INFO:colcon.colcon_core.shell:Creating environment descriptor '/home/arjoe/ros_ws/install/tutorial_interfaces/share/tutorial_interfaces/hook/cmake_prefix_path.dsv'
[4.999s] INFO:colcon.colcon_core.shell:Creating environment hook '/home/arjoe/ros_ws/install/tutorial_interfaces/share/tutorial_interfaces/hook/cmake_prefix_path.sh'
[4.999s] Level 1:colcon.colcon_core.environment:checking '/home/arjoe/ros_ws/install/tutorial_interfaces/lib'
[4.999s] Level 1:colcon.colcon_core.shell:create_environment_hook('tutorial_interfaces', 'ld_library_path_lib')
[4.999s] INFO:colcon.colcon_core.shell:Creating environment hook '/home/arjoe/ros_ws/install/tutorial_interfaces/share/tutorial_interfaces/hook/ld_library_path_lib.ps1'
[4.999s] INFO:colcon.colcon_core.shell:Creating environment descriptor '/home/arjoe/ros_ws/install/tutorial_interfaces/share/tutorial_interfaces/hook/ld_library_path_lib.dsv'
[4.999s] INFO:colcon.colcon_core.shell:Creating environment hook '/home/arjoe/ros_ws/install/tutorial_interfaces/share/tutorial_interfaces/hook/ld_library_path_lib.sh'
[5.000s] Level 1:colcon.colcon_core.environment:checking '/home/arjoe/ros_ws/install/tutorial_interfaces/bin'
[5.000s] Level 1:colcon.colcon_core.environment:checking '/home/arjoe/ros_ws/install/tutorial_interfaces/lib/pkgconfig/tutorial_interfaces.pc'
[5.000s] Level 1:colcon.colcon_core.environment:checking '/home/arjoe/ros_ws/install/tutorial_interfaces/lib/python3.10/site-packages'
[5.000s] Level 1:colcon.colcon_core.environment:checking '/home/arjoe/ros_ws/install/tutorial_interfaces/bin'
[5.000s] INFO:colcon.colcon_core.shell:Creating package script '/home/arjoe/ros_ws/install/tutorial_interfaces/share/tutorial_interfaces/package.ps1'
[5.000s] INFO:colcon.colcon_core.shell:Creating package descriptor '/home/arjoe/ros_ws/install/tutorial_interfaces/share/tutorial_interfaces/package.dsv'
[5.001s] INFO:colcon.colcon_core.shell:Creating package script '/home/arjoe/ros_ws/install/tutorial_interfaces/share/tutorial_interfaces/package.sh'
[5.001s] INFO:colcon.colcon_core.shell:Creating package script '/home/arjoe/ros_ws/install/tutorial_interfaces/share/tutorial_interfaces/package.bash'
[5.001s] INFO:colcon.colcon_core.shell:Creating package script '/home/arjoe/ros_ws/install/tutorial_interfaces/share/tutorial_interfaces/package.zsh'
[5.001s] Level 1:colcon.colcon_core.environment:create_file_with_runtime_dependencies(/home/arjoe/ros_ws/install/tutorial_interfaces/share/colcon-core/packages/tutorial_interfaces)
[5.001s] INFO:colcon.colcon_ros.task.ament_python.build:Building ROS package in '/home/arjoe/ros_ws/src/py_srvcli' with build type 'ament_python'
[5.001s] Level 1:colcon.colcon_core.shell:create_environment_hook('py_srvcli', 'ament_prefix_path')
[5.002s] INFO:colcon.colcon_core.shell:Creating environment hook '/home/arjoe/ros_ws/install/py_srvcli/share/py_srvcli/hook/ament_prefix_path.ps1'
[5.002s] INFO:colcon.colcon_core.shell:Creating environment descriptor '/home/arjoe/ros_ws/install/py_srvcli/share/py_srvcli/hook/ament_prefix_path.dsv'
[5.002s] INFO:colcon.colcon_core.shell:Creating environment hook '/home/arjoe/ros_ws/install/py_srvcli/share/py_srvcli/hook/ament_prefix_path.sh'
[5.002s] INFO:colcon.colcon_core.shell:Skip shell extension 'powershell' for command environment: Not usable outside of PowerShell
[5.003s] DEBUG:colcon.colcon_core.shell:Skip shell extension 'dsv' for command environment
[5.177s] INFO:colcon.colcon_core.task.python.build:Building Python package in '/home/arjoe/ros_ws/src/py_srvcli'
[5.177s] INFO:colcon.colcon_core.shell:Skip shell extension 'powershell' for command environment: Not usable outside of PowerShell
[5.177s] DEBUG:colcon.colcon_core.shell:Skip shell extension 'dsv' for command environment
[5.424s] DEBUG:colcon.colcon_core.event_handler.log_command:Invoking command in '/home/arjoe/ros_ws/src/py_srvcli': PYTHONPATH=/home/arjoe/ros_ws/build/py_srvcli/prefix_override:/home/arjoe/ros_ws/install/py_srvcli/lib/python3.10/site-packages:${PYTHONPATH} /usr/bin/python3 -W ignore:setup.py install is deprecated setup.py egg_info --egg-base ../../build/py_srvcli build --build-base /home/arjoe/ros_ws/build/py_srvcli/build install --record /home/arjoe/ros_ws/build/py_srvcli/install.log --single-version-externally-managed install_data
[5.630s] Level 1:colcon.colcon_core.environment:checking '/home/arjoe/ros_ws/install/py_srvcli' for CMake module files
[5.631s] DEBUG:colcon.colcon_core.event_handler.log_command:Invoked command in '/home/arjoe/ros_ws/src/py_srvcli' returned '0': PYTHONPATH=/home/arjoe/ros_ws/build/py_srvcli/prefix_override:/home/arjoe/ros_ws/install/py_srvcli/lib/python3.10/site-packages:${PYTHONPATH} /usr/bin/python3 -W ignore:setup.py install is deprecated setup.py egg_info --egg-base ../../build/py_srvcli build --build-base /home/arjoe/ros_ws/build/py_srvcli/build install --record /home/arjoe/ros_ws/build/py_srvcli/install.log --single-version-externally-managed install_data
[5.631s] Level 1:colcon.colcon_core.environment:checking '/home/arjoe/ros_ws/install/py_srvcli' for CMake config files
[5.631s] Level 1:colcon.colcon_core.environment:checking '/home/arjoe/ros_ws/install/py_srvcli/lib'
[5.632s] Level 1:colcon.colcon_core.environment:checking '/home/arjoe/ros_ws/install/py_srvcli/bin'
[5.632s] Level 1:colcon.colcon_core.environment:checking '/home/arjoe/ros_ws/install/py_srvcli/lib/pkgconfig/py_srvcli.pc'
[5.632s] Level 1:colcon.colcon_core.environment:checking '/home/arjoe/ros_ws/install/py_srvcli/lib/python3.10/site-packages'
[5.632s] Level 1:colcon.colcon_core.shell:create_environment_hook('py_srvcli', 'pythonpath')
[5.632s] INFO:colcon.colcon_core.shell:Creating environment hook '/home/arjoe/ros_ws/install/py_srvcli/share/py_srvcli/hook/pythonpath.ps1'
[5.632s] INFO:colcon.colcon_core.shell:Creating environment descriptor '/home/arjoe/ros_ws/install/py_srvcli/share/py_srvcli/hook/pythonpath.dsv'
[5.632s] INFO:colcon.colcon_core.shell:Creating environment hook '/home/arjoe/ros_ws/install/py_srvcli/share/py_srvcli/hook/pythonpath.sh'
[5.633s] Level 1:colcon.colcon_core.environment:checking '/home/arjoe/ros_ws/install/py_srvcli/bin'
[5.633s] Level 1:colcon.colcon_core.environment:create_environment_scripts_only(py_srvcli)
[5.633s] INFO:colcon.colcon_core.shell:Creating package script '/home/arjoe/ros_ws/install/py_srvcli/share/py_srvcli/package.ps1'
[5.633s] INFO:colcon.colcon_core.shell:Creating package descriptor '/home/arjoe/ros_ws/install/py_srvcli/share/py_srvcli/package.dsv'
[5.633s] INFO:colcon.colcon_core.shell:Creating package script '/home/arjoe/ros_ws/install/py_srvcli/share/py_srvcli/package.sh'
[5.633s] INFO:colcon.colcon_core.shell:Creating package script '/home/arjoe/ros_ws/install/py_srvcli/share/py_srvcli/package.bash'
[5.633s] INFO:colcon.colcon_core.shell:Creating package script '/home/arjoe/ros_ws/install/py_srvcli/share/py_srvcli/package.zsh'
[5.634s] Level 1:colcon.colcon_core.environment:create_file_with_runtime_dependencies(/home/arjoe/ros_ws/install/py_srvcli/share/colcon-core/packages/py_srvcli)
[5.634s] DEBUG:colcon.colcon_parallel_executor.executor.parallel:closing loop
[5.634s] DEBUG:colcon.colcon_parallel_executor.executor.parallel:loop closed
[5.634s] DEBUG:colcon.colcon_parallel_executor.executor.parallel:run_until_complete finished with '0'
[5.634s] DEBUG:colcon.colcon_core.event_reactor:joining thread
[5.640s] INFO:colcon.colcon_core.plugin_system:Skipping extension 'colcon_notification.desktop_notification.terminal_notifier': Not used on non-Darwin systems
[5.640s] INFO:colcon.colcon_core.plugin_system:Skipping extension 'colcon_notification.desktop_notification.win32': Not used on non-Windows systems
[5.640s] INFO:colcon.colcon_notification.desktop_notification:Sending desktop notification using 'notify2'
[5.652s] DEBUG:colcon.colcon_core.event_reactor:joined thread
[5.653s] INFO:colcon.colcon_core.shell:Creating prefix script '/home/arjoe/ros_ws/install/local_setup.ps1'
[5.654s] INFO:colcon.colcon_core.shell:Creating prefix util module '/home/arjoe/ros_ws/install/_local_setup_util_ps1.py'
[5.655s] INFO:colcon.colcon_core.shell:Creating prefix chain script '/home/arjoe/ros_ws/install/setup.ps1'
[5.656s] INFO:colcon.colcon_core.shell:Creating prefix script '/home/arjoe/ros_ws/install/local_setup.sh'
[5.657s] INFO:colcon.colcon_core.shell:Creating prefix util module '/home/arjoe/ros_ws/install/_local_setup_util_sh.py'
[5.657s] INFO:colcon.colcon_core.shell:Creating prefix chain script '/home/arjoe/ros_ws/install/setup.sh'
[5.659s] INFO:colcon.colcon_core.shell:Creating prefix script '/home/arjoe/ros_ws/install/local_setup.bash'
[5.659s] INFO:colcon.colcon_core.shell:Creating prefix chain script '/home/arjoe/ros_ws/install/setup.bash'
[5.660s] INFO:colcon.colcon_core.shell:Creating prefix script '/home/arjoe/ros_ws/install/local_setup.zsh'
[5.661s] INFO:colcon.colcon_core.shell:Creating prefix chain script '/home/arjoe/ros_ws/install/setup.zsh'
