[0.798s] Invoking command in '/home/arjoe/ros_ws/src/py_srvcli': PYTHONPATH=/home/arjoe/ros_ws/build/py_srvcli/prefix_override:/home/arjoe/ros_ws/install/py_srvcli/lib/python3.10/site-packages:${PYTHONPATH} /usr/bin/python3 -W ignore:setup.py install is deprecated setup.py egg_info --egg-base ../../build/py_srvcli build --build-base /home/arjoe/ros_ws/build/py_srvcli/build install --record /home/arjoe/ros_ws/build/py_srvcli/install.log --single-version-externally-managed install_data
[1.091s] running egg_info
[1.092s] creating ../../build/py_srvcli/py_srvcli.egg-info
[1.092s] writing ../../build/py_srvcli/py_srvcli.egg-info/PKG-INFO
[1.092s] writing dependency_links to ../../build/py_srvcli/py_srvcli.egg-info/dependency_links.txt
[1.092s] writing entry points to ../../build/py_srvcli/py_srvcli.egg-info/entry_points.txt
[1.092s] writing requirements to ../../build/py_srvcli/py_srvcli.egg-info/requires.txt
[1.092s] writing top-level names to ../../build/py_srvcli/py_srvcli.egg-info/top_level.txt
[1.093s] writing manifest file '../../build/py_srvcli/py_srvcli.egg-info/SOURCES.txt'
[1.094s] reading manifest file '../../build/py_srvcli/py_srvcli.egg-info/SOURCES.txt'
[1.095s] writing manifest file '../../build/py_srvcli/py_srvcli.egg-info/SOURCES.txt'
[1.095s] running build
[1.095s] running build_py
[1.095s] creating /home/arjoe/ros_ws/build/py_srvcli/build
[1.095s] creating /home/arjoe/ros_ws/build/py_srvcli/build/lib
[1.095s] creating /home/arjoe/ros_ws/build/py_srvcli/build/lib/py_srvcli
[1.095s] copying py_srvcli/client.py -> /home/arjoe/ros_ws/build/py_srvcli/build/lib/py_srvcli
[1.096s] copying py_srvcli/__init__.py -> /home/arjoe/ros_ws/build/py_srvcli/build/lib/py_srvcli
[1.096s] copying py_srvcli/service.py -> /home/arjoe/ros_ws/build/py_srvcli/build/lib/py_srvcli
[1.096s] running install
[1.096s] running install_lib
[1.096s] creating /home/arjoe/ros_ws/install/py_srvcli/lib/python3.10/site-packages/py_srvcli
[1.097s] copying /home/arjoe/ros_ws/build/py_srvcli/build/lib/py_srvcli/client.py -> /home/arjoe/ros_ws/install/py_srvcli/lib/python3.10/site-packages/py_srvcli
[1.097s] copying /home/arjoe/ros_ws/build/py_srvcli/build/lib/py_srvcli/__init__.py -> /home/arjoe/ros_ws/install/py_srvcli/lib/python3.10/site-packages/py_srvcli
[1.097s] copying /home/arjoe/ros_ws/build/py_srvcli/build/lib/py_srvcli/service.py -> /home/arjoe/ros_ws/install/py_srvcli/lib/python3.10/site-packages/py_srvcli
[1.097s] byte-compiling /home/arjoe/ros_ws/install/py_srvcli/lib/python3.10/site-packages/py_srvcli/client.py to client.cpython-310.pyc
[1.098s] byte-compiling /home/arjoe/ros_ws/install/py_srvcli/lib/python3.10/site-packages/py_srvcli/__init__.py to __init__.cpython-310.pyc
[1.098s] byte-compiling /home/arjoe/ros_ws/install/py_srvcli/lib/python3.10/site-packages/py_srvcli/service.py to service.cpython-310.pyc
[1.099s] running install_data
[1.099s] creating /home/arjoe/ros_ws/install/py_srvcli/share/ament_index
[1.099s] creating /home/arjoe/ros_ws/install/py_srvcli/share/ament_index/resource_index
[1.099s] creating /home/arjoe/ros_ws/install/py_srvcli/share/ament_index/resource_index/packages
[1.099s] copying resource/py_srvcli -> /home/arjoe/ros_ws/install/py_srvcli/share/ament_index/resource_index/packages
[1.099s] copying package.xml -> /home/arjoe/ros_ws/install/py_srvcli/share/py_srvcli
[1.099s] running install_egg_info
[1.102s] Copying ../../build/py_srvcli/py_srvcli.egg-info to /home/arjoe/ros_ws/install/py_srvcli/lib/python3.10/site-packages/py_srvcli-0.0.0-py3.10.egg-info
[1.102s] running install_scripts
[1.128s] Installing client script to /home/arjoe/ros_ws/install/py_srvcli/lib/py_srvcli
[1.128s] Installing server script to /home/arjoe/ros_ws/install/py_srvcli/lib/py_srvcli
[1.129s] writing list of installed files to '/home/arjoe/ros_ws/build/py_srvcli/install.log'
[1.165s] Invoked command in '/home/arjoe/ros_ws/src/py_srvcli' returned '0': PYTHONPATH=/home/arjoe/ros_ws/build/py_srvcli/prefix_override:/home/arjoe/ros_ws/install/py_srvcli/lib/python3.10/site-packages:${PYTHONPATH} /usr/bin/python3 -W ignore:setup.py install is deprecated setup.py egg_info --egg-base ../../build/py_srvcli build --build-base /home/arjoe/ros_ws/build/py_srvcli/build install --record /home/arjoe/ros_ws/build/py_srvcli/install.log --single-version-externally-managed install_data
