[0.007s] Invoking command in '/home/arjoe/ros_ws/build/tutorial_interfaces': CMAKE_PREFIX_PATH=/home/arjoe/ros_ws/install/py_srvcli:/home/arjoe/erc_ws/install/week1_tutorials:/home/arjoe/erc_ws/install/week0_tutorials:/home/arjoe/erc_ws/install/task1:/home/arjoe/erc_ws/install/sherlock:/home/arjoe/erc_ws/install/mrs_hudson:/home/arjoe/erc_ws/src/week1_tutorials/install/week1_tutorials:/opt/ros/humble /usr/bin/cmake /home/arjoe/ros_ws/src/tutorial_interfaces -DCMAKE_INSTALL_PREFIX=/home/arjoe/ros_ws/install/tutorial_interfaces
[0.091s] -- The C compiler identification is GNU 11.4.0
[0.147s] -- The CXX compiler identification is GNU 11.4.0
[0.154s] -- Detecting C compiler ABI info
[0.197s] -- Detecting C compiler ABI info - done
[0.202s] -- Check for working C compiler: /usr/bin/cc - skipped
[0.202s] -- Detecting C compile features
[0.203s] -- Detecting C compile features - done
[0.205s] -- Detecting CXX compiler ABI info
[0.254s] -- Detecting CXX compiler ABI info - done
[0.258s] -- Check for working CXX compiler: /usr/bin/c++ - skipped
[0.259s] -- Detecting CXX compile features
[0.259s] -- Detecting CXX compile features - done
[0.266s] -- Found ament_cmake: 1.3.8 (/opt/ros/humble/share/ament_cmake/cmake)
[0.373s] -- Found Python3: /usr/bin/python3 (found version "3.10.12") found components: Interpreter 
[0.450s] -- Found ament_lint_auto: 0.12.10 (/opt/ros/humble/share/ament_lint_auto/cmake)
[0.502s] -- Found geometry_msgs: 4.2.3 (/opt/ros/humble/share/geometry_msgs/cmake)
[0.536s] -- Found rosidl_generator_c: 3.1.5 (/opt/ros/humble/share/rosidl_generator_c/cmake)
[0.541s] -- Found rosidl_adapter: 3.1.5 (/opt/ros/humble/share/rosidl_adapter/cmake)
[0.548s] -- Found rosidl_generator_cpp: 3.1.5 (/opt/ros/humble/share/rosidl_generator_cpp/cmake)
[0.560s] -- Using all available rosidl_typesupport_c: rosidl_typesupport_fastrtps_c;rosidl_typesupport_introspection_c
[0.574s] -- Using all available rosidl_typesupport_cpp: rosidl_typesupport_fastrtps_cpp;rosidl_typesupport_introspection_cpp
[0.649s] -- Found rosidl_default_generators: 1.2.0 (/opt/ros/humble/share/rosidl_default_generators/cmake)
[0.800s] -- Found ament_cmake_ros: 0.10.0 (/opt/ros/humble/share/ament_cmake_ros/cmake)
[1.068s] -- Using all available rosidl_typesupport_c: rosidl_typesupport_fastrtps_c;rosidl_typesupport_introspection_c
[1.175s] -- Using all available rosidl_typesupport_cpp: rosidl_typesupport_fastrtps_cpp;rosidl_typesupport_introspection_cpp
[1.191s] -- Found PythonInterp: /usr/bin/python3 (found suitable version "3.10.12", minimum required is "3.6") 
[1.192s] -- Found python_cmake_module: 0.10.0 (/opt/ros/humble/share/python_cmake_module/cmake)
[1.210s] -- Found PythonLibs: /usr/lib/x86_64-linux-gnu/libpython3.10.so (found suitable version "3.10.12", minimum required is "3.5") 
[1.211s] -- Using PYTHON_EXECUTABLE: /usr/bin/python3
[1.211s] -- Using PYTHON_INCLUDE_DIRS: /usr/include/python3.10
[1.211s] -- Using PYTHON_LIBRARIES: /usr/lib/x86_64-linux-gnu/libpython3.10.so
[1.225s] -- Found PythonExtra: .so  
[1.267s] -- Added test 'lint_cmake' to check CMake code style
[1.268s] -- Added test 'xmllint' to check XML markup files
[1.271s] -- Configuring done
[1.290s] -- Generating done
[1.291s] -- Build files have been written to: /home/arjoe/ros_ws/build/tutorial_interfaces
[1.296s] Invoked command in '/home/arjoe/ros_ws/build/tutorial_interfaces' returned '0': CMAKE_PREFIX_PATH=/home/arjoe/ros_ws/install/py_srvcli:/home/arjoe/erc_ws/install/week1_tutorials:/home/arjoe/erc_ws/install/week0_tutorials:/home/arjoe/erc_ws/install/task1:/home/arjoe/erc_ws/install/sherlock:/home/arjoe/erc_ws/install/mrs_hudson:/home/arjoe/erc_ws/src/week1_tutorials/install/week1_tutorials:/opt/ros/humble /usr/bin/cmake /home/arjoe/ros_ws/src/tutorial_interfaces -DCMAKE_INSTALL_PREFIX=/home/arjoe/ros_ws/install/tutorial_interfaces
[1.298s] Invoking command in '/home/arjoe/ros_ws/build/tutorial_interfaces': CMAKE_PREFIX_PATH=/home/arjoe/ros_ws/install/py_srvcli:/home/arjoe/erc_ws/install/week1_tutorials:/home/arjoe/erc_ws/install/week0_tutorials:/home/arjoe/erc_ws/install/task1:/home/arjoe/erc_ws/install/sherlock:/home/arjoe/erc_ws/install/mrs_hudson:/home/arjoe/erc_ws/src/week1_tutorials/install/week1_tutorials:/opt/ros/humble /usr/bin/cmake --build /home/arjoe/ros_ws/build/tutorial_interfaces -- -j8 -l8
[1.323s] [  2%] [34m[1mGenerating C code for ROS interfaces[0m
[1.330s] [  4%] [34m[1mGenerating C++ code for ROS interfaces[0m
[1.346s] [  4%] Built target ament_cmake_python_copy_tutorial_interfaces
[1.523s] running egg_info
[1.523s] creating tutorial_interfaces.egg-info
[1.524s] writing tutorial_interfaces.egg-info/PKG-INFO
[1.524s] writing dependency_links to tutorial_interfaces.egg-info/dependency_links.txt
[1.524s] writing top-level names to tutorial_interfaces.egg-info/top_level.txt
[1.524s] writing manifest file 'tutorial_interfaces.egg-info/SOURCES.txt'
[1.525s] reading manifest file 'tutorial_interfaces.egg-info/SOURCES.txt'
[1.526s] writing manifest file 'tutorial_interfaces.egg-info/SOURCES.txt'
[1.546s] [  4%] Built target ament_cmake_python_build_tutorial_interfaces_egg
[1.575s] [  4%] Built target tutorial_interfaces__cpp
[1.582s] [  8%] [34m[1mGenerating C++ introspection for ROS interfaces[0m
[1.582s] [  8%] [34m[1mGenerating C++ type support for eProsima Fast-RTPS[0m
[1.586s] [ 10%] [34m[1mGenerating C++ type support dispatch for ROS interfaces[0m
[1.753s] [ 14%] [32mBuilding C object CMakeFiles/tutorial_interfaces__rosidl_generator_c.dir/rosidl_generator_c/tutorial_interfaces/msg/detail/num__functions.c.o[0m
[1.754s] [ 14%] [32mBuilding C object CMakeFiles/tutorial_interfaces__rosidl_generator_c.dir/rosidl_generator_c/tutorial_interfaces/msg/detail/sphere__functions.c.o[0m
[1.756s] [ 17%] [32mBuilding C object CMakeFiles/tutorial_interfaces__rosidl_generator_c.dir/rosidl_generator_c/tutorial_interfaces/srv/detail/add_three_ints__functions.c.o[0m
[1.821s] [ 19%] [32m[1mLinking C shared library libtutorial_interfaces__rosidl_generator_c.so[0m
[1.855s] [ 23%] [32mBuilding CXX object CMakeFiles/tutorial_interfaces__rosidl_typesupport_fastrtps_cpp.dir/rosidl_typesupport_fastrtps_cpp/tutorial_interfaces/msg/detail/dds_fastrtps/sphere__type_support.cpp.o[0m
[1.855s] [ 23%] [32mBuilding CXX object CMakeFiles/tutorial_interfaces__rosidl_typesupport_fastrtps_cpp.dir/rosidl_typesupport_fastrtps_cpp/tutorial_interfaces/msg/detail/dds_fastrtps/num__type_support.cpp.o[0m
[1.855s] [ 25%] [32mBuilding CXX object CMakeFiles/tutorial_interfaces__rosidl_typesupport_fastrtps_cpp.dir/rosidl_typesupport_fastrtps_cpp/tutorial_interfaces/srv/detail/dds_fastrtps/add_three_ints__type_support.cpp.o[0m
[1.858s] [ 25%] Built target tutorial_interfaces__rosidl_generator_c
[1.875s] [ 29%] [34m[1mGenerating C type support for eProsima Fast-RTPS[0m
[1.875s] [ 29%] [34m[1mGenerating C introspection for ROS interfaces[0m
[1.881s] [ 31%] [34m[1mGenerating C type support dispatch for ROS interfaces[0m
[1.892s] [ 34%] [32mBuilding CXX object CMakeFiles/tutorial_interfaces__rosidl_typesupport_introspection_cpp.dir/rosidl_typesupport_introspection_cpp/tutorial_interfaces/msg/detail/num__type_support.cpp.o[0m
[1.911s] [ 36%] [32mBuilding CXX object CMakeFiles/tutorial_interfaces__rosidl_typesupport_cpp.dir/rosidl_typesupport_cpp/tutorial_interfaces/msg/num__type_support.cpp.o[0m
[2.208s] [ 38%] [32mBuilding CXX object CMakeFiles/tutorial_interfaces__rosidl_typesupport_cpp.dir/rosidl_typesupport_cpp/tutorial_interfaces/msg/sphere__type_support.cpp.o[0m
[2.322s] [ 40%] [32mBuilding CXX object CMakeFiles/tutorial_interfaces__rosidl_typesupport_c.dir/rosidl_typesupport_c/tutorial_interfaces/msg/num__type_support.cpp.o[0m
[2.336s] [ 42%] [32mBuilding CXX object CMakeFiles/tutorial_interfaces__rosidl_typesupport_c.dir/rosidl_typesupport_c/tutorial_interfaces/msg/sphere__type_support.cpp.o[0m
[2.350s] [ 44%] [32mBuilding C object CMakeFiles/tutorial_interfaces__rosidl_typesupport_introspection_c.dir/rosidl_typesupport_introspection_c/tutorial_interfaces/msg/detail/num__type_support.c.o[0m
[2.360s] [ 46%] [32mBuilding CXX object CMakeFiles/tutorial_interfaces__rosidl_typesupport_c.dir/rosidl_typesupport_c/tutorial_interfaces/srv/add_three_ints__type_support.cpp.o[0m
[2.373s] [ 48%] [32mBuilding C object CMakeFiles/tutorial_interfaces__rosidl_typesupport_introspection_c.dir/rosidl_typesupport_introspection_c/tutorial_interfaces/msg/detail/sphere__type_support.c.o[0m
[2.389s] [ 51%] [32mBuilding C object CMakeFiles/tutorial_interfaces__rosidl_typesupport_introspection_c.dir/rosidl_typesupport_introspection_c/tutorial_interfaces/srv/detail/add_three_ints__type_support.c.o[0m
[2.396s] [ 53%] [32m[1mLinking CXX shared library libtutorial_interfaces__rosidl_typesupport_c.so[0m
[2.416s] [ 55%] [32mBuilding CXX object CMakeFiles/tutorial_interfaces__rosidl_typesupport_cpp.dir/rosidl_typesupport_cpp/tutorial_interfaces/srv/add_three_ints__type_support.cpp.o[0m
[2.427s] [ 57%] [32mBuilding CXX object CMakeFiles/tutorial_interfaces__rosidl_typesupport_introspection_cpp.dir/rosidl_typesupport_introspection_cpp/tutorial_interfaces/msg/detail/sphere__type_support.cpp.o[0m
[2.433s] [ 59%] [32m[1mLinking C shared library libtutorial_interfaces__rosidl_typesupport_introspection_c.so[0m
[2.435s] [ 61%] [32mBuilding CXX object CMakeFiles/tutorial_interfaces__rosidl_typesupport_introspection_cpp.dir/rosidl_typesupport_introspection_cpp/tutorial_interfaces/srv/detail/add_three_ints__type_support.cpp.o[0m
[2.435s] [ 63%] [32mBuilding CXX object CMakeFiles/tutorial_interfaces__rosidl_typesupport_fastrtps_c.dir/rosidl_typesupport_fastrtps_c/tutorial_interfaces/msg/detail/num__type_support_c.cpp.o[0m
[2.455s] [ 63%] Built target tutorial_interfaces__rosidl_typesupport_c
[2.463s] [ 65%] [32m[1mLinking CXX shared library libtutorial_interfaces__rosidl_typesupport_fastrtps_cpp.so[0m
[2.464s] [ 68%] [32mBuilding CXX object CMakeFiles/tutorial_interfaces__rosidl_typesupport_fastrtps_c.dir/rosidl_typesupport_fastrtps_c/tutorial_interfaces/msg/detail/sphere__type_support_c.cpp.o[0m
[2.472s] [ 68%] Built target tutorial_interfaces__rosidl_typesupport_introspection_c
[2.481s] [ 70%] [32mBuilding CXX object CMakeFiles/tutorial_interfaces__rosidl_typesupport_fastrtps_c.dir/rosidl_typesupport_fastrtps_c/tutorial_interfaces/srv/detail/add_three_ints__type_support_c.cpp.o[0m
[2.592s] [ 70%] Built target tutorial_interfaces__rosidl_typesupport_fastrtps_cpp
[2.781s] [ 72%] [32m[1mLinking CXX shared library libtutorial_interfaces__rosidl_typesupport_cpp.so[0m
[2.813s] [ 72%] Built target tutorial_interfaces__rosidl_typesupport_cpp
[2.877s] [ 74%] [32m[1mLinking CXX shared library libtutorial_interfaces__rosidl_typesupport_introspection_cpp.so[0m
[2.883s] [ 76%] [32m[1mLinking CXX shared library libtutorial_interfaces__rosidl_typesupport_fastrtps_c.so[0m
[2.924s] [ 76%] Built target tutorial_interfaces__rosidl_typesupport_introspection_cpp
[2.937s] [ 76%] Built target tutorial_interfaces__rosidl_typesupport_fastrtps_c
[2.952s] [ 76%] Built target tutorial_interfaces
[2.966s] [ 78%] [34m[1mGenerating Python code for ROS interfaces[0m
[3.246s] [ 78%] Built target tutorial_interfaces__py
[3.261s] [ 82%] [32mBuilding C object CMakeFiles/tutorial_interfaces__rosidl_generator_py.dir/rosidl_generator_py/tutorial_interfaces/msg/_sphere_s.c.o[0m
[3.261s] [ 82%] [32mBuilding C object CMakeFiles/tutorial_interfaces__rosidl_generator_py.dir/rosidl_generator_py/tutorial_interfaces/msg/_num_s.c.o[0m
[3.263s] [ 85%] [32mBuilding C object CMakeFiles/tutorial_interfaces__rosidl_generator_py.dir/rosidl_generator_py/tutorial_interfaces/srv/_add_three_ints_s.c.o[0m
[3.352s] [ 87%] [32m[1mLinking C shared library rosidl_generator_py/tutorial_interfaces/libtutorial_interfaces__rosidl_generator_py.so[0m
[3.378s] [ 87%] Built target tutorial_interfaces__rosidl_generator_py
[3.392s] [ 89%] [32mBuilding C object CMakeFiles/tutorial_interfaces__rosidl_typesupport_fastrtps_c__pyext.dir/rosidl_generator_py/tutorial_interfaces/_tutorial_interfaces_s.ep.rosidl_typesupport_fastrtps_c.c.o[0m
[3.394s] [ 91%] [32mBuilding C object CMakeFiles/tutorial_interfaces__rosidl_typesupport_c__pyext.dir/rosidl_generator_py/tutorial_interfaces/_tutorial_interfaces_s.ep.rosidl_typesupport_c.c.o[0m
[3.394s] [ 93%] [32mBuilding C object CMakeFiles/tutorial_interfaces__rosidl_typesupport_introspection_c__pyext.dir/rosidl_generator_py/tutorial_interfaces/_tutorial_interfaces_s.ep.rosidl_typesupport_introspection_c.c.o[0m
[3.464s] [ 97%] [32m[1mLinking C shared library rosidl_generator_py/tutorial_interfaces/tutorial_interfaces_s__rosidl_typesupport_fastrtps_c.cpython-310-x86_64-linux-gnu.so[0m
[3.464s] [ 97%] [32m[1mLinking C shared library rosidl_generator_py/tutorial_interfaces/tutorial_interfaces_s__rosidl_typesupport_c.cpython-310-x86_64-linux-gnu.so[0m
[3.491s] [ 97%] Built target tutorial_interfaces__rosidl_typesupport_fastrtps_c__pyext
[3.491s] [ 97%] Built target tutorial_interfaces__rosidl_typesupport_c__pyext
[3.503s] [100%] [32m[1mLinking C shared library rosidl_generator_py/tutorial_interfaces/tutorial_interfaces_s__rosidl_typesupport_introspection_c.cpython-310-x86_64-linux-gnu.so[0m
[3.527s] [100%] Built target tutorial_interfaces__rosidl_typesupport_introspection_c__pyext
[3.534s] Invoked command in '/home/arjoe/ros_ws/build/tutorial_interfaces' returned '0': CMAKE_PREFIX_PATH=/home/arjoe/ros_ws/install/py_srvcli:/home/arjoe/erc_ws/install/week1_tutorials:/home/arjoe/erc_ws/install/week0_tutorials:/home/arjoe/erc_ws/install/task1:/home/arjoe/erc_ws/install/sherlock:/home/arjoe/erc_ws/install/mrs_hudson:/home/arjoe/erc_ws/src/week1_tutorials/install/week1_tutorials:/opt/ros/humble /usr/bin/cmake --build /home/arjoe/ros_ws/build/tutorial_interfaces -- -j8 -l8
[3.595s] Invoking command in '/home/arjoe/ros_ws/build/tutorial_interfaces': CMAKE_PREFIX_PATH=/home/arjoe/ros_ws/install/py_srvcli:/home/arjoe/erc_ws/install/week1_tutorials:/home/arjoe/erc_ws/install/week0_tutorials:/home/arjoe/erc_ws/install/task1:/home/arjoe/erc_ws/install/sherlock:/home/arjoe/erc_ws/install/mrs_hudson:/home/arjoe/erc_ws/src/week1_tutorials/install/week1_tutorials:/opt/ros/humble /usr/bin/cmake --install /home/arjoe/ros_ws/build/tutorial_interfaces
[3.600s] -- Install configuration: ""
[3.600s] -- Installing: /home/arjoe/ros_ws/install/tutorial_interfaces/share/ament_index/resource_index/rosidl_interfaces/tutorial_interfaces
[3.600s] -- Installing: /home/arjoe/ros_ws/install/tutorial_interfaces/include/tutorial_interfaces/tutorial_interfaces
[3.600s] -- Installing: /home/arjoe/ros_ws/install/tutorial_interfaces/include/tutorial_interfaces/tutorial_interfaces/srv
[3.600s] -- Installing: /home/arjoe/ros_ws/install/tutorial_interfaces/include/tutorial_interfaces/tutorial_interfaces/srv/add_three_ints.h
[3.600s] -- Installing: /home/arjoe/ros_ws/install/tutorial_interfaces/include/tutorial_interfaces/tutorial_interfaces/srv/detail
[3.600s] -- Installing: /home/arjoe/ros_ws/install/tutorial_interfaces/include/tutorial_interfaces/tutorial_interfaces/srv/detail/add_three_ints__functions.c
[3.600s] -- Installing: /home/arjoe/ros_ws/install/tutorial_interfaces/include/tutorial_interfaces/tutorial_interfaces/srv/detail/add_three_ints__functions.h
[3.600s] -- Installing: /home/arjoe/ros_ws/install/tutorial_interfaces/include/tutorial_interfaces/tutorial_interfaces/srv/detail/add_three_ints__struct.h
[3.600s] -- Installing: /home/arjoe/ros_ws/install/tutorial_interfaces/include/tutorial_interfaces/tutorial_interfaces/srv/detail/add_three_ints__type_support.h
[3.600s] -- Installing: /home/arjoe/ros_ws/install/tutorial_interfaces/include/tutorial_interfaces/tutorial_interfaces/msg
[3.600s] -- Installing: /home/arjoe/ros_ws/install/tutorial_interfaces/include/tutorial_interfaces/tutorial_interfaces/msg/sphere.h
[3.600s] -- Installing: /home/arjoe/ros_ws/install/tutorial_interfaces/include/tutorial_interfaces/tutorial_interfaces/msg/num.h
[3.600s] -- Installing: /home/arjoe/ros_ws/install/tutorial_interfaces/include/tutorial_interfaces/tutorial_interfaces/msg/rosidl_generator_c__visibility_control.h
[3.600s] -- Installing: /home/arjoe/ros_ws/install/tutorial_interfaces/include/tutorial_interfaces/tutorial_interfaces/msg/detail
[3.600s] -- Installing: /home/arjoe/ros_ws/install/tutorial_interfaces/include/tutorial_interfaces/tutorial_interfaces/msg/detail/num__functions.c
[3.600s] -- Installing: /home/arjoe/ros_ws/install/tutorial_interfaces/include/tutorial_interfaces/tutorial_interfaces/msg/detail/sphere__functions.h
[3.600s] -- Installing: /home/arjoe/ros_ws/install/tutorial_interfaces/include/tutorial_interfaces/tutorial_interfaces/msg/detail/sphere__type_support.h
[3.600s] -- Installing: /home/arjoe/ros_ws/install/tutorial_interfaces/include/tutorial_interfaces/tutorial_interfaces/msg/detail/sphere__functions.c
[3.600s] -- Installing: /home/arjoe/ros_ws/install/tutorial_interfaces/include/tutorial_interfaces/tutorial_interfaces/msg/detail/num__functions.h
[3.601s] -- Installing: /home/arjoe/ros_ws/install/tutorial_interfaces/include/tutorial_interfaces/tutorial_interfaces/msg/detail/num__struct.h
[3.601s] -- Installing: /home/arjoe/ros_ws/install/tutorial_interfaces/include/tutorial_interfaces/tutorial_interfaces/msg/detail/sphere__struct.h
[3.601s] -- Installing: /home/arjoe/ros_ws/install/tutorial_interfaces/include/tutorial_interfaces/tutorial_interfaces/msg/detail/num__type_support.h
[3.601s] -- Installing: /home/arjoe/ros_ws/install/tutorial_interfaces/share/tutorial_interfaces/environment/library_path.sh
[3.601s] -- Installing: /home/arjoe/ros_ws/install/tutorial_interfaces/share/tutorial_interfaces/environment/library_path.dsv
[3.601s] -- Installing: /home/arjoe/ros_ws/install/tutorial_interfaces/lib/libtutorial_interfaces__rosidl_generator_c.so
[3.601s] -- Set runtime path of "/home/arjoe/ros_ws/install/tutorial_interfaces/lib/libtutorial_interfaces__rosidl_generator_c.so" to ""
[3.601s] -- Up-to-date: /home/arjoe/ros_ws/install/tutorial_interfaces/include/tutorial_interfaces/tutorial_interfaces
[3.601s] -- Up-to-date: /home/arjoe/ros_ws/install/tutorial_interfaces/include/tutorial_interfaces/tutorial_interfaces/srv
[3.601s] -- Up-to-date: /home/arjoe/ros_ws/install/tutorial_interfaces/include/tutorial_interfaces/tutorial_interfaces/srv/detail
[3.601s] -- Installing: /home/arjoe/ros_ws/install/tutorial_interfaces/include/tutorial_interfaces/tutorial_interfaces/srv/detail/add_three_ints__rosidl_typesupport_fastrtps_c.h
[3.601s] -- Up-to-date: /home/arjoe/ros_ws/install/tutorial_interfaces/include/tutorial_interfaces/tutorial_interfaces/msg
[3.601s] -- Installing: /home/arjoe/ros_ws/install/tutorial_interfaces/include/tutorial_interfaces/tutorial_interfaces/msg/rosidl_typesupport_fastrtps_c__visibility_control.h
[3.601s] -- Up-to-date: /home/arjoe/ros_ws/install/tutorial_interfaces/include/tutorial_interfaces/tutorial_interfaces/msg/detail
[3.601s] -- Installing: /home/arjoe/ros_ws/install/tutorial_interfaces/include/tutorial_interfaces/tutorial_interfaces/msg/detail/num__rosidl_typesupport_fastrtps_c.h
[3.601s] -- Installing: /home/arjoe/ros_ws/install/tutorial_interfaces/include/tutorial_interfaces/tutorial_interfaces/msg/detail/sphere__rosidl_typesupport_fastrtps_c.h
[3.601s] -- Installing: /home/arjoe/ros_ws/install/tutorial_interfaces/lib/libtutorial_interfaces__rosidl_typesupport_fastrtps_c.so
[3.601s] -- Set runtime path of "/home/arjoe/ros_ws/install/tutorial_interfaces/lib/libtutorial_interfaces__rosidl_typesupport_fastrtps_c.so" to ""
[3.602s] -- Up-to-date: /home/arjoe/ros_ws/install/tutorial_interfaces/include/tutorial_interfaces/tutorial_interfaces
[3.602s] -- Up-to-date: /home/arjoe/ros_ws/install/tutorial_interfaces/include/tutorial_interfaces/tutorial_interfaces/srv
[3.602s] -- Installing: /home/arjoe/ros_ws/install/tutorial_interfaces/include/tutorial_interfaces/tutorial_interfaces/srv/add_three_ints.hpp
[3.602s] -- Up-to-date: /home/arjoe/ros_ws/install/tutorial_interfaces/include/tutorial_interfaces/tutorial_interfaces/srv/detail
[3.602s] -- Installing: /home/arjoe/ros_ws/install/tutorial_interfaces/include/tutorial_interfaces/tutorial_interfaces/srv/detail/add_three_ints__struct.hpp
[3.602s] -- Installing: /home/arjoe/ros_ws/install/tutorial_interfaces/include/tutorial_interfaces/tutorial_interfaces/srv/detail/add_three_ints__builder.hpp
[3.602s] -- Installing: /home/arjoe/ros_ws/install/tutorial_interfaces/include/tutorial_interfaces/tutorial_interfaces/srv/detail/add_three_ints__traits.hpp
[3.602s] -- Up-to-date: /home/arjoe/ros_ws/install/tutorial_interfaces/include/tutorial_interfaces/tutorial_interfaces/msg
[3.602s] -- Installing: /home/arjoe/ros_ws/install/tutorial_interfaces/include/tutorial_interfaces/tutorial_interfaces/msg/num.hpp
[3.602s] -- Installing: /home/arjoe/ros_ws/install/tutorial_interfaces/include/tutorial_interfaces/tutorial_interfaces/msg/sphere.hpp
[3.602s] -- Up-to-date: /home/arjoe/ros_ws/install/tutorial_interfaces/include/tutorial_interfaces/tutorial_interfaces/msg/detail
[3.602s] -- Installing: /home/arjoe/ros_ws/install/tutorial_interfaces/include/tutorial_interfaces/tutorial_interfaces/msg/detail/num__builder.hpp
[3.603s] -- Installing: /home/arjoe/ros_ws/install/tutorial_interfaces/include/tutorial_interfaces/tutorial_interfaces/msg/detail/sphere__builder.hpp
[3.603s] -- Installing: /home/arjoe/ros_ws/install/tutorial_interfaces/include/tutorial_interfaces/tutorial_interfaces/msg/detail/sphere__struct.hpp
[3.603s] -- Installing: /home/arjoe/ros_ws/install/tutorial_interfaces/include/tutorial_interfaces/tutorial_interfaces/msg/detail/num__traits.hpp
[3.603s] -- Installing: /home/arjoe/ros_ws/install/tutorial_interfaces/include/tutorial_interfaces/tutorial_interfaces/msg/detail/num__struct.hpp
[3.603s] -- Installing: /home/arjoe/ros_ws/install/tutorial_interfaces/include/tutorial_interfaces/tutorial_interfaces/msg/detail/sphere__traits.hpp
[3.603s] -- Up-to-date: /home/arjoe/ros_ws/install/tutorial_interfaces/include/tutorial_interfaces/tutorial_interfaces
[3.603s] -- Up-to-date: /home/arjoe/ros_ws/install/tutorial_interfaces/include/tutorial_interfaces/tutorial_interfaces/srv
[3.603s] -- Up-to-date: /home/arjoe/ros_ws/install/tutorial_interfaces/include/tutorial_interfaces/tutorial_interfaces/srv/detail
[3.603s] -- Installing: /home/arjoe/ros_ws/install/tutorial_interfaces/include/tutorial_interfaces/tutorial_interfaces/srv/detail/add_three_ints__rosidl_typesupport_fastrtps_cpp.hpp
[3.603s] -- Installing: /home/arjoe/ros_ws/install/tutorial_interfaces/include/tutorial_interfaces/tutorial_interfaces/srv/detail/dds_fastrtps
[3.603s] -- Up-to-date: /home/arjoe/ros_ws/install/tutorial_interfaces/include/tutorial_interfaces/tutorial_interfaces/msg
[3.604s] -- Installing: /home/arjoe/ros_ws/install/tutorial_interfaces/include/tutorial_interfaces/tutorial_interfaces/msg/rosidl_typesupport_fastrtps_cpp__visibility_control.h
[3.604s] -- Up-to-date: /home/arjoe/ros_ws/install/tutorial_interfaces/include/tutorial_interfaces/tutorial_interfaces/msg/detail
[3.604s] -- Installing: /home/arjoe/ros_ws/install/tutorial_interfaces/include/tutorial_interfaces/tutorial_interfaces/msg/detail/sphere__rosidl_typesupport_fastrtps_cpp.hpp
[3.604s] -- Installing: /home/arjoe/ros_ws/install/tutorial_interfaces/include/tutorial_interfaces/tutorial_interfaces/msg/detail/num__rosidl_typesupport_fastrtps_cpp.hpp
[3.604s] -- Installing: /home/arjoe/ros_ws/install/tutorial_interfaces/include/tutorial_interfaces/tutorial_interfaces/msg/detail/dds_fastrtps
[3.604s] -- Installing: /home/arjoe/ros_ws/install/tutorial_interfaces/lib/libtutorial_interfaces__rosidl_typesupport_fastrtps_cpp.so
[3.604s] -- Set runtime path of "/home/arjoe/ros_ws/install/tutorial_interfaces/lib/libtutorial_interfaces__rosidl_typesupport_fastrtps_cpp.so" to ""
[3.604s] -- Up-to-date: /home/arjoe/ros_ws/install/tutorial_interfaces/include/tutorial_interfaces/tutorial_interfaces
[3.604s] -- Up-to-date: /home/arjoe/ros_ws/install/tutorial_interfaces/include/tutorial_interfaces/tutorial_interfaces/srv
[3.604s] -- Up-to-date: /home/arjoe/ros_ws/install/tutorial_interfaces/include/tutorial_interfaces/tutorial_interfaces/srv/detail
[3.605s] -- Installing: /home/arjoe/ros_ws/install/tutorial_interfaces/include/tutorial_interfaces/tutorial_interfaces/srv/detail/add_three_ints__type_support.c
[3.605s] -- Installing: /home/arjoe/ros_ws/install/tutorial_interfaces/include/tutorial_interfaces/tutorial_interfaces/srv/detail/add_three_ints__rosidl_typesupport_introspection_c.h
[3.605s] -- Up-to-date: /home/arjoe/ros_ws/install/tutorial_interfaces/include/tutorial_interfaces/tutorial_interfaces/msg
[3.605s] -- Installing: /home/arjoe/ros_ws/install/tutorial_interfaces/include/tutorial_interfaces/tutorial_interfaces/msg/rosidl_typesupport_introspection_c__visibility_control.h
[3.605s] -- Up-to-date: /home/arjoe/ros_ws/install/tutorial_interfaces/include/tutorial_interfaces/tutorial_interfaces/msg/detail
[3.605s] -- Installing: /home/arjoe/ros_ws/install/tutorial_interfaces/include/tutorial_interfaces/tutorial_interfaces/msg/detail/num__type_support.c
[3.605s] -- Installing: /home/arjoe/ros_ws/install/tutorial_interfaces/include/tutorial_interfaces/tutorial_interfaces/msg/detail/sphere__type_support.c
[3.605s] -- Installing: /home/arjoe/ros_ws/install/tutorial_interfaces/include/tutorial_interfaces/tutorial_interfaces/msg/detail/num__rosidl_typesupport_introspection_c.h
[3.605s] -- Installing: /home/arjoe/ros_ws/install/tutorial_interfaces/include/tutorial_interfaces/tutorial_interfaces/msg/detail/sphere__rosidl_typesupport_introspection_c.h
[3.605s] -- Installing: /home/arjoe/ros_ws/install/tutorial_interfaces/lib/libtutorial_interfaces__rosidl_typesupport_introspection_c.so
[3.605s] -- Set runtime path of "/home/arjoe/ros_ws/install/tutorial_interfaces/lib/libtutorial_interfaces__rosidl_typesupport_introspection_c.so" to ""
[3.606s] -- Installing: /home/arjoe/ros_ws/install/tutorial_interfaces/lib/libtutorial_interfaces__rosidl_typesupport_c.so
[3.606s] -- Set runtime path of "/home/arjoe/ros_ws/install/tutorial_interfaces/lib/libtutorial_interfaces__rosidl_typesupport_c.so" to ""
[3.606s] -- Up-to-date: /home/arjoe/ros_ws/install/tutorial_interfaces/include/tutorial_interfaces/tutorial_interfaces
[3.606s] -- Up-to-date: /home/arjoe/ros_ws/install/tutorial_interfaces/include/tutorial_interfaces/tutorial_interfaces/srv
[3.606s] -- Up-to-date: /home/arjoe/ros_ws/install/tutorial_interfaces/include/tutorial_interfaces/tutorial_interfaces/srv/detail
[3.606s] -- Installing: /home/arjoe/ros_ws/install/tutorial_interfaces/include/tutorial_interfaces/tutorial_interfaces/srv/detail/add_three_ints__type_support.cpp
[3.606s] -- Installing: /home/arjoe/ros_ws/install/tutorial_interfaces/include/tutorial_interfaces/tutorial_interfaces/srv/detail/add_three_ints__rosidl_typesupport_introspection_cpp.hpp
[3.606s] -- Up-to-date: /home/arjoe/ros_ws/install/tutorial_interfaces/include/tutorial_interfaces/tutorial_interfaces/msg
[3.606s] -- Up-to-date: /home/arjoe/ros_ws/install/tutorial_interfaces/include/tutorial_interfaces/tutorial_interfaces/msg/detail
[3.606s] -- Installing: /home/arjoe/ros_ws/install/tutorial_interfaces/include/tutorial_interfaces/tutorial_interfaces/msg/detail/sphere__type_support.cpp
[3.606s] -- Installing: /home/arjoe/ros_ws/install/tutorial_interfaces/include/tutorial_interfaces/tutorial_interfaces/msg/detail/num__type_support.cpp
[3.606s] -- Installing: /home/arjoe/ros_ws/install/tutorial_interfaces/include/tutorial_interfaces/tutorial_interfaces/msg/detail/num__rosidl_typesupport_introspection_cpp.hpp
[3.607s] -- Installing: /home/arjoe/ros_ws/install/tutorial_interfaces/include/tutorial_interfaces/tutorial_interfaces/msg/detail/sphere__rosidl_typesupport_introspection_cpp.hpp
[3.607s] -- Installing: /home/arjoe/ros_ws/install/tutorial_interfaces/lib/libtutorial_interfaces__rosidl_typesupport_introspection_cpp.so
[3.607s] -- Set runtime path of "/home/arjoe/ros_ws/install/tutorial_interfaces/lib/libtutorial_interfaces__rosidl_typesupport_introspection_cpp.so" to ""
[3.607s] -- Installing: /home/arjoe/ros_ws/install/tutorial_interfaces/lib/libtutorial_interfaces__rosidl_typesupport_cpp.so
[3.607s] -- Set runtime path of "/home/arjoe/ros_ws/install/tutorial_interfaces/lib/libtutorial_interfaces__rosidl_typesupport_cpp.so" to ""
[3.607s] -- Installing: /home/arjoe/ros_ws/install/tutorial_interfaces/share/tutorial_interfaces/environment/pythonpath.sh
[3.607s] -- Installing: /home/arjoe/ros_ws/install/tutorial_interfaces/share/tutorial_interfaces/environment/pythonpath.dsv
[3.607s] -- Installing: /home/arjoe/ros_ws/install/tutorial_interfaces/local/lib/python3.10/dist-packages/tutorial_interfaces-0.0.0-py3.10.egg-info
[3.607s] -- Installing: /home/arjoe/ros_ws/install/tutorial_interfaces/local/lib/python3.10/dist-packages/tutorial_interfaces-0.0.0-py3.10.egg-info/dependency_links.txt
[3.607s] -- Installing: /home/arjoe/ros_ws/install/tutorial_interfaces/local/lib/python3.10/dist-packages/tutorial_interfaces-0.0.0-py3.10.egg-info/top_level.txt
[3.607s] -- Installing: /home/arjoe/ros_ws/install/tutorial_interfaces/local/lib/python3.10/dist-packages/tutorial_interfaces-0.0.0-py3.10.egg-info/PKG-INFO
[3.607s] -- Installing: /home/arjoe/ros_ws/install/tutorial_interfaces/local/lib/python3.10/dist-packages/tutorial_interfaces-0.0.0-py3.10.egg-info/SOURCES.txt
[3.607s] -- Installing: /home/arjoe/ros_ws/install/tutorial_interfaces/local/lib/python3.10/dist-packages/tutorial_interfaces
[3.608s] -- Installing: /home/arjoe/ros_ws/install/tutorial_interfaces/local/lib/python3.10/dist-packages/tutorial_interfaces/tutorial_interfaces_s__rosidl_typesupport_introspection_c.cpython-310-x86_64-linux-gnu.so
[3.608s] -- Installing: /home/arjoe/ros_ws/install/tutorial_interfaces/local/lib/python3.10/dist-packages/tutorial_interfaces/srv
[3.608s] -- Installing: /home/arjoe/ros_ws/install/tutorial_interfaces/local/lib/python3.10/dist-packages/tutorial_interfaces/srv/_add_three_ints_s.c
[3.608s] -- Installing: /home/arjoe/ros_ws/install/tutorial_interfaces/local/lib/python3.10/dist-packages/tutorial_interfaces/srv/_add_three_ints.py
[3.608s] -- Installing: /home/arjoe/ros_ws/install/tutorial_interfaces/local/lib/python3.10/dist-packages/tutorial_interfaces/srv/__init__.py
[3.608s] -- Installing: /home/arjoe/ros_ws/install/tutorial_interfaces/local/lib/python3.10/dist-packages/tutorial_interfaces/tutorial_interfaces_s__rosidl_typesupport_fastrtps_c.cpython-310-x86_64-linux-gnu.so
[3.608s] -- Installing: /home/arjoe/ros_ws/install/tutorial_interfaces/local/lib/python3.10/dist-packages/tutorial_interfaces/_tutorial_interfaces_s.ep.rosidl_typesupport_fastrtps_c.c
[3.608s] -- Installing: /home/arjoe/ros_ws/install/tutorial_interfaces/local/lib/python3.10/dist-packages/tutorial_interfaces/libtutorial_interfaces__rosidl_generator_py.so
[3.608s] -- Installing: /home/arjoe/ros_ws/install/tutorial_interfaces/local/lib/python3.10/dist-packages/tutorial_interfaces/msg
[3.608s] -- Installing: /home/arjoe/ros_ws/install/tutorial_interfaces/local/lib/python3.10/dist-packages/tutorial_interfaces/msg/_sphere_s.c
[3.608s] -- Installing: /home/arjoe/ros_ws/install/tutorial_interfaces/local/lib/python3.10/dist-packages/tutorial_interfaces/msg/__init__.py
[3.608s] -- Installing: /home/arjoe/ros_ws/install/tutorial_interfaces/local/lib/python3.10/dist-packages/tutorial_interfaces/msg/_sphere.py
[3.608s] -- Installing: /home/arjoe/ros_ws/install/tutorial_interfaces/local/lib/python3.10/dist-packages/tutorial_interfaces/msg/_num.py
[3.608s] -- Installing: /home/arjoe/ros_ws/install/tutorial_interfaces/local/lib/python3.10/dist-packages/tutorial_interfaces/msg/_num_s.c
[3.608s] -- Installing: /home/arjoe/ros_ws/install/tutorial_interfaces/local/lib/python3.10/dist-packages/tutorial_interfaces/_tutorial_interfaces_s.ep.rosidl_typesupport_introspection_c.c
[3.609s] -- Installing: /home/arjoe/ros_ws/install/tutorial_interfaces/local/lib/python3.10/dist-packages/tutorial_interfaces/__init__.py
[3.609s] -- Installing: /home/arjoe/ros_ws/install/tutorial_interfaces/local/lib/python3.10/dist-packages/tutorial_interfaces/tutorial_interfaces_s__rosidl_typesupport_c.cpython-310-x86_64-linux-gnu.so
[3.609s] -- Installing: /home/arjoe/ros_ws/install/tutorial_interfaces/local/lib/python3.10/dist-packages/tutorial_interfaces/_tutorial_interfaces_s.ep.rosidl_typesupport_c.c
[3.632s] Listing '/home/arjoe/ros_ws/install/tutorial_interfaces/local/lib/python3.10/dist-packages/tutorial_interfaces'...
[3.632s] Compiling '/home/arjoe/ros_ws/install/tutorial_interfaces/local/lib/python3.10/dist-packages/tutorial_interfaces/__init__.py'...
[3.632s] Listing '/home/arjoe/ros_ws/install/tutorial_interfaces/local/lib/python3.10/dist-packages/tutorial_interfaces/msg'...
[3.632s] Compiling '/home/arjoe/ros_ws/install/tutorial_interfaces/local/lib/python3.10/dist-packages/tutorial_interfaces/msg/__init__.py'...
[3.632s] Compiling '/home/arjoe/ros_ws/install/tutorial_interfaces/local/lib/python3.10/dist-packages/tutorial_interfaces/msg/_num.py'...
[3.632s] Compiling '/home/arjoe/ros_ws/install/tutorial_interfaces/local/lib/python3.10/dist-packages/tutorial_interfaces/msg/_sphere.py'...
[3.632s] Listing '/home/arjoe/ros_ws/install/tutorial_interfaces/local/lib/python3.10/dist-packages/tutorial_interfaces/srv'...
[3.632s] Compiling '/home/arjoe/ros_ws/install/tutorial_interfaces/local/lib/python3.10/dist-packages/tutorial_interfaces/srv/__init__.py'...
[3.632s] Compiling '/home/arjoe/ros_ws/install/tutorial_interfaces/local/lib/python3.10/dist-packages/tutorial_interfaces/srv/_add_three_ints.py'...
[3.635s] -- Installing: /home/arjoe/ros_ws/install/tutorial_interfaces/local/lib/python3.10/dist-packages/tutorial_interfaces/tutorial_interfaces_s__rosidl_typesupport_fastrtps_c.cpython-310-x86_64-linux-gnu.so
[3.635s] -- Set runtime path of "/home/arjoe/ros_ws/install/tutorial_interfaces/local/lib/python3.10/dist-packages/tutorial_interfaces/tutorial_interfaces_s__rosidl_typesupport_fastrtps_c.cpython-310-x86_64-linux-gnu.so" to ""
[3.635s] -- Installing: /home/arjoe/ros_ws/install/tutorial_interfaces/local/lib/python3.10/dist-packages/tutorial_interfaces/tutorial_interfaces_s__rosidl_typesupport_introspection_c.cpython-310-x86_64-linux-gnu.so
[3.636s] -- Set runtime path of "/home/arjoe/ros_ws/install/tutorial_interfaces/local/lib/python3.10/dist-packages/tutorial_interfaces/tutorial_interfaces_s__rosidl_typesupport_introspection_c.cpython-310-x86_64-linux-gnu.so" to ""
[3.636s] -- Installing: /home/arjoe/ros_ws/install/tutorial_interfaces/local/lib/python3.10/dist-packages/tutorial_interfaces/tutorial_interfaces_s__rosidl_typesupport_c.cpython-310-x86_64-linux-gnu.so
[3.636s] -- Set runtime path of "/home/arjoe/ros_ws/install/tutorial_interfaces/local/lib/python3.10/dist-packages/tutorial_interfaces/tutorial_interfaces_s__rosidl_typesupport_c.cpython-310-x86_64-linux-gnu.so" to ""
[3.636s] -- Installing: /home/arjoe/ros_ws/install/tutorial_interfaces/lib/libtutorial_interfaces__rosidl_generator_py.so
[3.636s] -- Set runtime path of "/home/arjoe/ros_ws/install/tutorial_interfaces/lib/libtutorial_interfaces__rosidl_generator_py.so" to ""
[3.636s] -- Installing: /home/arjoe/ros_ws/install/tutorial_interfaces/share/tutorial_interfaces/msg/Num.idl
[3.636s] -- Installing: /home/arjoe/ros_ws/install/tutorial_interfaces/share/tutorial_interfaces/msg/Sphere.idl
[3.636s] -- Installing: /home/arjoe/ros_ws/install/tutorial_interfaces/share/tutorial_interfaces/srv/AddThreeInts.idl
[3.636s] -- Installing: /home/arjoe/ros_ws/install/tutorial_interfaces/share/tutorial_interfaces/msg/Num.msg
[3.636s] -- Installing: /home/arjoe/ros_ws/install/tutorial_interfaces/share/tutorial_interfaces/msg/Sphere.msg
[3.636s] -- Installing: /home/arjoe/ros_ws/install/tutorial_interfaces/share/tutorial_interfaces/srv/AddThreeInts.srv
[3.636s] -- Installing: /home/arjoe/ros_ws/install/tutorial_interfaces/share/tutorial_interfaces/srv/AddThreeInts_Request.msg
[3.637s] -- Installing: /home/arjoe/ros_ws/install/tutorial_interfaces/share/tutorial_interfaces/srv/AddThreeInts_Response.msg
[3.637s] -- Installing: /home/arjoe/ros_ws/install/tutorial_interfaces/share/ament_index/resource_index/package_run_dependencies/tutorial_interfaces
[3.637s] -- Installing: /home/arjoe/ros_ws/install/tutorial_interfaces/share/ament_index/resource_index/parent_prefix_path/tutorial_interfaces
[3.637s] -- Installing: /home/arjoe/ros_ws/install/tutorial_interfaces/share/tutorial_interfaces/environment/ament_prefix_path.sh
[3.637s] -- Installing: /home/arjoe/ros_ws/install/tutorial_interfaces/share/tutorial_interfaces/environment/ament_prefix_path.dsv
[3.637s] -- Installing: /home/arjoe/ros_ws/install/tutorial_interfaces/share/tutorial_interfaces/environment/path.sh
[3.637s] -- Installing: /home/arjoe/ros_ws/install/tutorial_interfaces/share/tutorial_interfaces/environment/path.dsv
[3.637s] -- Installing: /home/arjoe/ros_ws/install/tutorial_interfaces/share/tutorial_interfaces/local_setup.bash
[3.637s] -- Installing: /home/arjoe/ros_ws/install/tutorial_interfaces/share/tutorial_interfaces/local_setup.sh
[3.637s] -- Installing: /home/arjoe/ros_ws/install/tutorial_interfaces/share/tutorial_interfaces/local_setup.zsh
[3.637s] -- Installing: /home/arjoe/ros_ws/install/tutorial_interfaces/share/tutorial_interfaces/local_setup.dsv
[3.637s] -- Installing: /home/arjoe/ros_ws/install/tutorial_interfaces/share/tutorial_interfaces/package.dsv
[3.638s] -- Installing: /home/arjoe/ros_ws/install/tutorial_interfaces/share/ament_index/resource_index/packages/tutorial_interfaces
[3.638s] -- Installing: /home/arjoe/ros_ws/install/tutorial_interfaces/share/tutorial_interfaces/cmake/export_tutorial_interfaces__rosidl_generator_cExport.cmake
[3.638s] -- Installing: /home/arjoe/ros_ws/install/tutorial_interfaces/share/tutorial_interfaces/cmake/export_tutorial_interfaces__rosidl_generator_cExport-noconfig.cmake
[3.638s] -- Installing: /home/arjoe/ros_ws/install/tutorial_interfaces/share/tutorial_interfaces/cmake/export_tutorial_interfaces__rosidl_typesupport_fastrtps_cExport.cmake
[3.638s] -- Installing: /home/arjoe/ros_ws/install/tutorial_interfaces/share/tutorial_interfaces/cmake/export_tutorial_interfaces__rosidl_typesupport_fastrtps_cExport-noconfig.cmake
[3.638s] -- Installing: /home/arjoe/ros_ws/install/tutorial_interfaces/share/tutorial_interfaces/cmake/export_tutorial_interfaces__rosidl_generator_cppExport.cmake
[3.638s] -- Installing: /home/arjoe/ros_ws/install/tutorial_interfaces/share/tutorial_interfaces/cmake/export_tutorial_interfaces__rosidl_typesupport_fastrtps_cppExport.cmake
[3.638s] -- Installing: /home/arjoe/ros_ws/install/tutorial_interfaces/share/tutorial_interfaces/cmake/export_tutorial_interfaces__rosidl_typesupport_fastrtps_cppExport-noconfig.cmake
[3.638s] -- Installing: /home/arjoe/ros_ws/install/tutorial_interfaces/share/tutorial_interfaces/cmake/tutorial_interfaces__rosidl_typesupport_introspection_cExport.cmake
[3.638s] -- Installing: /home/arjoe/ros_ws/install/tutorial_interfaces/share/tutorial_interfaces/cmake/tutorial_interfaces__rosidl_typesupport_introspection_cExport-noconfig.cmake
[3.639s] -- Installing: /home/arjoe/ros_ws/install/tutorial_interfaces/share/tutorial_interfaces/cmake/tutorial_interfaces__rosidl_typesupport_cExport.cmake
[3.639s] -- Installing: /home/arjoe/ros_ws/install/tutorial_interfaces/share/tutorial_interfaces/cmake/tutorial_interfaces__rosidl_typesupport_cExport-noconfig.cmake
[3.639s] -- Installing: /home/arjoe/ros_ws/install/tutorial_interfaces/share/tutorial_interfaces/cmake/tutorial_interfaces__rosidl_typesupport_introspection_cppExport.cmake
[3.639s] -- Installing: /home/arjoe/ros_ws/install/tutorial_interfaces/share/tutorial_interfaces/cmake/tutorial_interfaces__rosidl_typesupport_introspection_cppExport-noconfig.cmake
[3.639s] -- Installing: /home/arjoe/ros_ws/install/tutorial_interfaces/share/tutorial_interfaces/cmake/tutorial_interfaces__rosidl_typesupport_cppExport.cmake
[3.639s] -- Installing: /home/arjoe/ros_ws/install/tutorial_interfaces/share/tutorial_interfaces/cmake/tutorial_interfaces__rosidl_typesupport_cppExport-noconfig.cmake
[3.639s] -- Installing: /home/arjoe/ros_ws/install/tutorial_interfaces/share/tutorial_interfaces/cmake/export_tutorial_interfaces__rosidl_generator_pyExport.cmake
[3.639s] -- Installing: /home/arjoe/ros_ws/install/tutorial_interfaces/share/tutorial_interfaces/cmake/export_tutorial_interfaces__rosidl_generator_pyExport-noconfig.cmake
[3.639s] -- Installing: /home/arjoe/ros_ws/install/tutorial_interfaces/share/tutorial_interfaces/cmake/rosidl_cmake-extras.cmake
[3.639s] -- Installing: /home/arjoe/ros_ws/install/tutorial_interfaces/share/tutorial_interfaces/cmake/ament_cmake_export_dependencies-extras.cmake
[3.639s] -- Installing: /home/arjoe/ros_ws/install/tutorial_interfaces/share/tutorial_interfaces/cmake/ament_cmake_export_include_directories-extras.cmake
[3.639s] -- Installing: /home/arjoe/ros_ws/install/tutorial_interfaces/share/tutorial_interfaces/cmake/ament_cmake_export_libraries-extras.cmake
[3.639s] -- Installing: /home/arjoe/ros_ws/install/tutorial_interfaces/share/tutorial_interfaces/cmake/ament_cmake_export_targets-extras.cmake
[3.639s] -- Installing: /home/arjoe/ros_ws/install/tutorial_interfaces/share/tutorial_interfaces/cmake/rosidl_cmake_export_typesupport_targets-extras.cmake
[3.639s] -- Installing: /home/arjoe/ros_ws/install/tutorial_interfaces/share/tutorial_interfaces/cmake/rosidl_cmake_export_typesupport_libraries-extras.cmake
[3.639s] -- Installing: /home/arjoe/ros_ws/install/tutorial_interfaces/share/tutorial_interfaces/cmake/tutorial_interfacesConfig.cmake
[3.640s] -- Installing: /home/arjoe/ros_ws/install/tutorial_interfaces/share/tutorial_interfaces/cmake/tutorial_interfacesConfig-version.cmake
[3.640s] -- Installing: /home/arjoe/ros_ws/install/tutorial_interfaces/share/tutorial_interfaces/package.xml
[3.640s] Invoked command in '/home/arjoe/ros_ws/build/tutorial_interfaces' returned '0': CMAKE_PREFIX_PATH=/home/arjoe/ros_ws/install/py_srvcli:/home/arjoe/erc_ws/install/week1_tutorials:/home/arjoe/erc_ws/install/week0_tutorials:/home/arjoe/erc_ws/install/task1:/home/arjoe/erc_ws/install/sherlock:/home/arjoe/erc_ws/install/mrs_hudson:/home/arjoe/erc_ws/src/week1_tutorials/install/week1_tutorials:/opt/ros/humble /usr/bin/cmake --install /home/arjoe/ros_ws/build/tutorial_interfaces
