[0.394s] Invoking command in '/home/arjoe/ros_ws/src/py_srvcli': PYTHONPATH=/home/arjoe/ros_ws/build/py_srvcli/prefix_override:/home/arjoe/ros_ws/install/py_srvcli/lib/python3.10/site-packages:${PYTHONPATH} /usr/bin/python3 -W ignore:setup.py install is deprecated setup.py egg_info --egg-base ../../build/py_srvcli build --build-base /home/arjoe/ros_ws/build/py_srvcli/build install --record /home/arjoe/ros_ws/build/py_srvcli/install.log --single-version-externally-managed install_data
[0.544s] running egg_info
[0.545s] writing ../../build/py_srvcli/py_srvcli.egg-info/PKG-INFO
[0.545s] writing dependency_links to ../../build/py_srvcli/py_srvcli.egg-info/dependency_links.txt
[0.545s] writing entry points to ../../build/py_srvcli/py_srvcli.egg-info/entry_points.txt
[0.545s] writing requirements to ../../build/py_srvcli/py_srvcli.egg-info/requires.txt
[0.545s] writing top-level names to ../../build/py_srvcli/py_srvcli.egg-info/top_level.txt
[0.546s] reading manifest file '../../build/py_srvcli/py_srvcli.egg-info/SOURCES.txt'
[0.547s] writing manifest file '../../build/py_srvcli/py_srvcli.egg-info/SOURCES.txt'
[0.547s] running build
[0.547s] running build_py
[0.547s] running install
[0.547s] running install_lib
[0.548s] running install_data
[0.548s] running install_egg_info
[0.549s] removing '/home/arjoe/ros_ws/install/py_srvcli/lib/python3.10/site-packages/py_srvcli-0.0.0-py3.10.egg-info' (and everything under it)
[0.549s] Copying ../../build/py_srvcli/py_srvcli.egg-info to /home/arjoe/ros_ws/install/py_srvcli/lib/python3.10/site-packages/py_srvcli-0.0.0-py3.10.egg-info
[0.550s] running install_scripts
[0.564s] Installing aruco_client script to /home/arjoe/ros_ws/install/py_srvcli/lib/py_srvcli
[0.564s] Installing aruco_service script to /home/arjoe/ros_ws/install/py_srvcli/lib/py_srvcli
[0.564s] Installing client script to /home/arjoe/ros_ws/install/py_srvcli/lib/py_srvcli
[0.564s] Installing client3 script to /home/arjoe/ros_ws/install/py_srvcli/lib/py_srvcli
[0.564s] Installing publisher script to /home/arjoe/ros_ws/install/py_srvcli/lib/py_srvcli
[0.564s] Installing server script to /home/arjoe/ros_ws/install/py_srvcli/lib/py_srvcli
[0.564s] Installing server3 script to /home/arjoe/ros_ws/install/py_srvcli/lib/py_srvcli
[0.564s] Installing subscriber script to /home/arjoe/ros_ws/install/py_srvcli/lib/py_srvcli
[0.564s] writing list of installed files to '/home/arjoe/ros_ws/build/py_srvcli/install.log'
[0.581s] Invoked command in '/home/arjoe/ros_ws/src/py_srvcli' returned '0': PYTHONPATH=/home/arjoe/ros_ws/build/py_srvcli/prefix_override:/home/arjoe/ros_ws/install/py_srvcli/lib/python3.10/site-packages:${PYTHONPATH} /usr/bin/python3 -W ignore:setup.py install is deprecated setup.py egg_info --egg-base ../../build/py_srvcli build --build-base /home/arjoe/ros_ws/build/py_srvcli/build install --record /home/arjoe/ros_ws/build/py_srvcli/install.log --single-version-externally-managed install_data
