[0.779s] Invoking command in '/home/arjoe/ros_ws/src/py_srvcli': PYTHONPATH=/home/arjoe/ros_ws/build/py_srvcli/prefix_override:/home/arjoe/ros_ws/install/py_srvcli/lib/python3.10/site-packages:${PYTHONPATH} /usr/bin/python3 -W ignore:setup.py install is deprecated setup.py egg_info --egg-base ../../build/py_srvcli build --build-base /home/arjoe/ros_ws/build/py_srvcli/build install --record /home/arjoe/ros_ws/build/py_srvcli/install.log --single-version-externally-managed install_data
[1.080s] running egg_info
[1.081s] writing ../../build/py_srvcli/py_srvcli.egg-info/PKG-INFO
[1.081s] writing dependency_links to ../../build/py_srvcli/py_srvcli.egg-info/dependency_links.txt
[1.081s] writing entry points to ../../build/py_srvcli/py_srvcli.egg-info/entry_points.txt
[1.081s] writing requirements to ../../build/py_srvcli/py_srvcli.egg-info/requires.txt
[1.081s] writing top-level names to ../../build/py_srvcli/py_srvcli.egg-info/top_level.txt
[1.083s] reading manifest file '../../build/py_srvcli/py_srvcli.egg-info/SOURCES.txt'
[1.085s] writing manifest file '../../build/py_srvcli/py_srvcli.egg-info/SOURCES.txt'
[1.085s] running build
[1.085s] running build_py
[1.085s] copying py_srvcli/aruco_client.py -> /home/arjoe/ros_ws/build/py_srvcli/build/lib/py_srvcli
[1.086s] running install
[1.086s] running install_lib
[1.087s] copying /home/arjoe/ros_ws/build/py_srvcli/build/lib/py_srvcli/aruco_client.py -> /home/arjoe/ros_ws/install/py_srvcli/lib/python3.10/site-packages/py_srvcli
[1.088s] byte-compiling /home/arjoe/ros_ws/install/py_srvcli/lib/python3.10/site-packages/py_srvcli/aruco_client.py to aruco_client.cpython-310.pyc
[1.090s] running install_data
[1.090s] running install_egg_info
[1.092s] removing '/home/arjoe/ros_ws/install/py_srvcli/lib/python3.10/site-packages/py_srvcli-0.0.0-py3.10.egg-info' (and everything under it)
[1.092s] Copying ../../build/py_srvcli/py_srvcli.egg-info to /home/arjoe/ros_ws/install/py_srvcli/lib/python3.10/site-packages/py_srvcli-0.0.0-py3.10.egg-info
[1.093s] running install_scripts
[1.119s] Installing aruco_client script to /home/arjoe/ros_ws/install/py_srvcli/lib/py_srvcli
[1.119s] Installing aruco_service script to /home/arjoe/ros_ws/install/py_srvcli/lib/py_srvcli
[1.119s] Installing client script to /home/arjoe/ros_ws/install/py_srvcli/lib/py_srvcli
[1.119s] Installing client3 script to /home/arjoe/ros_ws/install/py_srvcli/lib/py_srvcli
[1.119s] Installing publisher script to /home/arjoe/ros_ws/install/py_srvcli/lib/py_srvcli
[1.119s] Installing server script to /home/arjoe/ros_ws/install/py_srvcli/lib/py_srvcli
[1.119s] Installing server3 script to /home/arjoe/ros_ws/install/py_srvcli/lib/py_srvcli
[1.119s] Installing subscriber script to /home/arjoe/ros_ws/install/py_srvcli/lib/py_srvcli
[1.120s] writing list of installed files to '/home/arjoe/ros_ws/build/py_srvcli/install.log'
[1.156s] Invoked command in '/home/arjoe/ros_ws/src/py_srvcli' returned '0': PYTHONPATH=/home/arjoe/ros_ws/build/py_srvcli/prefix_override:/home/arjoe/ros_ws/install/py_srvcli/lib/python3.10/site-packages:${PYTHONPATH} /usr/bin/python3 -W ignore:setup.py install is deprecated setup.py egg_info --egg-base ../../build/py_srvcli build --build-base /home/arjoe/ros_ws/build/py_srvcli/build install --record /home/arjoe/ros_ws/build/py_srvcli/install.log --single-version-externally-managed install_data
