running egg_info
writing ../../build/py_srvcli/py_srvcli.egg-info/PKG-INFO
writing dependency_links to ../../build/py_srvcli/py_srvcli.egg-info/dependency_links.txt
writing entry points to ../../build/py_srvcli/py_srvcli.egg-info/entry_points.txt
writing requirements to ../../build/py_srvcli/py_srvcli.egg-info/requires.txt
writing top-level names to ../../build/py_srvcli/py_srvcli.egg-info/top_level.txt
reading manifest file '../../build/py_srvcli/py_srvcli.egg-info/SOURCES.txt'
writing manifest file '../../build/py_srvcli/py_srvcli.egg-info/SOURCES.txt'
running build
running build_py
copying py_srvcli/aruco_client.py -> /home/arjoe/ros_ws/build/py_srvcli/build/lib/py_srvcli
copying py_srvcli/aruco_service.py -> /home/arjoe/ros_ws/build/py_srvcli/build/lib/py_srvcli
copying py_srvcli/image.py -> /home/arjoe/ros_ws/build/py_srvcli/build/lib/py_srvcli
copying py_srvcli/video.py -> /home/arjoe/ros_ws/build/py_srvcli/build/lib/py_srvcli
running install
running install_lib
copying /home/arjoe/ros_ws/build/py_srvcli/build/lib/py_srvcli/aruco_client.py -> /home/arjoe/ros_ws/install/py_srvcli/lib/python3.10/site-packages/py_srvcli
copying /home/arjoe/ros_ws/build/py_srvcli/build/lib/py_srvcli/aruco_service.py -> /home/arjoe/ros_ws/install/py_srvcli/lib/python3.10/site-packages/py_srvcli
copying /home/arjoe/ros_ws/build/py_srvcli/build/lib/py_srvcli/image.py -> /home/arjoe/ros_ws/install/py_srvcli/lib/python3.10/site-packages/py_srvcli
copying /home/arjoe/ros_ws/build/py_srvcli/build/lib/py_srvcli/video.py -> /home/arjoe/ros_ws/install/py_srvcli/lib/python3.10/site-packages/py_srvcli
byte-compiling /home/arjoe/ros_ws/install/py_srvcli/lib/python3.10/site-packages/py_srvcli/aruco_client.py to aruco_client.cpython-310.pyc
byte-compiling /home/arjoe/ros_ws/install/py_srvcli/lib/python3.10/site-packages/py_srvcli/aruco_service.py to aruco_service.cpython-310.pyc
byte-compiling /home/arjoe/ros_ws/install/py_srvcli/lib/python3.10/site-packages/py_srvcli/image.py to image.cpython-310.pyc
byte-compiling /home/arjoe/ros_ws/install/py_srvcli/lib/python3.10/site-packages/py_srvcli/video.py to video.cpython-310.pyc
running install_data
running install_egg_info
removing '/home/arjoe/ros_ws/install/py_srvcli/lib/python3.10/site-packages/py_srvcli-0.0.0-py3.10.egg-info' (and everything under it)
Copying ../../build/py_srvcli/py_srvcli.egg-info to /home/arjoe/ros_ws/install/py_srvcli/lib/python3.10/site-packages/py_srvcli-0.0.0-py3.10.egg-info
running install_scripts
Installing aruco_client script to /home/arjoe/ros_ws/install/py_srvcli/lib/py_srvcli
Installing aruco_service script to /home/arjoe/ros_ws/install/py_srvcli/lib/py_srvcli
Installing client script to /home/arjoe/ros_ws/install/py_srvcli/lib/py_srvcli
Installing client3 script to /home/arjoe/ros_ws/install/py_srvcli/lib/py_srvcli
Installing publisher script to /home/arjoe/ros_ws/install/py_srvcli/lib/py_srvcli
Installing server script to /home/arjoe/ros_ws/install/py_srvcli/lib/py_srvcli
Installing server3 script to /home/arjoe/ros_ws/install/py_srvcli/lib/py_srvcli
Installing subscriber script to /home/arjoe/ros_ws/install/py_srvcli/lib/py_srvcli
writing list of installed files to '/home/arjoe/ros_ws/build/py_srvcli/install.log'
