[0.422s] Invoking command in '/home/arjoe/ros_ws/src/py_srvcli': PYTHONPATH=/home/arjoe/ros_ws/build/py_srvcli/prefix_override:/home/arjoe/ros_ws/install/py_srvcli/lib/python3.10/site-packages:${PYTHONPATH} /usr/bin/python3 -W ignore:setup.py install is deprecated setup.py egg_info --egg-base ../../build/py_srvcli build --build-base /home/arjoe/ros_ws/build/py_srvcli/build install --record /home/arjoe/ros_ws/build/py_srvcli/install.log --single-version-externally-managed install_data
[0.571s] running egg_info
[0.571s] writing ../../build/py_srvcli/py_srvcli.egg-info/PKG-INFO
[0.571s] writing dependency_links to ../../build/py_srvcli/py_srvcli.egg-info/dependency_links.txt
[0.571s] writing entry points to ../../build/py_srvcli/py_srvcli.egg-info/entry_points.txt
[0.571s] writing requirements to ../../build/py_srvcli/py_srvcli.egg-info/requires.txt
[0.571s] writing top-level names to ../../build/py_srvcli/py_srvcli.egg-info/top_level.txt
[0.573s] reading manifest file '../../build/py_srvcli/py_srvcli.egg-info/SOURCES.txt'
[0.591s] writing manifest file '../../build/py_srvcli/py_srvcli.egg-info/SOURCES.txt'
[0.591s] running build
[0.591s] running build_py
[0.591s] copying py_srvcli/aruco_client.py -> /home/arjoe/ros_ws/build/py_srvcli/build/lib/py_srvcli
[0.591s] copying py_srvcli/aruco_service.py -> /home/arjoe/ros_ws/build/py_srvcli/build/lib/py_srvcli
[0.592s] copying py_srvcli/image.py -> /home/arjoe/ros_ws/build/py_srvcli/build/lib/py_srvcli
[0.592s] copying py_srvcli/video.py -> /home/arjoe/ros_ws/build/py_srvcli/build/lib/py_srvcli
[0.592s] running install
[0.592s] running install_lib
[0.593s] copying /home/arjoe/ros_ws/build/py_srvcli/build/lib/py_srvcli/aruco_client.py -> /home/arjoe/ros_ws/install/py_srvcli/lib/python3.10/site-packages/py_srvcli
[0.593s] copying /home/arjoe/ros_ws/build/py_srvcli/build/lib/py_srvcli/aruco_service.py -> /home/arjoe/ros_ws/install/py_srvcli/lib/python3.10/site-packages/py_srvcli
[0.593s] copying /home/arjoe/ros_ws/build/py_srvcli/build/lib/py_srvcli/image.py -> /home/arjoe/ros_ws/install/py_srvcli/lib/python3.10/site-packages/py_srvcli
[0.593s] copying /home/arjoe/ros_ws/build/py_srvcli/build/lib/py_srvcli/video.py -> /home/arjoe/ros_ws/install/py_srvcli/lib/python3.10/site-packages/py_srvcli
[0.594s] byte-compiling /home/arjoe/ros_ws/install/py_srvcli/lib/python3.10/site-packages/py_srvcli/aruco_client.py to aruco_client.cpython-310.pyc
[0.594s] byte-compiling /home/arjoe/ros_ws/install/py_srvcli/lib/python3.10/site-packages/py_srvcli/aruco_service.py to aruco_service.cpython-310.pyc
[0.594s] byte-compiling /home/arjoe/ros_ws/install/py_srvcli/lib/python3.10/site-packages/py_srvcli/image.py to image.cpython-310.pyc
[0.594s] byte-compiling /home/arjoe/ros_ws/install/py_srvcli/lib/python3.10/site-packages/py_srvcli/video.py to video.cpython-310.pyc
[0.595s] running install_data
[0.595s] running install_egg_info
[0.596s] removing '/home/arjoe/ros_ws/install/py_srvcli/lib/python3.10/site-packages/py_srvcli-0.0.0-py3.10.egg-info' (and everything under it)
[0.596s] Copying ../../build/py_srvcli/py_srvcli.egg-info to /home/arjoe/ros_ws/install/py_srvcli/lib/python3.10/site-packages/py_srvcli-0.0.0-py3.10.egg-info
[0.597s] running install_scripts
[0.609s] Installing aruco_client script to /home/arjoe/ros_ws/install/py_srvcli/lib/py_srvcli
[0.609s] Installing aruco_service script to /home/arjoe/ros_ws/install/py_srvcli/lib/py_srvcli
[0.609s] Installing client script to /home/arjoe/ros_ws/install/py_srvcli/lib/py_srvcli
[0.609s] Installing client3 script to /home/arjoe/ros_ws/install/py_srvcli/lib/py_srvcli
[0.610s] Installing publisher script to /home/arjoe/ros_ws/install/py_srvcli/lib/py_srvcli
[0.610s] Installing server script to /home/arjoe/ros_ws/install/py_srvcli/lib/py_srvcli
[0.610s] Installing server3 script to /home/arjoe/ros_ws/install/py_srvcli/lib/py_srvcli
[0.610s] Installing subscriber script to /home/arjoe/ros_ws/install/py_srvcli/lib/py_srvcli
[0.610s] writing list of installed files to '/home/arjoe/ros_ws/build/py_srvcli/install.log'
[0.628s] Invoked command in '/home/arjoe/ros_ws/src/py_srvcli' returned '0': PYTHONPATH=/home/arjoe/ros_ws/build/py_srvcli/prefix_override:/home/arjoe/ros_ws/install/py_srvcli/lib/python3.10/site-packages:${PYTHONPATH} /usr/bin/python3 -W ignore:setup.py install is deprecated setup.py egg_info --egg-base ../../build/py_srvcli build --build-base /home/arjoe/ros_ws/build/py_srvcli/build install --record /home/arjoe/ros_ws/build/py_srvcli/install.log --single-version-externally-managed install_data
