/home/arjoe/ros_ws/install/py_srvcli/lib/python3.10/site-packages/py_srvcli/subscriber.py
/home/arjoe/ros_ws/install/py_srvcli/lib/python3.10/site-packages/py_srvcli/aruco_client.py
/home/arjoe/ros_ws/install/py_srvcli/lib/python3.10/site-packages/py_srvcli/aruco_service.py
/home/arjoe/ros_ws/install/py_srvcli/lib/python3.10/site-packages/py_srvcli/publisher.py
/home/arjoe/ros_ws/install/py_srvcli/lib/python3.10/site-packages/py_srvcli/image.py
/home/arjoe/ros_ws/install/py_srvcli/lib/python3.10/site-packages/py_srvcli/client.py
/home/arjoe/ros_ws/install/py_srvcli/lib/python3.10/site-packages/py_srvcli/__init__.py
/home/arjoe/ros_ws/install/py_srvcli/lib/python3.10/site-packages/py_srvcli/client_three.py
/home/arjoe/ros_ws/install/py_srvcli/lib/python3.10/site-packages/py_srvcli/video.py
/home/arjoe/ros_ws/install/py_srvcli/lib/python3.10/site-packages/py_srvcli/service.py
/home/arjoe/ros_ws/install/py_srvcli/lib/python3.10/site-packages/py_srvcli/server_three.py
/home/arjoe/ros_ws/install/py_srvcli/lib/python3.10/site-packages/py_srvcli/__pycache__/subscriber.cpython-310.pyc
/home/arjoe/ros_ws/install/py_srvcli/lib/python3.10/site-packages/py_srvcli/__pycache__/aruco_client.cpython-310.pyc
/home/arjoe/ros_ws/install/py_srvcli/lib/python3.10/site-packages/py_srvcli/__pycache__/aruco_service.cpython-310.pyc
/home/arjoe/ros_ws/install/py_srvcli/lib/python3.10/site-packages/py_srvcli/__pycache__/publisher.cpython-310.pyc
/home/arjoe/ros_ws/install/py_srvcli/lib/python3.10/site-packages/py_srvcli/__pycache__/image.cpython-310.pyc
/home/arjoe/ros_ws/install/py_srvcli/lib/python3.10/site-packages/py_srvcli/__pycache__/client.cpython-310.pyc
/home/arjoe/ros_ws/install/py_srvcli/lib/python3.10/site-packages/py_srvcli/__pycache__/__init__.cpython-310.pyc
/home/arjoe/ros_ws/install/py_srvcli/lib/python3.10/site-packages/py_srvcli/__pycache__/client_three.cpython-310.pyc
/home/arjoe/ros_ws/install/py_srvcli/lib/python3.10/site-packages/py_srvcli/__pycache__/video.cpython-310.pyc
/home/arjoe/ros_ws/install/py_srvcli/lib/python3.10/site-packages/py_srvcli/__pycache__/service.cpython-310.pyc
/home/arjoe/ros_ws/install/py_srvcli/lib/python3.10/site-packages/py_srvcli/__pycache__/server_three.cpython-310.pyc
/home/arjoe/ros_ws/install/py_srvcli/share/ament_index/resource_index/packages/py_srvcli
/home/arjoe/ros_ws/install/py_srvcli/share/py_srvcli/package.xml
/home/arjoe/ros_ws/install/py_srvcli/lib/python3.10/site-packages/py_srvcli-0.0.0-py3.10.egg-info/zip-safe
/home/arjoe/ros_ws/install/py_srvcli/lib/python3.10/site-packages/py_srvcli-0.0.0-py3.10.egg-info/dependency_links.txt
/home/arjoe/ros_ws/install/py_srvcli/lib/python3.10/site-packages/py_srvcli-0.0.0-py3.10.egg-info/requires.txt
/home/arjoe/ros_ws/install/py_srvcli/lib/python3.10/site-packages/py_srvcli-0.0.0-py3.10.egg-info/entry_points.txt
/home/arjoe/ros_ws/install/py_srvcli/lib/python3.10/site-packages/py_srvcli-0.0.0-py3.10.egg-info/top_level.txt
/home/arjoe/ros_ws/install/py_srvcli/lib/python3.10/site-packages/py_srvcli-0.0.0-py3.10.egg-info/PKG-INFO
/home/arjoe/ros_ws/install/py_srvcli/lib/python3.10/site-packages/py_srvcli-0.0.0-py3.10.egg-info/SOURCES.txt
/home/arjoe/ros_ws/install/py_srvcli/lib/py_srvcli/aruco_client
/home/arjoe/ros_ws/install/py_srvcli/lib/py_srvcli/aruco_service
/home/arjoe/ros_ws/install/py_srvcli/lib/py_srvcli/client
/home/arjoe/ros_ws/install/py_srvcli/lib/py_srvcli/client3
/home/arjoe/ros_ws/install/py_srvcli/lib/py_srvcli/publisher
/home/arjoe/ros_ws/install/py_srvcli/lib/py_srvcli/server
/home/arjoe/ros_ws/install/py_srvcli/lib/py_srvcli/server3
/home/arjoe/ros_ws/install/py_srvcli/lib/py_srvcli/subscriber
