[0.767s] Invoking command in '/home/arjoe/ros_ws/src/py_srvcli': PYTHONPATH=/home/arjoe/ros_ws/build/py_srvcli/prefix_override:/home/arjoe/ros_ws/install/py_srvcli/lib/python3.10/site-packages:${PYTHONPATH} /usr/bin/python3 -W ignore:setup.py install is deprecated setup.py egg_info --egg-base ../../build/py_srvcli build --build-base /home/arjoe/ros_ws/build/py_srvcli/build install --record /home/arjoe/ros_ws/build/py_srvcli/install.log --single-version-externally-managed install_data
[1.061s] running egg_info
[1.061s] writing ../../build/py_srvcli/py_srvcli.egg-info/PKG-INFO
[1.062s] writing dependency_links to ../../build/py_srvcli/py_srvcli.egg-info/dependency_links.txt
[1.062s] writing entry points to ../../build/py_srvcli/py_srvcli.egg-info/entry_points.txt
[1.062s] writing requirements to ../../build/py_srvcli/py_srvcli.egg-info/requires.txt
[1.062s] writing top-level names to ../../build/py_srvcli/py_srvcli.egg-info/top_level.txt
[1.064s] reading manifest file '../../build/py_srvcli/py_srvcli.egg-info/SOURCES.txt'
[1.065s] writing manifest file '../../build/py_srvcli/py_srvcli.egg-info/SOURCES.txt'
[1.065s] running build
[1.065s] running build_py
[1.065s] copying py_srvcli/aruco_client.py -> /home/arjoe/ros_ws/build/py_srvcli/build/lib/py_srvcli
[1.066s] running install
[1.066s] running install_lib
[1.067s] copying /home/arjoe/ros_ws/build/py_srvcli/build/lib/py_srvcli/aruco_client.py -> /home/arjoe/ros_ws/install/py_srvcli/lib/python3.10/site-packages/py_srvcli
[1.068s] byte-compiling /home/arjoe/ros_ws/install/py_srvcli/lib/python3.10/site-packages/py_srvcli/aruco_client.py to aruco_client.cpython-310.pyc
[1.069s] running install_data
[1.070s] running install_egg_info
[1.072s] removing '/home/arjoe/ros_ws/install/py_srvcli/lib/python3.10/site-packages/py_srvcli-0.0.0-py3.10.egg-info' (and everything under it)
[1.073s] Copying ../../build/py_srvcli/py_srvcli.egg-info to /home/arjoe/ros_ws/install/py_srvcli/lib/python3.10/site-packages/py_srvcli-0.0.0-py3.10.egg-info
[1.073s] running install_scripts
[1.100s] Installing aruco_client script to /home/arjoe/ros_ws/install/py_srvcli/lib/py_srvcli
[1.101s] Installing aruco_service script to /home/arjoe/ros_ws/install/py_srvcli/lib/py_srvcli
[1.101s] Installing client script to /home/arjoe/ros_ws/install/py_srvcli/lib/py_srvcli
[1.101s] Installing client3 script to /home/arjoe/ros_ws/install/py_srvcli/lib/py_srvcli
[1.101s] Installing publisher script to /home/arjoe/ros_ws/install/py_srvcli/lib/py_srvcli
[1.101s] Installing server script to /home/arjoe/ros_ws/install/py_srvcli/lib/py_srvcli
[1.101s] Installing server3 script to /home/arjoe/ros_ws/install/py_srvcli/lib/py_srvcli
[1.102s] Installing subscriber script to /home/arjoe/ros_ws/install/py_srvcli/lib/py_srvcli
[1.102s] writing list of installed files to '/home/arjoe/ros_ws/build/py_srvcli/install.log'
[1.136s] Invoked command in '/home/arjoe/ros_ws/src/py_srvcli' returned '0': PYTHONPATH=/home/arjoe/ros_ws/build/py_srvcli/prefix_override:/home/arjoe/ros_ws/install/py_srvcli/lib/python3.10/site-packages:${PYTHONPATH} /usr/bin/python3 -W ignore:setup.py install is deprecated setup.py egg_info --egg-base ../../build/py_srvcli build --build-base /home/arjoe/ros_ws/build/py_srvcli/build install --record /home/arjoe/ros_ws/build/py_srvcli/install.log --single-version-externally-managed install_data
