[0.794s] Invoking command in '/home/arjoe/ros_ws/src/py_srvcli': PYTHONPATH=/home/arjoe/ros_ws/build/py_srvcli/prefix_override:/home/arjoe/ros_ws/install/py_srvcli/lib/python3.10/site-packages:${PYTHONPATH} /usr/bin/python3 -W ignore:setup.py install is deprecated setup.py egg_info --egg-base ../../build/py_srvcli build --build-base /home/arjoe/ros_ws/build/py_srvcli/build install --record /home/arjoe/ros_ws/build/py_srvcli/install.log --single-version-externally-managed install_data
[1.092s] running egg_info
[1.093s] writing ../../build/py_srvcli/py_srvcli.egg-info/PKG-INFO
[1.093s] writing dependency_links to ../../build/py_srvcli/py_srvcli.egg-info/dependency_links.txt
[1.093s] writing entry points to ../../build/py_srvcli/py_srvcli.egg-info/entry_points.txt
[1.093s] writing requirements to ../../build/py_srvcli/py_srvcli.egg-info/requires.txt
[1.093s] writing top-level names to ../../build/py_srvcli/py_srvcli.egg-info/top_level.txt
[1.095s] reading manifest file '../../build/py_srvcli/py_srvcli.egg-info/SOURCES.txt'
[1.096s] writing manifest file '../../build/py_srvcli/py_srvcli.egg-info/SOURCES.txt'
[1.096s] running build
[1.096s] running build_py
[1.097s] running install
[1.097s] running install_lib
[1.099s] running install_data
[1.099s] running install_egg_info
[1.102s] removing '/home/arjoe/ros_ws/install/py_srvcli/lib/python3.10/site-packages/py_srvcli-0.0.0-py3.10.egg-info' (and everything under it)
[1.102s] Copying ../../build/py_srvcli/py_srvcli.egg-info to /home/arjoe/ros_ws/install/py_srvcli/lib/python3.10/site-packages/py_srvcli-0.0.0-py3.10.egg-info
[1.103s] running install_scripts
[1.128s] Installing aruco_client script to /home/arjoe/ros_ws/install/py_srvcli/lib/py_srvcli
[1.128s] Installing aruco_service script to /home/arjoe/ros_ws/install/py_srvcli/lib/py_srvcli
[1.128s] Installing client script to /home/arjoe/ros_ws/install/py_srvcli/lib/py_srvcli
[1.128s] Installing client3 script to /home/arjoe/ros_ws/install/py_srvcli/lib/py_srvcli
[1.128s] Installing publisher script to /home/arjoe/ros_ws/install/py_srvcli/lib/py_srvcli
[1.128s] Installing server script to /home/arjoe/ros_ws/install/py_srvcli/lib/py_srvcli
[1.129s] Installing server3 script to /home/arjoe/ros_ws/install/py_srvcli/lib/py_srvcli
[1.129s] Installing subscriber script to /home/arjoe/ros_ws/install/py_srvcli/lib/py_srvcli
[1.129s] writing list of installed files to '/home/arjoe/ros_ws/build/py_srvcli/install.log'
[1.166s] Invoked command in '/home/arjoe/ros_ws/src/py_srvcli' returned '0': PYTHONPATH=/home/arjoe/ros_ws/build/py_srvcli/prefix_override:/home/arjoe/ros_ws/install/py_srvcli/lib/python3.10/site-packages:${PYTHONPATH} /usr/bin/python3 -W ignore:setup.py install is deprecated setup.py egg_info --egg-base ../../build/py_srvcli build --build-base /home/arjoe/ros_ws/build/py_srvcli/build install --record /home/arjoe/ros_ws/build/py_srvcli/install.log --single-version-externally-managed install_data
