[0.741s] Invoking command in '/home/arjoe/ros_ws/build/py_srvcli': PYTHONPATH=/home/arjoe/ros_ws/build/py_srvcli/prefix_override:/home/arjoe/ros_ws/install/py_srvcli/lib/python3.10/site-packages:${PYTHONPATH} /usr/bin/python3 -W ignore:setup.py install is deprecated setup.py develop --editable --build-directory /home/arjoe/ros_ws/build/py_srvcli/build --no-deps symlink_data --force
[1.067s] running develop
[1.235s] running egg_info
[1.236s] writing py_srvcli.egg-info/PKG-INFO
[1.236s] writing dependency_links to py_srvcli.egg-info/dependency_links.txt
[1.236s] writing entry points to py_srvcli.egg-info/entry_points.txt
[1.236s] writing requirements to py_srvcli.egg-info/requires.txt
[1.236s] writing top-level names to py_srvcli.egg-info/top_level.txt
[1.239s] reading manifest file 'py_srvcli.egg-info/SOURCES.txt'
[1.240s] writing manifest file 'py_srvcli.egg-info/SOURCES.txt'
[1.242s] running build_ext
[1.243s] Creating /home/arjoe/ros_ws/install/py_srvcli/lib/python3.10/site-packages/py-srvcli.egg-link (link to .)
[1.244s] Installing client script to /home/arjoe/ros_ws/install/py_srvcli/lib/py_srvcli
[1.244s] Installing server script to /home/arjoe/ros_ws/install/py_srvcli/lib/py_srvcli
[1.244s] 
[1.244s] Installed /home/arjoe/ros_ws/build/py_srvcli
[1.244s] running symlink_data
[1.245s] symbolically linking /home/arjoe/ros_ws/build/py_srvcli/resource/py_srvcli -> /home/arjoe/ros_ws/install/py_srvcli/share/ament_index/resource_index/packages
[1.245s] symbolically linking /home/arjoe/ros_ws/build/py_srvcli/package.xml -> /home/arjoe/ros_ws/install/py_srvcli/share/py_srvcli
[1.285s] Invoked command in '/home/arjoe/ros_ws/build/py_srvcli' returned '0': PYTHONPATH=/home/arjoe/ros_ws/build/py_srvcli/prefix_override:/home/arjoe/ros_ws/install/py_srvcli/lib/python3.10/site-packages:${PYTHONPATH} /usr/bin/python3 -W ignore:setup.py install is deprecated setup.py develop --editable --build-directory /home/arjoe/ros_ws/build/py_srvcli/build --no-deps symlink_data --force
