[0.756s] Invoking command in '/home/arjoe/ros_ws/build/py_srvcli': PYTHONPATH=/home/arjoe/ros_ws/build/py_srvcli/prefix_override:/home/arjoe/ros_ws/install/py_srvcli/lib/python3.10/site-packages:${PYTHONPATH} /usr/bin/python3 -W ignore:setup.py install is deprecated setup.py develop --uninstall --editable --build-directory /home/arjoe/ros_ws/build/py_srvcli/build
[1.085s] running develop
[1.255s] Removing /home/arjoe/ros_ws/install/py_srvcli/lib/python3.10/site-packages/py-srvcli.egg-link (link to .)
[1.310s] Invoked command in '/home/arjoe/ros_ws/build/py_srvcli' returned '0': PYTHONPATH=/home/arjoe/ros_ws/build/py_srvcli/prefix_override:/home/arjoe/ros_ws/install/py_srvcli/lib/python3.10/site-packages:${PYTHONPATH} /usr/bin/python3 -W ignore:setup.py install is deprecated setup.py develop --uninstall --editable --build-directory /home/arjoe/ros_ws/build/py_srvcli/build
[1.313s] Invoking command in '/home/arjoe/ros_ws/src/py_srvcli': PYTHONPATH=/home/arjoe/ros_ws/build/py_srvcli/prefix_override:/home/arjoe/ros_ws/install/py_srvcli/lib/python3.10/site-packages:${PYTHONPATH} /usr/bin/python3 -W ignore:setup.py install is deprecated setup.py egg_info --egg-base ../../build/py_srvcli build --build-base /home/arjoe/ros_ws/build/py_srvcli/build install --record /home/arjoe/ros_ws/build/py_srvcli/install.log --single-version-externally-managed install_data --force
[1.609s] running egg_info
[1.609s] writing ../../build/py_srvcli/py_srvcli.egg-info/PKG-INFO
[1.610s] writing dependency_links to ../../build/py_srvcli/py_srvcli.egg-info/dependency_links.txt
[1.610s] writing entry points to ../../build/py_srvcli/py_srvcli.egg-info/entry_points.txt
[1.610s] writing requirements to ../../build/py_srvcli/py_srvcli.egg-info/requires.txt
[1.610s] writing top-level names to ../../build/py_srvcli/py_srvcli.egg-info/top_level.txt
[1.612s] reading manifest file '../../build/py_srvcli/py_srvcli.egg-info/SOURCES.txt'
[1.613s] writing manifest file '../../build/py_srvcli/py_srvcli.egg-info/SOURCES.txt'
[1.613s] running build
[1.613s] running build_py
[1.613s] copying py_srvcli/client.py -> /home/arjoe/ros_ws/build/py_srvcli/build/lib/py_srvcli
[1.613s] running install
[1.613s] running install_lib
[1.614s] creating /home/arjoe/ros_ws/install/py_srvcli/lib/python3.10/site-packages/py_srvcli
[1.614s] copying /home/arjoe/ros_ws/build/py_srvcli/build/lib/py_srvcli/client.py -> /home/arjoe/ros_ws/install/py_srvcli/lib/python3.10/site-packages/py_srvcli
[1.614s] copying /home/arjoe/ros_ws/build/py_srvcli/build/lib/py_srvcli/__init__.py -> /home/arjoe/ros_ws/install/py_srvcli/lib/python3.10/site-packages/py_srvcli
[1.615s] copying /home/arjoe/ros_ws/build/py_srvcli/build/lib/py_srvcli/service.py -> /home/arjoe/ros_ws/install/py_srvcli/lib/python3.10/site-packages/py_srvcli
[1.615s] byte-compiling /home/arjoe/ros_ws/install/py_srvcli/lib/python3.10/site-packages/py_srvcli/client.py to client.cpython-310.pyc
[1.616s] byte-compiling /home/arjoe/ros_ws/install/py_srvcli/lib/python3.10/site-packages/py_srvcli/__init__.py to __init__.cpython-310.pyc
[1.616s] byte-compiling /home/arjoe/ros_ws/install/py_srvcli/lib/python3.10/site-packages/py_srvcli/service.py to service.cpython-310.pyc
[1.616s] running install_data
[1.616s] copying resource/py_srvcli -> /home/arjoe/ros_ws/install/py_srvcli/share/ament_index/resource_index/packages
[1.617s] copying package.xml -> /home/arjoe/ros_ws/install/py_srvcli/share/py_srvcli
[1.617s] running install_egg_info
[1.619s] Copying ../../build/py_srvcli/py_srvcli.egg-info to /home/arjoe/ros_ws/install/py_srvcli/lib/python3.10/site-packages/py_srvcli-0.0.0-py3.10.egg-info
[1.620s] running install_scripts
[1.648s] Installing client script to /home/arjoe/ros_ws/install/py_srvcli/lib/py_srvcli
[1.648s] Installing server script to /home/arjoe/ros_ws/install/py_srvcli/lib/py_srvcli
[1.649s] writing list of installed files to '/home/arjoe/ros_ws/build/py_srvcli/install.log'
[1.680s] Invoked command in '/home/arjoe/ros_ws/src/py_srvcli' returned '0': PYTHONPATH=/home/arjoe/ros_ws/build/py_srvcli/prefix_override:/home/arjoe/ros_ws/install/py_srvcli/lib/python3.10/site-packages:${PYTHONPATH} /usr/bin/python3 -W ignore:setup.py install is deprecated setup.py egg_info --egg-base ../../build/py_srvcli build --build-base /home/arjoe/ros_ws/build/py_srvcli/build install --record /home/arjoe/ros_ws/build/py_srvcli/install.log --single-version-externally-managed install_data --force
