[0.375s] Invoking command in '/home/arjoe/ros_ws/src/py_srvcli': PYTHONPATH=/home/arjoe/ros_ws/build/py_srvcli/prefix_override:/home/arjoe/ros_ws/install/py_srvcli/lib/python3.10/site-packages:${PYTHONPATH} /usr/bin/python3 -W ignore:setup.py install is deprecated setup.py egg_info --egg-base ../../build/py_srvcli build --build-base /home/arjoe/ros_ws/build/py_srvcli/build install --record /home/arjoe/ros_ws/build/py_srvcli/install.log --single-version-externally-managed install_data
[0.513s] running egg_info
[0.514s] writing ../../build/py_srvcli/py_srvcli.egg-info/PKG-INFO
[0.515s] writing dependency_links to ../../build/py_srvcli/py_srvcli.egg-info/dependency_links.txt
[0.515s] writing entry points to ../../build/py_srvcli/py_srvcli.egg-info/entry_points.txt
[0.516s] writing requirements to ../../build/py_srvcli/py_srvcli.egg-info/requires.txt
[0.516s] writing top-level names to ../../build/py_srvcli/py_srvcli.egg-info/top_level.txt
[0.516s] reading manifest file '../../build/py_srvcli/py_srvcli.egg-info/SOURCES.txt'
[0.517s] writing manifest file '../../build/py_srvcli/py_srvcli.egg-info/SOURCES.txt'
[0.517s] running build
[0.517s] running build_py
[0.517s] copying py_srvcli/subscriber.py -> /home/arjoe/ros_ws/build/py_srvcli/build/lib/py_srvcli
[0.517s] copying py_srvcli/publisher.py -> /home/arjoe/ros_ws/build/py_srvcli/build/lib/py_srvcli
[0.518s] running install
[0.518s] running install_lib
[0.518s] copying /home/arjoe/ros_ws/build/py_srvcli/build/lib/py_srvcli/subscriber.py -> /home/arjoe/ros_ws/install/py_srvcli/lib/python3.10/site-packages/py_srvcli
[0.518s] copying /home/arjoe/ros_ws/build/py_srvcli/build/lib/py_srvcli/publisher.py -> /home/arjoe/ros_ws/install/py_srvcli/lib/python3.10/site-packages/py_srvcli
[0.519s] byte-compiling /home/arjoe/ros_ws/install/py_srvcli/lib/python3.10/site-packages/py_srvcli/subscriber.py to subscriber.cpython-310.pyc
[0.519s] byte-compiling /home/arjoe/ros_ws/install/py_srvcli/lib/python3.10/site-packages/py_srvcli/publisher.py to publisher.cpython-310.pyc
[0.519s] running install_data
[0.519s] copying package.xml -> /home/arjoe/ros_ws/install/py_srvcli/share/py_srvcli
[0.519s] running install_egg_info
[0.520s] removing '/home/arjoe/ros_ws/install/py_srvcli/lib/python3.10/site-packages/py_srvcli-0.0.0-py3.10.egg-info' (and everything under it)
[0.520s] Copying ../../build/py_srvcli/py_srvcli.egg-info to /home/arjoe/ros_ws/install/py_srvcli/lib/python3.10/site-packages/py_srvcli-0.0.0-py3.10.egg-info
[0.521s] running install_scripts
[0.533s] Installing client script to /home/arjoe/ros_ws/install/py_srvcli/lib/py_srvcli
[0.533s] Installing server script to /home/arjoe/ros_ws/install/py_srvcli/lib/py_srvcli
[0.533s] writing list of installed files to '/home/arjoe/ros_ws/build/py_srvcli/install.log'
[0.550s] Invoked command in '/home/arjoe/ros_ws/src/py_srvcli' returned '0': PYTHONPATH=/home/arjoe/ros_ws/build/py_srvcli/prefix_override:/home/arjoe/ros_ws/install/py_srvcli/lib/python3.10/site-packages:${PYTHONPATH} /usr/bin/python3 -W ignore:setup.py install is deprecated setup.py egg_info --egg-base ../../build/py_srvcli build --build-base /home/arjoe/ros_ws/build/py_srvcli/build install --record /home/arjoe/ros_ws/build/py_srvcli/install.log --single-version-externally-managed install_data
