[0.387s] Invoking command in '/home/arjoe/ros_ws/src/py_srvcli': PYTHONPATH=/home/arjoe/ros_ws/build/py_srvcli/prefix_override:/home/arjoe/ros_ws/install/py_srvcli/lib/python3.10/site-packages:${PYTHONPATH} /usr/bin/python3 -W ignore:setup.py install is deprecated setup.py egg_info --egg-base ../../build/py_srvcli build --build-base /home/arjoe/ros_ws/build/py_srvcli/build install --record /home/arjoe/ros_ws/build/py_srvcli/install.log --single-version-externally-managed install_data
[0.536s] running egg_info
[0.537s] writing ../../build/py_srvcli/py_srvcli.egg-info/PKG-INFO
[0.537s] writing dependency_links to ../../build/py_srvcli/py_srvcli.egg-info/dependency_links.txt
[0.537s] writing entry points to ../../build/py_srvcli/py_srvcli.egg-info/entry_points.txt
[0.537s] writing requirements to ../../build/py_srvcli/py_srvcli.egg-info/requires.txt
[0.537s] writing top-level names to ../../build/py_srvcli/py_srvcli.egg-info/top_level.txt
[0.538s] reading manifest file '../../build/py_srvcli/py_srvcli.egg-info/SOURCES.txt'
[0.538s] writing manifest file '../../build/py_srvcli/py_srvcli.egg-info/SOURCES.txt'
[0.538s] running build
[0.538s] running build_py
[0.538s] copying py_srvcli/aruco_client.py -> /home/arjoe/ros_ws/build/py_srvcli/build/lib/py_srvcli
[0.539s] running install
[0.539s] running install_lib
[0.540s] copying /home/arjoe/ros_ws/build/py_srvcli/build/lib/py_srvcli/aruco_client.py -> /home/arjoe/ros_ws/install/py_srvcli/lib/python3.10/site-packages/py_srvcli
[0.540s] byte-compiling /home/arjoe/ros_ws/install/py_srvcli/lib/python3.10/site-packages/py_srvcli/aruco_client.py to aruco_client.cpython-310.pyc
[0.541s] running install_data
[0.541s] running install_egg_info
[0.542s] removing '/home/arjoe/ros_ws/install/py_srvcli/lib/python3.10/site-packages/py_srvcli-0.0.0-py3.10.egg-info' (and everything under it)
[0.542s] Copying ../../build/py_srvcli/py_srvcli.egg-info to /home/arjoe/ros_ws/install/py_srvcli/lib/python3.10/site-packages/py_srvcli-0.0.0-py3.10.egg-info
[0.542s] running install_scripts
[0.556s] Installing aruco_client script to /home/arjoe/ros_ws/install/py_srvcli/lib/py_srvcli
[0.556s] Installing aruco_service script to /home/arjoe/ros_ws/install/py_srvcli/lib/py_srvcli
[0.556s] Installing client script to /home/arjoe/ros_ws/install/py_srvcli/lib/py_srvcli
[0.556s] Installing client3 script to /home/arjoe/ros_ws/install/py_srvcli/lib/py_srvcli
[0.556s] Installing publisher script to /home/arjoe/ros_ws/install/py_srvcli/lib/py_srvcli
[0.556s] Installing server script to /home/arjoe/ros_ws/install/py_srvcli/lib/py_srvcli
[0.556s] Installing server3 script to /home/arjoe/ros_ws/install/py_srvcli/lib/py_srvcli
[0.556s] Installing subscriber script to /home/arjoe/ros_ws/install/py_srvcli/lib/py_srvcli
[0.556s] writing list of installed files to '/home/arjoe/ros_ws/build/py_srvcli/install.log'
[0.573s] Invoked command in '/home/arjoe/ros_ws/src/py_srvcli' returned '0': PYTHONPATH=/home/arjoe/ros_ws/build/py_srvcli/prefix_override:/home/arjoe/ros_ws/install/py_srvcli/lib/python3.10/site-packages:${PYTHONPATH} /usr/bin/python3 -W ignore:setup.py install is deprecated setup.py egg_info --egg-base ../../build/py_srvcli build --build-base /home/arjoe/ros_ws/build/py_srvcli/build install --record /home/arjoe/ros_ws/build/py_srvcli/install.log --single-version-externally-managed install_data
