running egg_info
creating ../../build/py_srvcli/py_srvcli.egg-info
writing ../../build/py_srvcli/py_srvcli.egg-info/PKG-INFO
writing dependency_links to ../../build/py_srvcli/py_srvcli.egg-info/dependency_links.txt
writing entry points to ../../build/py_srvcli/py_srvcli.egg-info/entry_points.txt
writing requirements to ../../build/py_srvcli/py_srvcli.egg-info/requires.txt
writing top-level names to ../../build/py_srvcli/py_srvcli.egg-info/top_level.txt
writing manifest file '../../build/py_srvcli/py_srvcli.egg-info/SOURCES.txt'
reading manifest file '../../build/py_srvcli/py_srvcli.egg-info/SOURCES.txt'
writing manifest file '../../build/py_srvcli/py_srvcli.egg-info/SOURCES.txt'
running build
running build_py
creating /home/arjoe/ros_ws/build/py_srvcli/build
creating /home/arjoe/ros_ws/build/py_srvcli/build/lib
creating /home/arjoe/ros_ws/build/py_srvcli/build/lib/py_srvcli
copying py_srvcli/subscriber.py -> /home/arjoe/ros_ws/build/py_srvcli/build/lib/py_srvcli
copying py_srvcli/aruco_client.py -> /home/arjoe/ros_ws/build/py_srvcli/build/lib/py_srvcli
copying py_srvcli/aruco_service.py -> /home/arjoe/ros_ws/build/py_srvcli/build/lib/py_srvcli
copying py_srvcli/publisher.py -> /home/arjoe/ros_ws/build/py_srvcli/build/lib/py_srvcli
copying py_srvcli/image.py -> /home/arjoe/ros_ws/build/py_srvcli/build/lib/py_srvcli
copying py_srvcli/client.py -> /home/arjoe/ros_ws/build/py_srvcli/build/lib/py_srvcli
copying py_srvcli/__init__.py -> /home/arjoe/ros_ws/build/py_srvcli/build/lib/py_srvcli
copying py_srvcli/client_three.py -> /home/arjoe/ros_ws/build/py_srvcli/build/lib/py_srvcli
copying py_srvcli/video.py -> /home/arjoe/ros_ws/build/py_srvcli/build/lib/py_srvcli
copying py_srvcli/service.py -> /home/arjoe/ros_ws/build/py_srvcli/build/lib/py_srvcli
copying py_srvcli/server_three.py -> /home/arjoe/ros_ws/build/py_srvcli/build/lib/py_srvcli
running install
running install_lib
creating /home/arjoe/ros_ws/install/py_srvcli/lib/python3.10/site-packages/py_srvcli
copying /home/arjoe/ros_ws/build/py_srvcli/build/lib/py_srvcli/subscriber.py -> /home/arjoe/ros_ws/install/py_srvcli/lib/python3.10/site-packages/py_srvcli
copying /home/arjoe/ros_ws/build/py_srvcli/build/lib/py_srvcli/aruco_client.py -> /home/arjoe/ros_ws/install/py_srvcli/lib/python3.10/site-packages/py_srvcli
copying /home/arjoe/ros_ws/build/py_srvcli/build/lib/py_srvcli/aruco_service.py -> /home/arjoe/ros_ws/install/py_srvcli/lib/python3.10/site-packages/py_srvcli
copying /home/arjoe/ros_ws/build/py_srvcli/build/lib/py_srvcli/publisher.py -> /home/arjoe/ros_ws/install/py_srvcli/lib/python3.10/site-packages/py_srvcli
copying /home/arjoe/ros_ws/build/py_srvcli/build/lib/py_srvcli/image.py -> /home/arjoe/ros_ws/install/py_srvcli/lib/python3.10/site-packages/py_srvcli
copying /home/arjoe/ros_ws/build/py_srvcli/build/lib/py_srvcli/client.py -> /home/arjoe/ros_ws/install/py_srvcli/lib/python3.10/site-packages/py_srvcli
copying /home/arjoe/ros_ws/build/py_srvcli/build/lib/py_srvcli/__init__.py -> /home/arjoe/ros_ws/install/py_srvcli/lib/python3.10/site-packages/py_srvcli
copying /home/arjoe/ros_ws/build/py_srvcli/build/lib/py_srvcli/client_three.py -> /home/arjoe/ros_ws/install/py_srvcli/lib/python3.10/site-packages/py_srvcli
copying /home/arjoe/ros_ws/build/py_srvcli/build/lib/py_srvcli/video.py -> /home/arjoe/ros_ws/install/py_srvcli/lib/python3.10/site-packages/py_srvcli
copying /home/arjoe/ros_ws/build/py_srvcli/build/lib/py_srvcli/service.py -> /home/arjoe/ros_ws/install/py_srvcli/lib/python3.10/site-packages/py_srvcli
copying /home/arjoe/ros_ws/build/py_srvcli/build/lib/py_srvcli/server_three.py -> /home/arjoe/ros_ws/install/py_srvcli/lib/python3.10/site-packages/py_srvcli
byte-compiling /home/arjoe/ros_ws/install/py_srvcli/lib/python3.10/site-packages/py_srvcli/subscriber.py to subscriber.cpython-310.pyc
byte-compiling /home/arjoe/ros_ws/install/py_srvcli/lib/python3.10/site-packages/py_srvcli/aruco_client.py to aruco_client.cpython-310.pyc
byte-compiling /home/arjoe/ros_ws/install/py_srvcli/lib/python3.10/site-packages/py_srvcli/aruco_service.py to aruco_service.cpython-310.pyc
byte-compiling /home/arjoe/ros_ws/install/py_srvcli/lib/python3.10/site-packages/py_srvcli/publisher.py to publisher.cpython-310.pyc
byte-compiling /home/arjoe/ros_ws/install/py_srvcli/lib/python3.10/site-packages/py_srvcli/image.py to image.cpython-310.pyc
byte-compiling /home/arjoe/ros_ws/install/py_srvcli/lib/python3.10/site-packages/py_srvcli/client.py to client.cpython-310.pyc
byte-compiling /home/arjoe/ros_ws/install/py_srvcli/lib/python3.10/site-packages/py_srvcli/__init__.py to __init__.cpython-310.pyc
byte-compiling /home/arjoe/ros_ws/install/py_srvcli/lib/python3.10/site-packages/py_srvcli/client_three.py to client_three.cpython-310.pyc
byte-compiling /home/arjoe/ros_ws/install/py_srvcli/lib/python3.10/site-packages/py_srvcli/video.py to video.cpython-310.pyc
byte-compiling /home/arjoe/ros_ws/install/py_srvcli/lib/python3.10/site-packages/py_srvcli/service.py to service.cpython-310.pyc
byte-compiling /home/arjoe/ros_ws/install/py_srvcli/lib/python3.10/site-packages/py_srvcli/server_three.py to server_three.cpython-310.pyc
running install_data
creating /home/arjoe/ros_ws/install/py_srvcli/share/ament_index
creating /home/arjoe/ros_ws/install/py_srvcli/share/ament_index/resource_index
creating /home/arjoe/ros_ws/install/py_srvcli/share/ament_index/resource_index/packages
copying resource/py_srvcli -> /home/arjoe/ros_ws/install/py_srvcli/share/ament_index/resource_index/packages
copying package.xml -> /home/arjoe/ros_ws/install/py_srvcli/share/py_srvcli
running install_egg_info
Copying ../../build/py_srvcli/py_srvcli.egg-info to /home/arjoe/ros_ws/install/py_srvcli/lib/python3.10/site-packages/py_srvcli-0.0.0-py3.10.egg-info
running install_scripts
Installing aruco_client script to /home/arjoe/ros_ws/install/py_srvcli/lib/py_srvcli
Installing aruco_service script to /home/arjoe/ros_ws/install/py_srvcli/lib/py_srvcli
Installing client script to /home/arjoe/ros_ws/install/py_srvcli/lib/py_srvcli
Installing client3 script to /home/arjoe/ros_ws/install/py_srvcli/lib/py_srvcli
Installing publisher script to /home/arjoe/ros_ws/install/py_srvcli/lib/py_srvcli
Installing server script to /home/arjoe/ros_ws/install/py_srvcli/lib/py_srvcli
Installing server3 script to /home/arjoe/ros_ws/install/py_srvcli/lib/py_srvcli
Installing subscriber script to /home/arjoe/ros_ws/install/py_srvcli/lib/py_srvcli
writing list of installed files to '/home/arjoe/ros_ws/build/py_srvcli/install.log'
