[0.809s] Invoking command in '/home/arjoe/ros_ws/src/py_srvcli': PYTHONPATH=/home/arjoe/ros_ws/build/py_srvcli/prefix_override:/home/arjoe/ros_ws/install/py_srvcli/lib/python3.10/site-packages:${PYTHONPATH} /usr/bin/python3 -W ignore:setup.py install is deprecated setup.py egg_info --egg-base ../../build/py_srvcli build --build-base /home/arjoe/ros_ws/build/py_srvcli/build install --record /home/arjoe/ros_ws/build/py_srvcli/install.log --single-version-externally-managed install_data
[1.116s] running egg_info
[1.116s] creating ../../build/py_srvcli/py_srvcli.egg-info
[1.117s] writing ../../build/py_srvcli/py_srvcli.egg-info/PKG-INFO
[1.117s] writing dependency_links to ../../build/py_srvcli/py_srvcli.egg-info/dependency_links.txt
[1.117s] writing entry points to ../../build/py_srvcli/py_srvcli.egg-info/entry_points.txt
[1.117s] writing requirements to ../../build/py_srvcli/py_srvcli.egg-info/requires.txt
[1.117s] writing top-level names to ../../build/py_srvcli/py_srvcli.egg-info/top_level.txt
[1.117s] writing manifest file '../../build/py_srvcli/py_srvcli.egg-info/SOURCES.txt'
[1.119s] reading manifest file '../../build/py_srvcli/py_srvcli.egg-info/SOURCES.txt'
[1.120s] writing manifest file '../../build/py_srvcli/py_srvcli.egg-info/SOURCES.txt'
[1.120s] running build
[1.120s] running build_py
[1.120s] creating /home/arjoe/ros_ws/build/py_srvcli/build
[1.120s] creating /home/arjoe/ros_ws/build/py_srvcli/build/lib
[1.121s] creating /home/arjoe/ros_ws/build/py_srvcli/build/lib/py_srvcli
[1.121s] copying py_srvcli/subscriber.py -> /home/arjoe/ros_ws/build/py_srvcli/build/lib/py_srvcli
[1.121s] copying py_srvcli/aruco_client.py -> /home/arjoe/ros_ws/build/py_srvcli/build/lib/py_srvcli
[1.121s] copying py_srvcli/aruco_service.py -> /home/arjoe/ros_ws/build/py_srvcli/build/lib/py_srvcli
[1.122s] copying py_srvcli/publisher.py -> /home/arjoe/ros_ws/build/py_srvcli/build/lib/py_srvcli
[1.122s] copying py_srvcli/image.py -> /home/arjoe/ros_ws/build/py_srvcli/build/lib/py_srvcli
[1.122s] copying py_srvcli/client.py -> /home/arjoe/ros_ws/build/py_srvcli/build/lib/py_srvcli
[1.122s] copying py_srvcli/__init__.py -> /home/arjoe/ros_ws/build/py_srvcli/build/lib/py_srvcli
[1.122s] copying py_srvcli/client_three.py -> /home/arjoe/ros_ws/build/py_srvcli/build/lib/py_srvcli
[1.122s] copying py_srvcli/video.py -> /home/arjoe/ros_ws/build/py_srvcli/build/lib/py_srvcli
[1.122s] copying py_srvcli/service.py -> /home/arjoe/ros_ws/build/py_srvcli/build/lib/py_srvcli
[1.122s] copying py_srvcli/server_three.py -> /home/arjoe/ros_ws/build/py_srvcli/build/lib/py_srvcli
[1.122s] running install
[1.123s] running install_lib
[1.124s] creating /home/arjoe/ros_ws/install/py_srvcli/lib/python3.10/site-packages/py_srvcli
[1.124s] copying /home/arjoe/ros_ws/build/py_srvcli/build/lib/py_srvcli/subscriber.py -> /home/arjoe/ros_ws/install/py_srvcli/lib/python3.10/site-packages/py_srvcli
[1.124s] copying /home/arjoe/ros_ws/build/py_srvcli/build/lib/py_srvcli/aruco_client.py -> /home/arjoe/ros_ws/install/py_srvcli/lib/python3.10/site-packages/py_srvcli
[1.124s] copying /home/arjoe/ros_ws/build/py_srvcli/build/lib/py_srvcli/aruco_service.py -> /home/arjoe/ros_ws/install/py_srvcli/lib/python3.10/site-packages/py_srvcli
[1.124s] copying /home/arjoe/ros_ws/build/py_srvcli/build/lib/py_srvcli/publisher.py -> /home/arjoe/ros_ws/install/py_srvcli/lib/python3.10/site-packages/py_srvcli
[1.124s] copying /home/arjoe/ros_ws/build/py_srvcli/build/lib/py_srvcli/image.py -> /home/arjoe/ros_ws/install/py_srvcli/lib/python3.10/site-packages/py_srvcli
[1.125s] copying /home/arjoe/ros_ws/build/py_srvcli/build/lib/py_srvcli/client.py -> /home/arjoe/ros_ws/install/py_srvcli/lib/python3.10/site-packages/py_srvcli
[1.125s] copying /home/arjoe/ros_ws/build/py_srvcli/build/lib/py_srvcli/__init__.py -> /home/arjoe/ros_ws/install/py_srvcli/lib/python3.10/site-packages/py_srvcli
[1.125s] copying /home/arjoe/ros_ws/build/py_srvcli/build/lib/py_srvcli/client_three.py -> /home/arjoe/ros_ws/install/py_srvcli/lib/python3.10/site-packages/py_srvcli
[1.125s] copying /home/arjoe/ros_ws/build/py_srvcli/build/lib/py_srvcli/video.py -> /home/arjoe/ros_ws/install/py_srvcli/lib/python3.10/site-packages/py_srvcli
[1.125s] copying /home/arjoe/ros_ws/build/py_srvcli/build/lib/py_srvcli/service.py -> /home/arjoe/ros_ws/install/py_srvcli/lib/python3.10/site-packages/py_srvcli
[1.125s] copying /home/arjoe/ros_ws/build/py_srvcli/build/lib/py_srvcli/server_three.py -> /home/arjoe/ros_ws/install/py_srvcli/lib/python3.10/site-packages/py_srvcli
[1.126s] byte-compiling /home/arjoe/ros_ws/install/py_srvcli/lib/python3.10/site-packages/py_srvcli/subscriber.py to subscriber.cpython-310.pyc
[1.126s] byte-compiling /home/arjoe/ros_ws/install/py_srvcli/lib/python3.10/site-packages/py_srvcli/aruco_client.py to aruco_client.cpython-310.pyc
[1.127s] byte-compiling /home/arjoe/ros_ws/install/py_srvcli/lib/python3.10/site-packages/py_srvcli/aruco_service.py to aruco_service.cpython-310.pyc
[1.128s] byte-compiling /home/arjoe/ros_ws/install/py_srvcli/lib/python3.10/site-packages/py_srvcli/publisher.py to publisher.cpython-310.pyc
[1.129s] byte-compiling /home/arjoe/ros_ws/install/py_srvcli/lib/python3.10/site-packages/py_srvcli/image.py to image.cpython-310.pyc
[1.130s] byte-compiling /home/arjoe/ros_ws/install/py_srvcli/lib/python3.10/site-packages/py_srvcli/client.py to client.cpython-310.pyc
[1.131s] byte-compiling /home/arjoe/ros_ws/install/py_srvcli/lib/python3.10/site-packages/py_srvcli/__init__.py to __init__.cpython-310.pyc
[1.131s] byte-compiling /home/arjoe/ros_ws/install/py_srvcli/lib/python3.10/site-packages/py_srvcli/client_three.py to client_three.cpython-310.pyc
[1.131s] byte-compiling /home/arjoe/ros_ws/install/py_srvcli/lib/python3.10/site-packages/py_srvcli/video.py to video.cpython-310.pyc
[1.132s] byte-compiling /home/arjoe/ros_ws/install/py_srvcli/lib/python3.10/site-packages/py_srvcli/service.py to service.cpython-310.pyc
[1.133s] byte-compiling /home/arjoe/ros_ws/install/py_srvcli/lib/python3.10/site-packages/py_srvcli/server_three.py to server_three.cpython-310.pyc
[1.134s] running install_data
[1.134s] creating /home/arjoe/ros_ws/install/py_srvcli/share/ament_index
[1.134s] creating /home/arjoe/ros_ws/install/py_srvcli/share/ament_index/resource_index
[1.135s] creating /home/arjoe/ros_ws/install/py_srvcli/share/ament_index/resource_index/packages
[1.135s] copying resource/py_srvcli -> /home/arjoe/ros_ws/install/py_srvcli/share/ament_index/resource_index/packages
[1.135s] copying package.xml -> /home/arjoe/ros_ws/install/py_srvcli/share/py_srvcli
[1.135s] running install_egg_info
[1.137s] Copying ../../build/py_srvcli/py_srvcli.egg-info to /home/arjoe/ros_ws/install/py_srvcli/lib/python3.10/site-packages/py_srvcli-0.0.0-py3.10.egg-info
[1.138s] running install_scripts
[1.170s] Installing aruco_client script to /home/arjoe/ros_ws/install/py_srvcli/lib/py_srvcli
[1.170s] Installing aruco_service script to /home/arjoe/ros_ws/install/py_srvcli/lib/py_srvcli
[1.170s] Installing client script to /home/arjoe/ros_ws/install/py_srvcli/lib/py_srvcli
[1.170s] Installing client3 script to /home/arjoe/ros_ws/install/py_srvcli/lib/py_srvcli
[1.170s] Installing publisher script to /home/arjoe/ros_ws/install/py_srvcli/lib/py_srvcli
[1.170s] Installing server script to /home/arjoe/ros_ws/install/py_srvcli/lib/py_srvcli
[1.171s] Installing server3 script to /home/arjoe/ros_ws/install/py_srvcli/lib/py_srvcli
[1.171s] Installing subscriber script to /home/arjoe/ros_ws/install/py_srvcli/lib/py_srvcli
[1.171s] writing list of installed files to '/home/arjoe/ros_ws/build/py_srvcli/install.log'
[1.204s] Invoked command in '/home/arjoe/ros_ws/src/py_srvcli' returned '0': PYTHONPATH=/home/arjoe/ros_ws/build/py_srvcli/prefix_override:/home/arjoe/ros_ws/install/py_srvcli/lib/python3.10/site-packages:${PYTHONPATH} /usr/bin/python3 -W ignore:setup.py install is deprecated setup.py egg_info --egg-base ../../build/py_srvcli build --build-base /home/arjoe/ros_ws/build/py_srvcli/build install --record /home/arjoe/ros_ws/build/py_srvcli/install.log --single-version-externally-managed install_data
